20:49:39.948 [main                     ] DEBUG Logger               - Configured Logger
20:49:39.986 [main                     ] DEBUG GameApplication      - Logging settings
Title: Untitled
Version: 0.0
Width: 1280
Height: 960
Fullscreen: false
Intro: false
Profiling: false
Single step:false
App Mode: DEVELOPER
Menu Key: ESCAPE
Stage Style: DECORATED
Scene Factory: class com.almasb.fxgl.app.scene.SceneFactory

20:49:40.577 [JavaFX Application Thread] DEBUG FXGLApplication      - Initializing FXGL
20:49:40.588 [JavaFX Application Thread] INFO  Engine               - FXGL-17.2 (20.08.2022 16.50) on WINDOWS (J:17.0.6 FX:17.0.2-ea)
20:49:40.588 [JavaFX Application Thread] DEBUG Engine               - JRE Vendor Name: Oracle Corporation
20:49:40.589 [JavaFX Application Thread] DEBUG Engine               - Running on OS: Windows 10 version 10.0
20:49:40.590 [JavaFX Application Thread] DEBUG Engine               - Architecture: amd64
20:49:40.590 [JavaFX Application Thread] INFO  Engine               - Source code and latest versions at: https://github.com/AlmasB/FXGL
20:49:40.590 [JavaFX Application Thread] INFO  Engine               -       Ask questions and discuss at: https://github.com/AlmasB/FXGL/discussions
20:49:40.590 [JavaFX Application Thread] INFO  Engine               -              Join the FXGL chat at: https://gitter.im/AlmasB/FXGL
20:49:40.798 [JavaFX Application Thread] DEBUG PrimaryStageWindow   - Creating a JavaFX scene
20:49:40.857 [JavaFX Application Thread] DEBUG PrimaryStageWindow   - Target settings size: 1280.0 x 960.0
20:49:40.857 [JavaFX Application Thread] DEBUG PrimaryStageWindow   - Scaled scene size:    1280.0 x 960.0
20:49:40.858 [JavaFX Application Thread] DEBUG PrimaryStageWindow   - Scaled ratio: (1.0, 1.0)
20:49:40.859 [JavaFX Application Thread] DEBUG PrimaryStageWindow   - Set initial scene to FXGLStartupScene
20:49:40.869 [JavaFX Application Thread] DEBUG PrimaryStageWindow   - Opening main window
20:49:40.968 [JavaFX Application Thread] DEBUG PrimaryStageWindow   - Window border size: (16.0, 39.0)
20:49:40.968 [JavaFX Application Thread] DEBUG PrimaryStageWindow   - Scaled size: 1280.0 x 960.0
20:49:40.968 [JavaFX Application Thread] DEBUG PrimaryStageWindow   - Scaled ratio: (1.0, 1.0)
20:49:40.969 [JavaFX Application Thread] DEBUG PrimaryStageWindow   - Scene size: 1280.0 x 960.0
20:49:40.969 [JavaFX Application Thread] DEBUG PrimaryStageWindow   - Stage size: 1296.0 x 999.0
20:49:40.978 [FXGL Background Thread 1 ] DEBUG Engine               - Initializing environment variables
20:49:41.028 [FXGL Background Thread 1 ] DEBUG FXGLAssetLoaderServi - User app class for loading assets: class com.example.otherfxgltest.HelloApplication
20:49:41.028 [FXGL Background Thread 1 ] DEBUG GameApplicationServi - Applying CSS: fxgl_dark.css
20:49:41.029 [FXGL Background Thread 1 ] DEBUG FXGLAssetLoaderServi - Loading from file system: jar:file:/C:/Users/phuon/.m2/repository/com/github/almasb/fxgl/17.2/fxgl-17.2.jar!/fxglassets/ui/css/fxgl_dark.css
20:49:41.090 [FXGL Background Thread 1 ] DEBUG GameApplicationServi - Initializing application scenes
20:49:41.190 [FXGL Background Thread 1 ] DEBUG GameWorld            - Game world initialized
20:49:41.289 [FXGL Background Thread 1 ] DEBUG PhysicsWorld         - Physics world initialized: appHeight=960, physics.ppm=50.0
20:49:41.290 [FXGL Background Thread 1 ] DEBUG PhysicsWorld         - Using strategy: BRUTE_FORCE
20:49:41.299 [FXGL Background Thread 1 ] DEBUG GameScene            - Game scene initialized: 1280x960
20:49:41.320 [FXGL Background Thread 1 ] DEBUG FXGL.DefaultMenu     - createMenuBodyGameMenu()
20:49:41.345 [FXGL Background Thread 1 ] DEBUG FXGL.DefaultMenu     - createOptionsMenu()
20:49:41.362 [FXGL Background Thread 1 ] DEBUG FXGLAssetLoaderServi - Loading from file system: jar:file:/C:/Users/phuon/.m2/repository/com/github/almasb/fxgl/17.2/fxgl-17.2.jar!/fxglassets/textures/particles/smoke.png
20:49:41.517 [FXGL Background Thread 1 ] DEBUG FXGLAssetLoaderServi - Loading from file system: jar:file:/C:/Users/phuon/.m2/repository/com/github/almasb/fxgl/17.2/fxgl-17.2.jar!/fxglassets/textures/particles/trace_horizontal.png
20:49:41.559 [FXGL Background Thread 1 ] DEBUG GameApplicationServi - Application scenes initialized
20:49:41.587 [FXGL Background Thread 1 ] DEBUG SystemBundleService  - Loading FXGL system data
20:49:41.598 [FXGL Background Thread 1 ] DEBUG FileSystemAccess     - Reading from: D:\java\Test\OtherFXGLTest\system\fxgl.bundle
20:49:41.612 [FXGL Background Thread 1 ] DEBUG SystemBundleService  - Bundle FXGL: {}
20:49:41.613 [FXGL Background Thread 1 ] DEBUG UpdaterService       - Checking for updates
20:49:41.625 [FXGL Background Thread 1 ] DEBUG FXGLApplication      - Loading default localization
20:49:41.644 [FXGL Background Thread 4 ] DEBUG FXGLApplication      - Loading fonts
20:49:41.645 [FXGL Background Thread 4 ] DEBUG FXGLAssetLoaderServi - Loading from file system: jar:file:/C:/Users/phuon/.m2/repository/com/github/almasb/fxgl/17.2/fxgl-17.2.jar!/fxglassets/ui/fonts/VarelaRound-Regular.ttf
20:49:41.646 [FXGL Background Thread 1 ] DEBUG FXGLAssetLoaderServi - Loading from file system: jar:file:/C:/Users/phuon/.m2/repository/com/github/almasb/fxgl/17.2/fxgl-17.2.jar!/fxglassets/languages/english.lang
20:49:41.684 [FXGL Background Thread 1 ] INFO  FXGLApplication      - FXGL initialization took: 0.707 sec
20:49:41.698 [JavaFX Application Thread] DEBUG Input                - Registered new binding: action0 - W
20:49:41.698 [JavaFX Application Thread] DEBUG Input                - Registered new binding: action1 - S
20:49:41.699 [JavaFX Application Thread] DEBUG Input                - Registered new binding: action2 - A
20:49:41.699 [JavaFX Application Thread] DEBUG Input                - Registered new binding: action3 - D
20:49:41.702 [JavaFX Application Thread] DEBUG Input                - Registered new binding: action4 - RMB
20:49:41.703 [JavaFX Application Thread] DEBUG Input                - Registered new binding: action5 - LMB
20:49:41.704 [JavaFX Application Thread] DEBUG FXGLAssetLoaderServi - Loading from file system: jar:file:/C:/Users/phuon/.m2/repository/com/github/almasb/fxgl/17.2/fxgl-17.2.jar!/fxglassets/textures/fxgl_icon.png
20:49:41.771 [JavaFX Application Thread] DEBUG FXGLAssetLoaderServi - Loading from file system: jar:file:/C:/Users/phuon/.m2/repository/com/github/almasb/fxgl/17.2/fxgl-17.2.jar!/fxglassets/textures/fxgl_default_cursor.png
20:49:41.776 [JavaFX Application Thread] DEBUG Input                - Registered new binding: Screenshot - CTRL+8
20:49:41.776 [JavaFX Application Thread] DEBUG Input                - Registered new binding: System info dump - CTRL+9
20:49:41.777 [JavaFX Application Thread] DEBUG Input                - Registered new binding: Restart - CTRL+R
20:49:41.778 [JavaFX Application Thread] DEBUG Input                - Registered new binding: Toggle Debug Camera - CTRL+7
20:49:41.782 [JavaFX Application Thread] DEBUG LoopRunner           - Starting loop
20:49:41.782 [JavaFX Application Thread] DEBUG LoopRunner           - Initializing JavaFX AnimationTimerLoop
20:49:41.787 [JavaFX Application Thread] DEBUG GameApplicationServi - Starting new game
20:49:41.790 [JavaFX Application Thread] DEBUG Input                - Clearing active input actions
20:49:41.806 [JavaFX Application Thread] DEBUG GameApplicationServi - Removing overlay from FXGLStartupScene and adding to FXGLLoadingScene
20:49:41.806 [JavaFX Application Thread] DEBUG PrimaryStageWindow   - FXGLStartupScene -> FXGLLoadingScene
20:49:41.806 [JavaFX Application Thread] DEBUG GameApplicationServi - Clearing previous game
20:49:41.807 [JavaFX Application Thread] DEBUG GameScene            - Clearing game scene
20:49:41.807 [JavaFX Application Thread] DEBUG GameWorld            - Clearing game world
20:49:41.807 [JavaFX Application Thread] DEBUG PhysicsWorld         - Clearing physics world
20:49:41.809 [FXGL Background Thread 1 ] DEBUG FXGLApplication      - Initializing game
20:49:41.905 [FXGL Background Thread 1 ] WARN  TMXLevelLoader       - TiledMap generated from 1.0.1. Supported version: 1.9.0. Some features may not be parsed fully.
20:49:41.923 [FXGL Background Thread 1 ] DEBUG TMXLevelLoader       - Parsed TiledMap: file:/D:/java/Test/OtherFXGLTest/target/classes/assets/levels/tmx/map3.tmx
20:49:41.924 [FXGL Background Thread 1 ] DEBUG TMXLevelLoader       - Creating tile layer entities
20:49:41.926 [FXGL Background Thread 1 ] DEBUG TilesetLoader        - Loading view for layer Tile Layer 1
20:49:41.929 [FXGL Background Thread 1 ] DEBUG TilesetLoader        - Created buffer with size 960.0x640.0
20:49:42.026 [FXGL Background Thread 1 ] DEBUG TMXLevelLoader       - Creating object layer entities
20:49:42.064 [FXGL Background Thread 1 ] WARN  TMXLevelLoader       - Parse error
java.lang.IllegalArgumentException: No EntityFactory has a method annotated @Spawns(monster)
	at com.almasb.fxgl.entity.GameWorld.create(GameWorld.kt:413)
	at com.almasb.fxgl.entity.level.tiled.TMXLevelLoader.createObjectLayerEntities(TMXLevelLoader.kt:155)
	at com.almasb.fxgl.entity.level.tiled.TMXLevelLoader.load(TMXLevelLoader.kt:60)
	at com.almasb.fxgl.app.services.FXGLAssetLoaderService.loadLevel(FXGLAssetLoaderService.kt:446)
	at com.example.otherfxgltest.HelloApplication.initGame(HelloApplication.java:57)
	at com.almasb.fxgl.app.FXGLApplication$InitAppTask.initGame(FXGLApplication.kt:339)
	at com.almasb.fxgl.app.FXGLApplication$InitAppTask.call(FXGLApplication.kt:319)
	at com.almasb.fxgl.app.FXGLApplication$InitAppTask.call(FXGLApplication.kt:311)
	at javafx.concurrent.Task$TaskCallable.call(Task.java:1426)
	at java.base/java.util.concurrent.FutureTask.run(FutureTask.java:264)
	at java.base/java.util.concurrent.Executors$RunnableAdapter.call(Executors.java:539)
	at java.base/java.util.concurrent.FutureTask.run(FutureTask.java:264)
	at java.base/java.util.concurrent.ThreadPoolExecutor.runWorker(ThreadPoolExecutor.java:1136)
	at java.base/java.util.concurrent.ThreadPoolExecutor$Worker.run(ThreadPoolExecutor.java:635)
	at java.base/java.lang.Thread.run(Thread.java:833)

20:49:42.076 [JavaFX Application Thread] DEBUG LoopRunner           - Stopping loop
20:49:42.077 [JavaFX Application Thread] FATAL FXGLApplication      - Uncaught Exception:
java.lang.RuntimeException: Initialization failed
	at com.almasb.fxgl.app.FXGLApplication$InitAppTask.failed(FXGLApplication.kt:343)
	at javafx.concurrent.Task.setState(Task.java:710)
	at javafx.concurrent.Task$TaskCallable.lambda$call$2(Task.java:1456)
	at com.sun.javafx.application.PlatformImpl.lambda$runLater$10(PlatformImpl.java:457)
	at java.base/java.security.AccessController.doPrivileged(AccessController.java:399)
	at com.sun.javafx.application.PlatformImpl.lambda$runLater$11(PlatformImpl.java:456)
	at com.sun.glass.ui.InvokeLaterDispatcher$Future.run(InvokeLaterDispatcher.java:96)
	at com.sun.glass.ui.win.WinApplication._runLoop(Native Method)
	at com.sun.glass.ui.win.WinApplication.lambda$runLoop$3(WinApplication.java:184)
	at java.base/java.lang.Thread.run(Thread.java:833)
Caused by: com.almasb.fxgl.entity.level.LevelLoadingException: No EntityFactory has a method annotated @Spawns(monster)
	at com.almasb.fxgl.entity.level.tiled.TMXLevelLoader.load(TMXLevelLoader.kt:78)
	at com.almasb.fxgl.app.services.FXGLAssetLoaderService.loadLevel(FXGLAssetLoaderService.kt:446)
	at com.example.otherfxgltest.HelloApplication.initGame(HelloApplication.java:57)
	at com.almasb.fxgl.app.FXGLApplication$InitAppTask.initGame(FXGLApplication.kt:339)
	at com.almasb.fxgl.app.FXGLApplication$InitAppTask.call(FXGLApplication.kt:319)
	at com.almasb.fxgl.app.FXGLApplication$InitAppTask.call(FXGLApplication.kt:311)
	at javafx.concurrent.Task$TaskCallable.call(Task.java:1426)
	at java.base/java.util.concurrent.FutureTask.run(FutureTask.java:264)
	at java.base/java.util.concurrent.Executors$RunnableAdapter.call(Executors.java:539)
	at java.base/java.util.concurrent.FutureTask.run(FutureTask.java:264)
	at java.base/java.util.concurrent.ThreadPoolExecutor.runWorker(ThreadPoolExecutor.java:1136)
	at java.base/java.util.concurrent.ThreadPoolExecutor$Worker.run(ThreadPoolExecutor.java:635)
	... 1 more
Caused by: java.lang.IllegalArgumentException: No EntityFactory has a method annotated @Spawns(monster)
	at com.almasb.fxgl.entity.GameWorld.create(GameWorld.kt:413)
	at com.almasb.fxgl.entity.level.tiled.TMXLevelLoader.createObjectLayerEntities(TMXLevelLoader.kt:155)
	at com.almasb.fxgl.entity.level.tiled.TMXLevelLoader.load(TMXLevelLoader.kt:60)
	... 12 more

20:49:42.077 [JavaFX Application Thread] FATAL FXGLApplication      - Application will now exit
20:49:42.099 [JavaFX Application Thread] DEBUG PrimaryStageWindow   - Push state: ErrorSubScene
20:49:42.099 [JavaFX Application Thread] DEBUG Input                - Clearing active input actions
20:49:42.106 [JavaFX Application Thread] DEBUG GameApplicationServi - Removing overlay from FXGLLoadingScene and adding to ErrorSubScene
20:49:42.106 [JavaFX Application Thread] DEBUG PrimaryStageWindow   - FXGLLoadingScene -> ErrorSubScene
20:49:42.155 [FXGL Background Thread 4 ] DEBUG FXGLAssetLoaderServi - Loading from file system: jar:file:/C:/Users/phuon/.m2/repository/com/github/almasb/fxgl/17.2/fxgl-17.2.jar!/fxglassets/ui/fonts/Abel-Regular.ttf
20:49:42.159 [FXGL Background Thread 4 ] DEBUG FXGLAssetLoaderServi - Loading from file system: jar:file:/C:/Users/phuon/.m2/repository/com/github/almasb/fxgl/17.2/fxgl-17.2.jar!/fxglassets/ui/fonts/TerminalLandMono-Regular.otf
20:49:42.172 [FXGL Background Thread 4 ] DEBUG FXGLAssetLoaderServi - Loading from file system: jar:file:/C:/Users/phuon/.m2/repository/com/github/almasb/fxgl/17.2/fxgl-17.2.jar!/fxglassets/ui/fonts/Courier-Prime.ttf
20:49:42.380 [JavaFX Application Thread] DEBUG FXGLApplication      - Registering font factories with UI factory
20:49:44.623 [FXGL Background Thread 3 ] DEBUG Engine               - Logging environment variables
20:49:44.624 [FXGL Background Thread 3 ] DEBUG Engine               - achievements: []
20:49:44.624 [FXGL Background Thread 3 ] DEBUG Engine               - actualHeight: 960.0
20:49:44.624 [FXGL Background Thread 3 ] DEBUG Engine               - actualHeightProperty: ReadOnlyDoubleProperty [value: 960.0]
20:49:44.625 [FXGL Background Thread 3 ] DEBUG Engine               - actualWidth: 1280.0
20:49:44.625 [FXGL Background Thread 3 ] DEBUG Engine               - actualWidthProperty: ReadOnlyDoubleProperty [value: 1280.0]
20:49:44.625 [FXGL Background Thread 3 ] DEBUG Engine               - appIcon: fxgl_icon.png
20:49:44.625 [FXGL Background Thread 3 ] DEBUG Engine               - applicationMode: DEVELOPER
20:49:44.625 [FXGL Background Thread 3 ] DEBUG Engine               - cSSList: [fxgl_dark.css]
20:49:44.625 [FXGL Background Thread 3 ] DEBUG Engine               - collisionDetectionStrategy: BRUTE_FORCE
20:49:44.625 [FXGL Background Thread 3 ] DEBUG Engine               - configClass: Optional.empty
20:49:44.626 [FXGL Background Thread 3 ] DEBUG Engine               - credits: []
20:49:44.627 [FXGL Background Thread 3 ] DEBUG Engine               - defaultCursor: CursorInfo(imageName=fxgl_default_cursor.png, hotspotX=7.0, hotspotY=6.0)
20:49:44.627 [FXGL Background Thread 3 ] DEBUG Engine               - devBBoxColorProperty: ObjectProperty [value: 0xff0000ff]
20:49:44.627 [FXGL Background Thread 3 ] DEBUG Engine               - devEnableDebugCameraProperty: BooleanProperty [value: false]
20:49:44.628 [FXGL Background Thread 3 ] DEBUG Engine               - devSensorColorProperty: ObjectProperty [value: 0xffff00ff]
20:49:44.628 [FXGL Background Thread 3 ] DEBUG Engine               - devShowBBoxProperty: BooleanProperty [value: false]
20:49:44.628 [FXGL Background Thread 3 ] DEBUG Engine               - devShowPositionProperty: BooleanProperty [value: false]
20:49:44.628 [FXGL Background Thread 3 ] DEBUG Engine               - enabledMenuItems: []
20:49:44.628 [FXGL Background Thread 3 ] DEBUG Engine               - engineServices: [class com.almasb.fxgl.app.services.FXGLAssetLoaderService, class com.almasb.fxgl.app.FXGLApplication$GameApplicationService, class com.almasb.fxgl.app.services.FXGLDialogService, class com.almasb.fxgl.app.services.IOTaskExecutorService, class com.almasb.fxgl.io.FileSystemService, class com.almasb.fxgl.localization.LocalizationService, class com.almasb.fxgl.app.services.SystemBundleService, class com.almasb.fxgl.profile.SaveLoadService, class com.almasb.fxgl.ui.FXGLUIFactoryServiceProvider, class com.almasb.fxgl.ui.FXGLDialogFactoryServiceProvider, class com.almasb.fxgl.audio.AudioPlayer, class com.almasb.fxgl.notification.impl.NotificationServiceProvider, class com.almasb.fxgl.achievement.AchievementService, class com.almasb.fxgl.cutscene.CutsceneService, class com.almasb.fxgl.minigames.MiniGameService, class com.almasb.fxgl.net.NetService, class com.almasb.fxgl.app.services.UpdaterService, class com.almasb.fxgl.dev.DevService]
20:49:44.628 [FXGL Background Thread 3 ] DEBUG Engine               - fontGame: Abel-Regular.ttf
20:49:44.628 [FXGL Background Thread 3 ] DEBUG Engine               - fontMono: TerminalLandMono-Regular.otf
20:49:44.629 [FXGL Background Thread 3 ] DEBUG Engine               - fontText: Courier-Prime.ttf
20:49:44.629 [FXGL Background Thread 3 ] DEBUG Engine               - fontUI: VarelaRound-Regular.ttf
20:49:44.629 [FXGL Background Thread 3 ] DEBUG Engine               - fullScreen: BooleanProperty [value: false]
20:49:44.629 [FXGL Background Thread 3 ] DEBUG Engine               - gameDifficulty: MEDIUM
20:49:44.629 [FXGL Background Thread 3 ] DEBUG Engine               - gameDifficultyProperty: ObjectProperty [value: MEDIUM]
20:49:44.629 [FXGL Background Thread 3 ] DEBUG Engine               - globalMusicVolume: 0.5
20:49:44.630 [FXGL Background Thread 3 ] DEBUG Engine               - globalMusicVolumeProperty: DoubleProperty [value: 0.5]
20:49:44.630 [FXGL Background Thread 3 ] DEBUG Engine               - globalSoundVolume: 0.5
20:49:44.630 [FXGL Background Thread 3 ] DEBUG Engine               - globalSoundVolumeProperty: DoubleProperty [value: 0.5]
20:49:44.630 [FXGL Background Thread 3 ] DEBUG Engine               - height: 960
20:49:44.630 [FXGL Background Thread 3 ] DEBUG Engine               - is3D: false
20:49:44.630 [FXGL Background Thread 3 ] DEBUG Engine               - isAndroid: false
20:49:44.631 [FXGL Background Thread 3 ] DEBUG Engine               - isBrowser: false
20:49:44.631 [FXGL Background Thread 3 ] DEBUG Engine               - isClickFeedbackEnabled: false
20:49:44.631 [FXGL Background Thread 3 ] DEBUG Engine               - isCloseConfirmation: false
20:49:44.631 [FXGL Background Thread 3 ] DEBUG Engine               - isDesktop: true
20:49:44.631 [FXGL Background Thread 3 ] DEBUG Engine               - isDeveloperMenuEnabled: false
20:49:44.631 [FXGL Background Thread 3 ] DEBUG Engine               - isEmbedded: false
20:49:44.631 [FXGL Background Thread 3 ] DEBUG Engine               - isEntityPreloadEnabled: true
20:49:44.632 [FXGL Background Thread 3 ] DEBUG Engine               - isExperimentalTiledLargeMap: false
20:49:44.632 [FXGL Background Thread 3 ] DEBUG Engine               - isFileSystemWriteAllowed: true
20:49:44.632 [FXGL Background Thread 3 ] DEBUG Engine               - isFullScreenAllowed: false
20:49:44.632 [FXGL Background Thread 3 ] DEBUG Engine               - isFullScreenFromStart: false
20:49:44.633 [FXGL Background Thread 3 ] DEBUG Engine               - isGameMenuEnabled: true
20:49:44.633 [FXGL Background Thread 3 ] DEBUG Engine               - isIOS: false
20:49:44.633 [FXGL Background Thread 3 ] DEBUG Engine               - isIntroEnabled: false
20:49:44.633 [FXGL Background Thread 3 ] DEBUG Engine               - isLinux: false
20:49:44.633 [FXGL Background Thread 3 ] DEBUG Engine               - isMac: false
20:49:44.633 [FXGL Background Thread 3 ] DEBUG Engine               - isMainMenuEnabled: false
20:49:44.634 [FXGL Background Thread 3 ] DEBUG Engine               - isManualResizeEnabled: false
20:49:44.634 [FXGL Background Thread 3 ] DEBUG Engine               - isMobile: false
20:49:44.634 [FXGL Background Thread 3 ] DEBUG Engine               - isNative: false
20:49:44.634 [FXGL Background Thread 3 ] DEBUG Engine               - isPauseMusicWhenMinimized: true
20:49:44.634 [FXGL Background Thread 3 ] DEBUG Engine               - isPreserveResizeRatio: false
20:49:44.635 [FXGL Background Thread 3 ] DEBUG Engine               - isProfilingEnabled: false
20:49:44.635 [FXGL Background Thread 3 ] DEBUG Engine               - isScaleAffectedOnResize: true
20:49:44.635 [FXGL Background Thread 3 ] DEBUG Engine               - isSingleStep: false
20:49:44.635 [FXGL Background Thread 3 ] DEBUG Engine               - isUserProfileEnabled: false
20:49:44.635 [FXGL Background Thread 3 ] DEBUG Engine               - isWindows: true
20:49:44.635 [FXGL Background Thread 3 ] DEBUG Engine               - language: ObjectProperty [value: ENGLISH]
20:49:44.635 [FXGL Background Thread 3 ] DEBUG Engine               - menuKey: ESCAPE
20:49:44.636 [FXGL Background Thread 3 ] DEBUG Engine               - mouseSensitivity: 0.2
20:49:44.636 [FXGL Background Thread 3 ] DEBUG Engine               - notificationViewClass: class com.almasb.fxgl.notification.view.XboxNotificationView
20:49:44.636 [FXGL Background Thread 3 ] DEBUG Engine               - pixelsPerMeter: 50.0
20:49:44.636 [FXGL Background Thread 3 ] DEBUG Engine               - platform: WINDOWS
20:49:44.636 [FXGL Background Thread 3 ] DEBUG Engine               - prefHeightProperty: ReadOnlyDoubleProperty [value: 960.0]
20:49:44.636 [FXGL Background Thread 3 ] DEBUG Engine               - prefWidthProperty: ReadOnlyDoubleProperty [value: 1280.0]
20:49:44.637 [FXGL Background Thread 3 ] DEBUG Engine               - profileDir: profiles/
20:49:44.637 [FXGL Background Thread 3 ] DEBUG Engine               - profileName: StringProperty [value: DEFAULT]
20:49:44.637 [FXGL Background Thread 3 ] DEBUG Engine               - randomSeed: -1
20:49:44.638 [FXGL Background Thread 3 ] DEBUG Engine               - runtimeInfo: RuntimeInfo(platform=WINDOWS, version=17.2, build=20.08.2022 16.50)
20:49:44.638 [FXGL Background Thread 3 ] DEBUG Engine               - saveFileExt: sav
20:49:44.638 [FXGL Background Thread 3 ] DEBUG Engine               - scaledHeightProp$fxgl: DoubleProperty [bound, value: 960.0]
20:49:44.638 [FXGL Background Thread 3 ] DEBUG Engine               - scaledWidthProp$fxgl: DoubleProperty [bound, value: 1280.0]
20:49:44.638 [FXGL Background Thread 3 ] DEBUG Engine               - sceneFactory: com.almasb.fxgl.app.scene.SceneFactory@2c00482
20:49:44.638 [FXGL Background Thread 3 ] DEBUG Engine               - secondsIn24h: 60
20:49:44.639 [FXGL Background Thread 3 ] DEBUG Engine               - soundMenuBack: menu/back.wav
20:49:44.639 [FXGL Background Thread 3 ] DEBUG Engine               - soundMenuPress: menu/press.wav
20:49:44.639 [FXGL Background Thread 3 ] DEBUG Engine               - soundMenuSelect: menu/select.wav
20:49:44.639 [FXGL Background Thread 3 ] DEBUG Engine               - soundNotification: core/notification.wav
20:49:44.639 [FXGL Background Thread 3 ] DEBUG Engine               - stageStyle: DECORATED
20:49:44.639 [FXGL Background Thread 3 ] DEBUG Engine               - supportedLanguages: [ENGLISH, FRENCH, GERMAN, HUNGARIAN, RUSSIAN]
20:49:44.640 [FXGL Background Thread 3 ] DEBUG Engine               - ticksPerSecond: -1
20:49:44.640 [FXGL Background Thread 3 ] DEBUG Engine               - title: Untitled
20:49:44.640 [FXGL Background Thread 3 ] DEBUG Engine               - urlGithub: https://github.com/AlmasB/FXGL
20:49:44.640 [FXGL Background Thread 3 ] DEBUG Engine               - urlLeaderboard: http://fxgl-top.herokuapp.com/
20:49:44.640 [FXGL Background Thread 3 ] DEBUG Engine               - urlPOM: https://raw.githubusercontent.com/AlmasB/FXGL/release/README.md
20:49:44.640 [FXGL Background Thread 3 ] DEBUG Engine               - userAppClass: class com.example.otherfxgltest.HelloApplication
20:49:44.640 [FXGL Background Thread 3 ] DEBUG Engine               - version: 0.0
20:49:44.641 [FXGL Background Thread 3 ] DEBUG Engine               - versionCheckDays: 7
20:49:44.641 [FXGL Background Thread 3 ] DEBUG Engine               - width: 1280
20:49:44.641 [FXGL Background Thread 3 ] DEBUG Engine               - Logging services
20:49:44.641 [FXGL Background Thread 3 ] DEBUG Engine               - class com.almasb.fxgl.app.services.FXGLAssetLoaderService
20:49:44.641 [FXGL Background Thread 3 ] DEBUG Engine               - class com.almasb.fxgl.app.FXGLApplication$GameApplicationService
20:49:44.641 [FXGL Background Thread 3 ] DEBUG Engine               - class com.almasb.fxgl.app.services.FXGLDialogService
20:49:44.641 [FXGL Background Thread 3 ] DEBUG Engine               - class com.almasb.fxgl.app.services.IOTaskExecutorService
20:49:44.641 [FXGL Background Thread 3 ] DEBUG Engine               - class com.almasb.fxgl.io.FileSystemService
20:49:44.642 [FXGL Background Thread 3 ] DEBUG Engine               - class com.almasb.fxgl.localization.LocalizationService
20:49:44.642 [FXGL Background Thread 3 ] DEBUG Engine               - class com.almasb.fxgl.app.services.SystemBundleService
20:49:44.642 [FXGL Background Thread 3 ] DEBUG Engine               - class com.almasb.fxgl.profile.SaveLoadService
20:49:44.642 [FXGL Background Thread 3 ] DEBUG Engine               - class com.almasb.fxgl.ui.FXGLUIFactoryServiceProvider
20:49:44.642 [FXGL Background Thread 3 ] DEBUG Engine               - class com.almasb.fxgl.ui.FXGLDialogFactoryServiceProvider
20:49:44.642 [FXGL Background Thread 3 ] DEBUG Engine               - class com.almasb.fxgl.audio.AudioPlayer
20:49:44.642 [FXGL Background Thread 3 ] DEBUG Engine               - class com.almasb.fxgl.notification.impl.NotificationServiceProvider
20:49:44.642 [FXGL Background Thread 3 ] DEBUG Engine               - class com.almasb.fxgl.achievement.AchievementService
20:49:44.643 [FXGL Background Thread 3 ] DEBUG Engine               - class com.almasb.fxgl.cutscene.CutsceneService
20:49:44.643 [FXGL Background Thread 3 ] DEBUG Engine               - class com.almasb.fxgl.minigames.MiniGameService
20:49:44.643 [FXGL Background Thread 3 ] DEBUG Engine               - class com.almasb.fxgl.net.NetService
20:49:44.643 [FXGL Background Thread 3 ] DEBUG Engine               - class com.almasb.fxgl.app.services.UpdaterService
20:49:44.643 [FXGL Background Thread 3 ] DEBUG Engine               - class com.almasb.fxgl.dev.DevService
20:49:45.738 [JavaFX Application Thread] DEBUG FXGLApplication      - Exiting FXGL
20:49:45.738 [JavaFX Application Thread] DEBUG Async                - Shutting down background threads
20:49:45.738 [JavaFX Application Thread] DEBUG PrimaryStageWindow   - Closing main window
20:49:45.749 [JavaFX Application Thread] DEBUG Logger               - Closing Logger
