20:53:43.231 [main                     ] DEBUG Logger               - Configured Logger
20:53:43.267 [main                     ] DEBUG GameApplication      - Logging settings
Title: Untitled
Version: 0.0
Width: 960
Height: 640
Fullscreen: false
Intro: false
Profiling: false
Single step:false
App Mode: DEVELOPER
Menu Key: ESCAPE
Stage Style: DECORATED
Scene Factory: class com.almasb.fxgl.app.scene.SceneFactory

20:53:43.816 [JavaFX Application Thread] DEBUG FXGLApplication      - Initializing FXGL
20:53:43.824 [JavaFX Application Thread] INFO  Engine               - FXGL-17.2 (20.08.2022 16.50) on WINDOWS (J:17.0.6 FX:17.0.2-ea)
20:53:43.825 [JavaFX Application Thread] DEBUG Engine               - JRE Vendor Name: Oracle Corporation
20:53:43.825 [JavaFX Application Thread] DEBUG Engine               - Running on OS: Windows 10 version 10.0
20:53:43.825 [JavaFX Application Thread] DEBUG Engine               - Architecture: amd64
20:53:43.825 [JavaFX Application Thread] INFO  Engine               - Source code and latest versions at: https://github.com/AlmasB/FXGL
20:53:43.825 [JavaFX Application Thread] INFO  Engine               -       Ask questions and discuss at: https://github.com/AlmasB/FXGL/discussions
20:53:43.826 [JavaFX Application Thread] INFO  Engine               -              Join the FXGL chat at: https://gitter.im/AlmasB/FXGL
20:53:43.972 [JavaFX Application Thread] DEBUG PrimaryStageWindow   - Creating a JavaFX scene
20:53:44.029 [JavaFX Application Thread] DEBUG PrimaryStageWindow   - Target settings size: 960.0 x 640.0
20:53:44.030 [JavaFX Application Thread] DEBUG PrimaryStageWindow   - Scaled scene size:    960.0 x 640.0
20:53:44.030 [JavaFX Application Thread] DEBUG PrimaryStageWindow   - Scaled ratio: (1.0, 1.0)
20:53:44.032 [JavaFX Application Thread] DEBUG PrimaryStageWindow   - Set initial scene to FXGLStartupScene
20:53:44.044 [JavaFX Application Thread] DEBUG PrimaryStageWindow   - Opening main window
20:53:44.143 [JavaFX Application Thread] DEBUG PrimaryStageWindow   - Window border size: (16.0, 39.0)
20:53:44.144 [JavaFX Application Thread] DEBUG PrimaryStageWindow   - Scaled size: 960.0 x 640.0
20:53:44.144 [JavaFX Application Thread] DEBUG PrimaryStageWindow   - Scaled ratio: (1.0, 1.0)
20:53:44.144 [JavaFX Application Thread] DEBUG PrimaryStageWindow   - Scene size: 960.0 x 640.0
20:53:44.145 [JavaFX Application Thread] DEBUG PrimaryStageWindow   - Stage size: 976.0 x 679.0
20:53:44.187 [FXGL Background Thread 1 ] DEBUG Engine               - Initializing environment variables
20:53:44.235 [FXGL Background Thread 1 ] DEBUG FXGLAssetLoaderServi - User app class for loading assets: class com.example.otherfxgltest.HelloApplication
20:53:44.235 [FXGL Background Thread 1 ] DEBUG GameApplicationServi - Applying CSS: fxgl_dark.css
20:53:44.236 [FXGL Background Thread 1 ] DEBUG FXGLAssetLoaderServi - Loading from file system: jar:file:/C:/Users/phuon/.m2/repository/com/github/almasb/fxgl/17.2/fxgl-17.2.jar!/fxglassets/ui/css/fxgl_dark.css
20:53:44.296 [FXGL Background Thread 1 ] DEBUG GameApplicationServi - Initializing application scenes
20:53:44.377 [FXGL Background Thread 1 ] DEBUG GameWorld            - Game world initialized
20:53:44.449 [FXGL Background Thread 1 ] DEBUG PhysicsWorld         - Physics world initialized: appHeight=640, physics.ppm=50.0
20:53:44.450 [FXGL Background Thread 1 ] DEBUG PhysicsWorld         - Using strategy: BRUTE_FORCE
20:53:44.458 [FXGL Background Thread 1 ] DEBUG GameScene            - Game scene initialized: 960x640
20:53:44.477 [FXGL Background Thread 1 ] DEBUG FXGL.DefaultMenu     - createMenuBodyGameMenu()
20:53:44.501 [FXGL Background Thread 1 ] DEBUG FXGL.DefaultMenu     - createOptionsMenu()
20:53:44.516 [FXGL Background Thread 1 ] DEBUG FXGLAssetLoaderServi - Loading from file system: jar:file:/C:/Users/phuon/.m2/repository/com/github/almasb/fxgl/17.2/fxgl-17.2.jar!/fxglassets/textures/particles/smoke.png
20:53:44.634 [FXGL Background Thread 1 ] DEBUG FXGLAssetLoaderServi - Loading from file system: jar:file:/C:/Users/phuon/.m2/repository/com/github/almasb/fxgl/17.2/fxgl-17.2.jar!/fxglassets/textures/particles/trace_horizontal.png
20:53:44.664 [FXGL Background Thread 1 ] DEBUG GameApplicationServi - Application scenes initialized
20:53:44.679 [FXGL Background Thread 1 ] DEBUG SystemBundleService  - Loading FXGL system data
20:53:44.684 [FXGL Background Thread 1 ] DEBUG FileSystemAccess     - Reading from: D:\java\Test\OtherFXGLTest\system\fxgl.bundle
20:53:44.693 [FXGL Background Thread 1 ] DEBUG SystemBundleService  - Bundle FXGL: {}
20:53:44.693 [FXGL Background Thread 1 ] DEBUG UpdaterService       - Checking for updates
20:53:44.699 [FXGL Background Thread 1 ] DEBUG FXGLApplication      - Loading default localization
20:53:44.699 [FXGL Background Thread 1 ] DEBUG FXGLAssetLoaderServi - Loading from file system: jar:file:/C:/Users/phuon/.m2/repository/com/github/almasb/fxgl/17.2/fxgl-17.2.jar!/fxglassets/languages/english.lang
20:53:44.706 [FXGL Background Thread 4 ] DEBUG FXGLApplication      - Loading fonts
20:53:44.707 [FXGL Background Thread 4 ] DEBUG FXGLAssetLoaderServi - Loading from file system: jar:file:/C:/Users/phuon/.m2/repository/com/github/almasb/fxgl/17.2/fxgl-17.2.jar!/fxglassets/ui/fonts/VarelaRound-Regular.ttf
20:53:44.724 [FXGL Background Thread 1 ] INFO  FXGLApplication      - FXGL initialization took: 0.537 sec
20:53:44.735 [JavaFX Application Thread] DEBUG Input                - Registered new binding: action0 - W
20:53:44.736 [JavaFX Application Thread] DEBUG Input                - Registered new binding: action1 - S
20:53:44.736 [JavaFX Application Thread] DEBUG Input                - Registered new binding: action2 - A
20:53:44.744 [JavaFX Application Thread] DEBUG Input                - Registered new binding: action3 - D
20:53:44.746 [JavaFX Application Thread] DEBUG Input                - Registered new binding: action4 - RMB
20:53:44.747 [JavaFX Application Thread] DEBUG Input                - Registered new binding: action5 - LMB
20:53:44.747 [JavaFX Application Thread] DEBUG FXGLAssetLoaderServi - Loading from file system: jar:file:/C:/Users/phuon/.m2/repository/com/github/almasb/fxgl/17.2/fxgl-17.2.jar!/fxglassets/textures/fxgl_icon.png
20:53:44.777 [JavaFX Application Thread] DEBUG FXGLAssetLoaderServi - Loading from file system: jar:file:/C:/Users/phuon/.m2/repository/com/github/almasb/fxgl/17.2/fxgl-17.2.jar!/fxglassets/textures/fxgl_default_cursor.png
20:53:44.779 [JavaFX Application Thread] DEBUG Input                - Registered new binding: Screenshot - CTRL+8
20:53:44.780 [JavaFX Application Thread] DEBUG Input                - Registered new binding: System info dump - CTRL+9
20:53:44.780 [JavaFX Application Thread] DEBUG Input                - Registered new binding: Restart - CTRL+R
20:53:44.782 [JavaFX Application Thread] DEBUG Input                - Registered new binding: Toggle Debug Camera - CTRL+7
20:53:44.786 [JavaFX Application Thread] DEBUG LoopRunner           - Starting loop
20:53:44.787 [JavaFX Application Thread] DEBUG LoopRunner           - Initializing JavaFX AnimationTimerLoop
20:53:44.790 [JavaFX Application Thread] DEBUG GameApplicationServi - Starting new game
20:53:44.791 [JavaFX Application Thread] DEBUG Input                - Clearing active input actions
20:53:44.808 [JavaFX Application Thread] DEBUG GameApplicationServi - Removing overlay from FXGLStartupScene and adding to FXGLLoadingScene
20:53:44.809 [JavaFX Application Thread] DEBUG PrimaryStageWindow   - FXGLStartupScene -> FXGLLoadingScene
20:53:44.809 [JavaFX Application Thread] DEBUG GameApplicationServi - Clearing previous game
20:53:44.809 [JavaFX Application Thread] DEBUG GameScene            - Clearing game scene
20:53:44.809 [JavaFX Application Thread] DEBUG GameWorld            - Clearing game world
20:53:44.809 [JavaFX Application Thread] DEBUG PhysicsWorld         - Clearing physics world
20:53:44.811 [FXGL Background Thread 1 ] DEBUG FXGLApplication      - Initializing game
20:53:44.959 [FXGL Background Thread 1 ] WARN  TMXLevelLoader       - TiledMap generated from 1.0.1. Supported version: 1.9.0. Some features may not be parsed fully.
20:53:45.055 [FXGL Background Thread 1 ] DEBUG TMXLevelLoader       - Parsed TiledMap: file:/D:/java/Test/OtherFXGLTest/target/classes/assets/levels/tmx/map3.tmx
20:53:45.056 [FXGL Background Thread 1 ] DEBUG TMXLevelLoader       - Creating tile layer entities
20:53:45.058 [FXGL Background Thread 1 ] DEBUG TilesetLoader        - Loading view for layer Tile Layer 1
20:53:45.060 [FXGL Background Thread 1 ] DEBUG TilesetLoader        - Created buffer with size 960.0x640.0
20:53:45.111 [FXGL Background Thread 1 ] DEBUG TMXLevelLoader       - Creating object layer entities
20:53:45.156 [FXGL Background Thread 1 ] DEBUG GameWorld            - Clearing removable entities
20:53:45.157 [FXGL Background Thread 1 ] DEBUG GameWorld            - Setting level: com.almasb.fxgl.entity.level.Level@41223cd2
20:53:45.170 [FXGL Background Thread 1 ] DEBUG FXGLAssetLoaderServi - Loading from file system: file:/D:/java/Test/OtherFXGLTest/target/classes/assets/textures/player.png
20:53:45.180 [FXGL Background Thread 1 ] INFO  FXGLApplication      - Game initialization took: 0.368 sec
20:53:45.181 [JavaFX Application Thread] DEBUG Input                - Clearing active input actions
20:53:45.208 [FXGL Background Thread 4 ] DEBUG FXGLAssetLoaderServi - Loading from file system: jar:file:/C:/Users/phuon/.m2/repository/com/github/almasb/fxgl/17.2/fxgl-17.2.jar!/fxglassets/ui/fonts/Abel-Regular.ttf
20:53:45.209 [JavaFX Application Thread] DEBUG GameApplicationServi - Removing overlay from FXGLLoadingScene and adding to GameScene
20:53:45.210 [JavaFX Application Thread] DEBUG PrimaryStageWindow   - FXGLLoadingScene -> GameScene
20:53:45.214 [FXGL Background Thread 4 ] DEBUG FXGLAssetLoaderServi - Loading from file system: jar:file:/C:/Users/phuon/.m2/repository/com/github/almasb/fxgl/17.2/fxgl-17.2.jar!/fxglassets/ui/fonts/TerminalLandMono-Regular.otf
20:53:45.221 [FXGL Background Thread 4 ] DEBUG FXGLAssetLoaderServi - Loading from file system: jar:file:/C:/Users/phuon/.m2/repository/com/github/almasb/fxgl/17.2/fxgl-17.2.jar!/fxglassets/ui/fonts/Courier-Prime.ttf
20:53:45.256 [JavaFX Application Thread] DEBUG FXGLApplication      - Registering font factories with UI factory
20:53:47.697 [FXGL Background Thread 3 ] DEBUG Engine               - Logging environment variables
20:53:47.698 [FXGL Background Thread 3 ] DEBUG Engine               - achievements: []
20:53:47.698 [FXGL Background Thread 3 ] DEBUG Engine               - actualHeight: 640.0
20:53:47.698 [FXGL Background Thread 3 ] DEBUG Engine               - actualHeightProperty: ReadOnlyDoubleProperty [value: 640.0]
20:53:47.699 [FXGL Background Thread 3 ] DEBUG Engine               - actualWidth: 960.0
20:53:47.699 [FXGL Background Thread 3 ] DEBUG Engine               - actualWidthProperty: ReadOnlyDoubleProperty [value: 960.0]
20:53:47.699 [FXGL Background Thread 3 ] DEBUG Engine               - appIcon: fxgl_icon.png
20:53:47.699 [FXGL Background Thread 3 ] DEBUG Engine               - applicationMode: DEVELOPER
20:53:47.699 [FXGL Background Thread 3 ] DEBUG Engine               - cSSList: [fxgl_dark.css]
20:53:47.699 [FXGL Background Thread 3 ] DEBUG Engine               - collisionDetectionStrategy: BRUTE_FORCE
20:53:47.700 [FXGL Background Thread 3 ] DEBUG Engine               - configClass: Optional.empty
20:53:47.700 [FXGL Background Thread 3 ] DEBUG Engine               - credits: []
20:53:47.700 [FXGL Background Thread 3 ] DEBUG Engine               - defaultCursor: CursorInfo(imageName=fxgl_default_cursor.png, hotspotX=7.0, hotspotY=6.0)
20:53:47.701 [FXGL Background Thread 3 ] DEBUG Engine               - devBBoxColorProperty: ObjectProperty [value: 0xff0000ff]
20:53:47.701 [FXGL Background Thread 3 ] DEBUG Engine               - devEnableDebugCameraProperty: BooleanProperty [value: false]
20:53:47.701 [FXGL Background Thread 3 ] DEBUG Engine               - devSensorColorProperty: ObjectProperty [value: 0xffff00ff]
20:53:47.701 [FXGL Background Thread 3 ] DEBUG Engine               - devShowBBoxProperty: BooleanProperty [value: false]
20:53:47.702 [FXGL Background Thread 3 ] DEBUG Engine               - devShowPositionProperty: BooleanProperty [value: false]
20:53:47.702 [FXGL Background Thread 3 ] DEBUG Engine               - enabledMenuItems: []
20:53:47.702 [FXGL Background Thread 3 ] DEBUG Engine               - engineServices: [class com.almasb.fxgl.app.services.FXGLAssetLoaderService, class com.almasb.fxgl.app.FXGLApplication$GameApplicationService, class com.almasb.fxgl.app.services.FXGLDialogService, class com.almasb.fxgl.app.services.IOTaskExecutorService, class com.almasb.fxgl.io.FileSystemService, class com.almasb.fxgl.localization.LocalizationService, class com.almasb.fxgl.app.services.SystemBundleService, class com.almasb.fxgl.profile.SaveLoadService, class com.almasb.fxgl.ui.FXGLUIFactoryServiceProvider, class com.almasb.fxgl.ui.FXGLDialogFactoryServiceProvider, class com.almasb.fxgl.audio.AudioPlayer, class com.almasb.fxgl.notification.impl.NotificationServiceProvider, class com.almasb.fxgl.achievement.AchievementService, class com.almasb.fxgl.cutscene.CutsceneService, class com.almasb.fxgl.minigames.MiniGameService, class com.almasb.fxgl.net.NetService, class com.almasb.fxgl.app.services.UpdaterService, class com.almasb.fxgl.dev.DevService]
20:53:47.702 [FXGL Background Thread 3 ] DEBUG Engine               - fontGame: Abel-Regular.ttf
20:53:47.702 [FXGL Background Thread 3 ] DEBUG Engine               - fontMono: TerminalLandMono-Regular.otf
20:53:47.702 [FXGL Background Thread 3 ] DEBUG Engine               - fontText: Courier-Prime.ttf
20:53:47.702 [FXGL Background Thread 3 ] DEBUG Engine               - fontUI: VarelaRound-Regular.ttf
20:53:47.703 [FXGL Background Thread 3 ] DEBUG Engine               - fullScreen: BooleanProperty [value: false]
20:53:47.703 [FXGL Background Thread 3 ] DEBUG Engine               - gameDifficulty: MEDIUM
20:53:47.703 [FXGL Background Thread 3 ] DEBUG Engine               - gameDifficultyProperty: ObjectProperty [value: MEDIUM]
20:53:47.703 [FXGL Background Thread 3 ] DEBUG Engine               - globalMusicVolume: 0.5
20:53:47.703 [FXGL Background Thread 3 ] DEBUG Engine               - globalMusicVolumeProperty: DoubleProperty [value: 0.5]
20:53:47.704 [FXGL Background Thread 3 ] DEBUG Engine               - globalSoundVolume: 0.5
20:53:47.704 [FXGL Background Thread 3 ] DEBUG Engine               - globalSoundVolumeProperty: DoubleProperty [value: 0.5]
20:53:47.704 [FXGL Background Thread 3 ] DEBUG Engine               - height: 640
20:53:47.704 [FXGL Background Thread 3 ] DEBUG Engine               - is3D: false
20:53:47.704 [FXGL Background Thread 3 ] DEBUG Engine               - isAndroid: false
20:53:47.704 [FXGL Background Thread 3 ] DEBUG Engine               - isBrowser: false
20:53:47.704 [FXGL Background Thread 3 ] DEBUG Engine               - isClickFeedbackEnabled: false
20:53:47.705 [FXGL Background Thread 3 ] DEBUG Engine               - isCloseConfirmation: false
20:53:47.705 [FXGL Background Thread 3 ] DEBUG Engine               - isDesktop: true
20:53:47.705 [FXGL Background Thread 3 ] DEBUG Engine               - isDeveloperMenuEnabled: false
20:53:47.705 [FXGL Background Thread 3 ] DEBUG Engine               - isEmbedded: false
20:53:47.705 [FXGL Background Thread 3 ] DEBUG Engine               - isEntityPreloadEnabled: true
20:53:47.705 [FXGL Background Thread 3 ] DEBUG Engine               - isExperimentalTiledLargeMap: false
20:53:47.706 [FXGL Background Thread 3 ] DEBUG Engine               - isFileSystemWriteAllowed: true
20:53:47.706 [FXGL Background Thread 3 ] DEBUG Engine               - isFullScreenAllowed: false
20:53:47.706 [FXGL Background Thread 3 ] DEBUG Engine               - isFullScreenFromStart: false
20:53:47.706 [FXGL Background Thread 3 ] DEBUG Engine               - isGameMenuEnabled: true
20:53:47.706 [FXGL Background Thread 3 ] DEBUG Engine               - isIOS: false
20:53:47.706 [FXGL Background Thread 3 ] DEBUG Engine               - isIntroEnabled: false
20:53:47.707 [FXGL Background Thread 3 ] DEBUG Engine               - isLinux: false
20:53:47.707 [FXGL Background Thread 3 ] DEBUG Engine               - isMac: false
20:53:47.707 [FXGL Background Thread 3 ] DEBUG Engine               - isMainMenuEnabled: false
20:53:47.707 [FXGL Background Thread 3 ] DEBUG Engine               - isManualResizeEnabled: false
20:53:47.707 [FXGL Background Thread 3 ] DEBUG Engine               - isMobile: false
20:53:47.707 [FXGL Background Thread 3 ] DEBUG Engine               - isNative: false
20:53:47.707 [FXGL Background Thread 3 ] DEBUG Engine               - isPauseMusicWhenMinimized: true
20:53:47.708 [FXGL Background Thread 3 ] DEBUG Engine               - isPreserveResizeRatio: false
20:53:47.708 [FXGL Background Thread 3 ] DEBUG Engine               - isProfilingEnabled: false
20:53:47.708 [FXGL Background Thread 3 ] DEBUG Engine               - isScaleAffectedOnResize: true
20:53:47.708 [FXGL Background Thread 3 ] DEBUG Engine               - isSingleStep: false
20:53:47.708 [FXGL Background Thread 3 ] DEBUG Engine               - isUserProfileEnabled: false
20:53:47.708 [FXGL Background Thread 3 ] DEBUG Engine               - isWindows: true
20:53:47.708 [FXGL Background Thread 3 ] DEBUG Engine               - language: ObjectProperty [value: ENGLISH]
20:53:47.709 [FXGL Background Thread 3 ] DEBUG Engine               - menuKey: ESCAPE
20:53:47.709 [FXGL Background Thread 3 ] DEBUG Engine               - mouseSensitivity: 0.2
20:53:47.709 [FXGL Background Thread 3 ] DEBUG Engine               - notificationViewClass: class com.almasb.fxgl.notification.view.XboxNotificationView
20:53:47.709 [FXGL Background Thread 3 ] DEBUG Engine               - pixelsPerMeter: 50.0
20:53:47.709 [FXGL Background Thread 3 ] DEBUG Engine               - platform: WINDOWS
20:53:47.709 [FXGL Background Thread 3 ] DEBUG Engine               - prefHeightProperty: ReadOnlyDoubleProperty [value: 640.0]
20:53:47.709 [FXGL Background Thread 3 ] DEBUG Engine               - prefWidthProperty: ReadOnlyDoubleProperty [value: 960.0]
20:53:47.710 [FXGL Background Thread 3 ] DEBUG Engine               - profileDir: profiles/
20:53:47.710 [FXGL Background Thread 3 ] DEBUG Engine               - profileName: StringProperty [value: DEFAULT]
20:53:47.710 [FXGL Background Thread 3 ] DEBUG Engine               - randomSeed: -1
20:53:47.711 [FXGL Background Thread 3 ] DEBUG Engine               - runtimeInfo: RuntimeInfo(platform=WINDOWS, version=17.2, build=20.08.2022 16.50)
20:53:47.711 [FXGL Background Thread 3 ] DEBUG Engine               - saveFileExt: sav
20:53:47.711 [FXGL Background Thread 3 ] DEBUG Engine               - scaledHeightProp$fxgl: DoubleProperty [bound, value: 640.0]
20:53:47.711 [FXGL Background Thread 3 ] DEBUG Engine               - scaledWidthProp$fxgl: DoubleProperty [bound, value: 960.0]
20:53:47.711 [FXGL Background Thread 3 ] DEBUG Engine               - sceneFactory: com.almasb.fxgl.app.scene.SceneFactory@1ee8fbef
20:53:47.711 [FXGL Background Thread 3 ] DEBUG Engine               - secondsIn24h: 60
20:53:47.712 [FXGL Background Thread 3 ] DEBUG Engine               - soundMenuBack: menu/back.wav
20:53:47.712 [FXGL Background Thread 3 ] DEBUG Engine               - soundMenuPress: menu/press.wav
20:53:47.712 [FXGL Background Thread 3 ] DEBUG Engine               - soundMenuSelect: menu/select.wav
20:53:47.712 [FXGL Background Thread 3 ] DEBUG Engine               - soundNotification: core/notification.wav
20:53:47.712 [FXGL Background Thread 3 ] DEBUG Engine               - stageStyle: DECORATED
20:53:47.713 [FXGL Background Thread 3 ] DEBUG Engine               - supportedLanguages: [ENGLISH, FRENCH, GERMAN, HUNGARIAN, RUSSIAN]
20:53:47.713 [FXGL Background Thread 3 ] DEBUG Engine               - ticksPerSecond: -1
20:53:47.713 [FXGL Background Thread 3 ] DEBUG Engine               - title: Untitled
20:53:47.713 [FXGL Background Thread 3 ] DEBUG Engine               - urlGithub: https://github.com/AlmasB/FXGL
20:53:47.713 [FXGL Background Thread 3 ] DEBUG Engine               - urlLeaderboard: http://fxgl-top.herokuapp.com/
20:53:47.713 [FXGL Background Thread 3 ] DEBUG Engine               - urlPOM: https://raw.githubusercontent.com/AlmasB/FXGL/release/README.md
20:53:47.714 [FXGL Background Thread 3 ] DEBUG Engine               - userAppClass: class com.example.otherfxgltest.HelloApplication
20:53:47.714 [FXGL Background Thread 3 ] DEBUG Engine               - version: 0.0
20:53:47.714 [FXGL Background Thread 3 ] DEBUG Engine               - versionCheckDays: 7
20:53:47.714 [FXGL Background Thread 3 ] DEBUG Engine               - width: 960
20:53:47.714 [FXGL Background Thread 3 ] DEBUG Engine               - Logging services
20:53:47.714 [FXGL Background Thread 3 ] DEBUG Engine               - class com.almasb.fxgl.app.services.FXGLAssetLoaderService
20:53:47.714 [FXGL Background Thread 3 ] DEBUG Engine               - class com.almasb.fxgl.app.FXGLApplication$GameApplicationService
20:53:47.715 [FXGL Background Thread 3 ] DEBUG Engine               - class com.almasb.fxgl.app.services.FXGLDialogService
20:53:47.715 [FXGL Background Thread 3 ] DEBUG Engine               - class com.almasb.fxgl.app.services.IOTaskExecutorService
20:53:47.715 [FXGL Background Thread 3 ] DEBUG Engine               - class com.almasb.fxgl.io.FileSystemService
20:53:47.715 [FXGL Background Thread 3 ] DEBUG Engine               - class com.almasb.fxgl.localization.LocalizationService
20:53:47.715 [FXGL Background Thread 3 ] DEBUG Engine               - class com.almasb.fxgl.app.services.SystemBundleService
20:53:47.715 [FXGL Background Thread 3 ] DEBUG Engine               - class com.almasb.fxgl.profile.SaveLoadService
20:53:47.715 [FXGL Background Thread 3 ] DEBUG Engine               - class com.almasb.fxgl.ui.FXGLUIFactoryServiceProvider
20:53:47.715 [FXGL Background Thread 3 ] DEBUG Engine               - class com.almasb.fxgl.ui.FXGLDialogFactoryServiceProvider
20:53:47.716 [FXGL Background Thread 3 ] DEBUG Engine               - class com.almasb.fxgl.audio.AudioPlayer
20:53:47.716 [FXGL Background Thread 3 ] DEBUG Engine               - class com.almasb.fxgl.notification.impl.NotificationServiceProvider
20:53:47.716 [FXGL Background Thread 3 ] DEBUG Engine               - class com.almasb.fxgl.achievement.AchievementService
20:53:47.716 [FXGL Background Thread 3 ] DEBUG Engine               - class com.almasb.fxgl.cutscene.CutsceneService
20:53:47.716 [FXGL Background Thread 3 ] DEBUG Engine               - class com.almasb.fxgl.minigames.MiniGameService
20:53:47.716 [FXGL Background Thread 3 ] DEBUG Engine               - class com.almasb.fxgl.net.NetService
20:53:47.716 [FXGL Background Thread 3 ] DEBUG Engine               - class com.almasb.fxgl.app.services.UpdaterService
20:53:47.716 [FXGL Background Thread 3 ] DEBUG Engine               - class com.almasb.fxgl.dev.DevService
20:54:03.865 [JavaFX Application Thread] DEBUG FXGLApplication      - Exiting FXGL
20:54:03.866 [JavaFX Application Thread] DEBUG LoopRunner           - Stopping loop
20:54:03.866 [JavaFX Application Thread] DEBUG SystemBundleService  - Saving FXGL system data
20:54:03.868 [JavaFX Application Thread] DEBUG FileSystemAccess     - Writing to: D:\java\Test\OtherFXGLTest\system\fxgl.bundle
20:54:03.870 [JavaFX Application Thread] DEBUG Async                - Shutting down background threads
20:54:03.870 [JavaFX Application Thread] DEBUG PrimaryStageWindow   - Closing main window
20:54:03.879 [JavaFX Application Thread] DEBUG Logger               - Closing Logger
