20:51:49.862 [main                     ] DEBUG Logger               - Configured Logger
20:51:49.900 [main                     ] DEBUG GameApplication      - Logging settings
Title: Untitled
Version: 0.0
Width: 960
Height: 640
Fullscreen: false
Intro: false
Profiling: false
Single step:false
App Mode: DEVELOPER
Menu Key: ESCAPE
Stage Style: DECORATED
Scene Factory: class com.almasb.fxgl.app.scene.SceneFactory

20:51:50.457 [JavaFX Application Thread] DEBUG FXGLApplication      - Initializing FXGL
20:51:50.464 [JavaFX Application Thread] INFO  Engine               - FXGL-17.2 (20.08.2022 16.50) on WINDOWS (J:17.0.6 FX:17.0.2-ea)
20:51:50.465 [JavaFX Application Thread] DEBUG Engine               - JRE Vendor Name: Oracle Corporation
20:51:50.465 [JavaFX Application Thread] DEBUG Engine               - Running on OS: Windows 10 version 10.0
20:51:50.465 [JavaFX Application Thread] DEBUG Engine               - Architecture: amd64
20:51:50.465 [JavaFX Application Thread] INFO  Engine               - Source code and latest versions at: https://github.com/AlmasB/FXGL
20:51:50.466 [JavaFX Application Thread] INFO  Engine               -       Ask questions and discuss at: https://github.com/AlmasB/FXGL/discussions
20:51:50.466 [JavaFX Application Thread] INFO  Engine               -              Join the FXGL chat at: https://gitter.im/AlmasB/FXGL
20:51:50.618 [JavaFX Application Thread] DEBUG PrimaryStageWindow   - Creating a JavaFX scene
20:51:50.680 [JavaFX Application Thread] DEBUG PrimaryStageWindow   - Target settings size: 960.0 x 640.0
20:51:50.681 [JavaFX Application Thread] DEBUG PrimaryStageWindow   - Scaled scene size:    960.0 x 640.0
20:51:50.681 [JavaFX Application Thread] DEBUG PrimaryStageWindow   - Scaled ratio: (1.0, 1.0)
20:51:50.683 [JavaFX Application Thread] DEBUG PrimaryStageWindow   - Set initial scene to FXGLStartupScene
20:51:50.699 [JavaFX Application Thread] DEBUG PrimaryStageWindow   - Opening main window
20:51:50.801 [JavaFX Application Thread] DEBUG PrimaryStageWindow   - Window border size: (16.0, 39.0)
20:51:50.802 [JavaFX Application Thread] DEBUG PrimaryStageWindow   - Scaled size: 960.0 x 640.0
20:51:50.802 [JavaFX Application Thread] DEBUG PrimaryStageWindow   - Scaled ratio: (1.0, 1.0)
20:51:50.802 [JavaFX Application Thread] DEBUG PrimaryStageWindow   - Scene size: 960.0 x 640.0
20:51:50.803 [JavaFX Application Thread] DEBUG PrimaryStageWindow   - Stage size: 976.0 x 679.0
20:51:50.812 [FXGL Background Thread 1 ] DEBUG Engine               - Initializing environment variables
20:51:50.870 [FXGL Background Thread 1 ] DEBUG FXGLAssetLoaderServi - User app class for loading assets: class com.example.otherfxgltest.HelloApplication
20:51:50.870 [FXGL Background Thread 1 ] DEBUG GameApplicationServi - Applying CSS: fxgl_dark.css
20:51:50.873 [FXGL Background Thread 1 ] DEBUG FXGLAssetLoaderServi - Loading from file system: jar:file:/C:/Users/phuon/.m2/repository/com/github/almasb/fxgl/17.2/fxgl-17.2.jar!/fxglassets/ui/css/fxgl_dark.css
20:51:50.934 [FXGL Background Thread 1 ] DEBUG GameApplicationServi - Initializing application scenes
20:51:51.022 [FXGL Background Thread 1 ] DEBUG GameWorld            - Game world initialized
20:51:51.110 [FXGL Background Thread 1 ] DEBUG PhysicsWorld         - Physics world initialized: appHeight=640, physics.ppm=50.0
20:51:51.110 [FXGL Background Thread 1 ] DEBUG PhysicsWorld         - Using strategy: BRUTE_FORCE
20:51:51.117 [FXGL Background Thread 1 ] DEBUG GameScene            - Game scene initialized: 960x640
20:51:51.137 [FXGL Background Thread 1 ] DEBUG FXGL.DefaultMenu     - createMenuBodyGameMenu()
20:51:51.159 [FXGL Background Thread 1 ] DEBUG FXGL.DefaultMenu     - createOptionsMenu()
20:51:51.173 [FXGL Background Thread 1 ] DEBUG FXGLAssetLoaderServi - Loading from file system: jar:file:/C:/Users/phuon/.m2/repository/com/github/almasb/fxgl/17.2/fxgl-17.2.jar!/fxglassets/textures/particles/smoke.png
20:51:51.303 [FXGL Background Thread 1 ] DEBUG FXGLAssetLoaderServi - Loading from file system: jar:file:/C:/Users/phuon/.m2/repository/com/github/almasb/fxgl/17.2/fxgl-17.2.jar!/fxglassets/textures/particles/trace_horizontal.png
20:51:51.333 [FXGL Background Thread 1 ] DEBUG GameApplicationServi - Application scenes initialized
20:51:51.349 [FXGL Background Thread 1 ] DEBUG SystemBundleService  - Loading FXGL system data
20:51:51.355 [FXGL Background Thread 1 ] DEBUG FileSystemAccess     - Reading from: D:\java\Test\OtherFXGLTest\system\fxgl.bundle
20:51:51.364 [FXGL Background Thread 1 ] DEBUG SystemBundleService  - Bundle FXGL: {}
20:51:51.364 [FXGL Background Thread 1 ] DEBUG UpdaterService       - Checking for updates
20:51:51.370 [FXGL Background Thread 1 ] DEBUG FXGLApplication      - Loading default localization
20:51:51.371 [FXGL Background Thread 1 ] DEBUG FXGLAssetLoaderServi - Loading from file system: jar:file:/C:/Users/phuon/.m2/repository/com/github/almasb/fxgl/17.2/fxgl-17.2.jar!/fxglassets/languages/english.lang
20:51:51.373 [FXGL Background Thread 4 ] DEBUG FXGLApplication      - Loading fonts
20:51:51.374 [FXGL Background Thread 4 ] DEBUG FXGLAssetLoaderServi - Loading from file system: jar:file:/C:/Users/phuon/.m2/repository/com/github/almasb/fxgl/17.2/fxgl-17.2.jar!/fxglassets/ui/fonts/VarelaRound-Regular.ttf
20:51:51.414 [FXGL Background Thread 1 ] INFO  FXGLApplication      - FXGL initialization took: 0.601 sec
20:51:51.427 [JavaFX Application Thread] DEBUG Input                - Registered new binding: action0 - W
20:51:51.428 [JavaFX Application Thread] DEBUG Input                - Registered new binding: action1 - S
20:51:51.429 [JavaFX Application Thread] DEBUG Input                - Registered new binding: action2 - A
20:51:51.429 [JavaFX Application Thread] DEBUG Input                - Registered new binding: action3 - D
20:51:51.431 [JavaFX Application Thread] DEBUG Input                - Registered new binding: action4 - RMB
20:51:51.432 [JavaFX Application Thread] DEBUG Input                - Registered new binding: action5 - LMB
20:51:51.433 [JavaFX Application Thread] DEBUG FXGLAssetLoaderServi - Loading from file system: jar:file:/C:/Users/phuon/.m2/repository/com/github/almasb/fxgl/17.2/fxgl-17.2.jar!/fxglassets/textures/fxgl_icon.png
20:51:51.476 [JavaFX Application Thread] DEBUG FXGLAssetLoaderServi - Loading from file system: jar:file:/C:/Users/phuon/.m2/repository/com/github/almasb/fxgl/17.2/fxgl-17.2.jar!/fxglassets/textures/fxgl_default_cursor.png
20:51:51.480 [JavaFX Application Thread] DEBUG Input                - Registered new binding: Screenshot - CTRL+8
20:51:51.481 [JavaFX Application Thread] DEBUG Input                - Registered new binding: System info dump - CTRL+9
20:51:51.481 [JavaFX Application Thread] DEBUG Input                - Registered new binding: Restart - CTRL+R
20:51:51.484 [JavaFX Application Thread] DEBUG Input                - Registered new binding: Toggle Debug Camera - CTRL+7
20:51:51.488 [JavaFX Application Thread] DEBUG LoopRunner           - Starting loop
20:51:51.488 [JavaFX Application Thread] DEBUG LoopRunner           - Initializing JavaFX AnimationTimerLoop
20:51:51.490 [JavaFX Application Thread] DEBUG GameApplicationServi - Starting new game
20:51:51.491 [JavaFX Application Thread] DEBUG Input                - Clearing active input actions
20:51:51.513 [JavaFX Application Thread] DEBUG GameApplicationServi - Removing overlay from FXGLStartupScene and adding to FXGLLoadingScene
20:51:51.514 [JavaFX Application Thread] DEBUG PrimaryStageWindow   - FXGLStartupScene -> FXGLLoadingScene
20:51:51.514 [JavaFX Application Thread] DEBUG GameApplicationServi - Clearing previous game
20:51:51.514 [JavaFX Application Thread] DEBUG GameScene            - Clearing game scene
20:51:51.515 [JavaFX Application Thread] DEBUG GameWorld            - Clearing game world
20:51:51.515 [JavaFX Application Thread] DEBUG PhysicsWorld         - Clearing physics world
20:51:51.519 [FXGL Background Thread 1 ] DEBUG FXGLApplication      - Initializing game
20:51:51.567 [FXGL Background Thread 1 ] WARN  TMXLevelLoader       - TiledMap generated from 1.0.1. Supported version: 1.9.0. Some features may not be parsed fully.
20:51:51.590 [FXGL Background Thread 1 ] DEBUG TMXLevelLoader       - Parsed TiledMap: file:/D:/java/Test/OtherFXGLTest/target/classes/assets/levels/tmx/map3.tmx
20:51:51.592 [FXGL Background Thread 1 ] DEBUG TMXLevelLoader       - Creating tile layer entities
20:51:51.595 [FXGL Background Thread 1 ] DEBUG TilesetLoader        - Loading view for layer Tile Layer 1
20:51:51.597 [FXGL Background Thread 1 ] DEBUG TilesetLoader        - Created buffer with size 960.0x640.0
20:51:51.722 [FXGL Background Thread 1 ] DEBUG TMXLevelLoader       - Creating object layer entities
20:51:51.793 [FXGL Background Thread 1 ] DEBUG GameWorld            - Clearing removable entities
20:51:51.794 [FXGL Background Thread 1 ] DEBUG GameWorld            - Setting level: com.almasb.fxgl.entity.level.Level@39367ff0
20:51:51.809 [FXGL Background Thread 1 ] DEBUG FXGLAssetLoaderServi - Loading from file system: file:/D:/java/Test/OtherFXGLTest/target/classes/assets/textures/player.png
20:51:51.817 [FXGL Background Thread 1 ] INFO  FXGLApplication      - Game initialization took: 0.298 sec
20:51:51.828 [JavaFX Application Thread] DEBUG Input                - Clearing active input actions
20:51:51.847 [JavaFX Application Thread] DEBUG GameApplicationServi - Removing overlay from FXGLLoadingScene and adding to GameScene
20:51:51.847 [JavaFX Application Thread] DEBUG PrimaryStageWindow   - FXGLLoadingScene -> GameScene
20:51:51.957 [FXGL Background Thread 4 ] DEBUG FXGLAssetLoaderServi - Loading from file system: jar:file:/C:/Users/phuon/.m2/repository/com/github/almasb/fxgl/17.2/fxgl-17.2.jar!/fxglassets/ui/fonts/Abel-Regular.ttf
20:51:51.966 [FXGL Background Thread 4 ] DEBUG FXGLAssetLoaderServi - Loading from file system: jar:file:/C:/Users/phuon/.m2/repository/com/github/almasb/fxgl/17.2/fxgl-17.2.jar!/fxglassets/ui/fonts/TerminalLandMono-Regular.otf
20:51:51.972 [FXGL Background Thread 4 ] DEBUG FXGLAssetLoaderServi - Loading from file system: jar:file:/C:/Users/phuon/.m2/repository/com/github/almasb/fxgl/17.2/fxgl-17.2.jar!/fxglassets/ui/fonts/Courier-Prime.ttf
20:51:51.984 [JavaFX Application Thread] DEBUG FXGLApplication      - Registering font factories with UI factory
20:51:54.369 [FXGL Background Thread 3 ] DEBUG Engine               - Logging environment variables
20:51:54.369 [FXGL Background Thread 3 ] DEBUG Engine               - achievements: []
20:51:54.369 [FXGL Background Thread 3 ] DEBUG Engine               - actualHeight: 640.0
20:51:54.370 [FXGL Background Thread 3 ] DEBUG Engine               - actualHeightProperty: ReadOnlyDoubleProperty [value: 640.0]
20:51:54.370 [FXGL Background Thread 3 ] DEBUG Engine               - actualWidth: 960.0
20:51:54.370 [FXGL Background Thread 3 ] DEBUG Engine               - actualWidthProperty: ReadOnlyDoubleProperty [value: 960.0]
20:51:54.370 [FXGL Background Thread 3 ] DEBUG Engine               - appIcon: fxgl_icon.png
20:51:54.370 [FXGL Background Thread 3 ] DEBUG Engine               - applicationMode: DEVELOPER
20:51:54.370 [FXGL Background Thread 3 ] DEBUG Engine               - cSSList: [fxgl_dark.css]
20:51:54.370 [FXGL Background Thread 3 ] DEBUG Engine               - collisionDetectionStrategy: BRUTE_FORCE
20:51:54.370 [FXGL Background Thread 3 ] DEBUG Engine               - configClass: Optional.empty
20:51:54.370 [FXGL Background Thread 3 ] DEBUG Engine               - credits: []
20:51:54.371 [FXGL Background Thread 3 ] DEBUG Engine               - defaultCursor: CursorInfo(imageName=fxgl_default_cursor.png, hotspotX=7.0, hotspotY=6.0)
20:51:54.371 [FXGL Background Thread 3 ] DEBUG Engine               - devBBoxColorProperty: ObjectProperty [value: 0xff0000ff]
20:51:54.371 [FXGL Background Thread 3 ] DEBUG Engine               - devEnableDebugCameraProperty: BooleanProperty [value: false]
20:51:54.371 [FXGL Background Thread 3 ] DEBUG Engine               - devSensorColorProperty: ObjectProperty [value: 0xffff00ff]
20:51:54.372 [FXGL Background Thread 3 ] DEBUG Engine               - devShowBBoxProperty: BooleanProperty [value: false]
20:51:54.372 [FXGL Background Thread 3 ] DEBUG Engine               - devShowPositionProperty: BooleanProperty [value: false]
20:51:54.372 [FXGL Background Thread 3 ] DEBUG Engine               - enabledMenuItems: []
20:51:54.372 [FXGL Background Thread 3 ] DEBUG Engine               - engineServices: [class com.almasb.fxgl.app.services.FXGLAssetLoaderService, class com.almasb.fxgl.app.FXGLApplication$GameApplicationService, class com.almasb.fxgl.app.services.FXGLDialogService, class com.almasb.fxgl.app.services.IOTaskExecutorService, class com.almasb.fxgl.io.FileSystemService, class com.almasb.fxgl.localization.LocalizationService, class com.almasb.fxgl.app.services.SystemBundleService, class com.almasb.fxgl.profile.SaveLoadService, class com.almasb.fxgl.ui.FXGLUIFactoryServiceProvider, class com.almasb.fxgl.ui.FXGLDialogFactoryServiceProvider, class com.almasb.fxgl.audio.AudioPlayer, class com.almasb.fxgl.notification.impl.NotificationServiceProvider, class com.almasb.fxgl.achievement.AchievementService, class com.almasb.fxgl.cutscene.CutsceneService, class com.almasb.fxgl.minigames.MiniGameService, class com.almasb.fxgl.net.NetService, class com.almasb.fxgl.app.services.UpdaterService, class com.almasb.fxgl.dev.DevService]
20:51:54.372 [FXGL Background Thread 3 ] DEBUG Engine               - fontGame: Abel-Regular.ttf
20:51:54.372 [FXGL Background Thread 3 ] DEBUG Engine               - fontMono: TerminalLandMono-Regular.otf
20:51:54.372 [FXGL Background Thread 3 ] DEBUG Engine               - fontText: Courier-Prime.ttf
20:51:54.372 [FXGL Background Thread 3 ] DEBUG Engine               - fontUI: VarelaRound-Regular.ttf
20:51:54.372 [FXGL Background Thread 3 ] DEBUG Engine               - fullScreen: BooleanProperty [value: false]
20:51:54.372 [FXGL Background Thread 3 ] DEBUG Engine               - gameDifficulty: MEDIUM
20:51:54.372 [FXGL Background Thread 3 ] DEBUG Engine               - gameDifficultyProperty: ObjectProperty [value: MEDIUM]
20:51:54.373 [FXGL Background Thread 3 ] DEBUG Engine               - globalMusicVolume: 0.5
20:51:54.373 [FXGL Background Thread 3 ] DEBUG Engine               - globalMusicVolumeProperty: DoubleProperty [value: 0.5]
20:51:54.373 [FXGL Background Thread 3 ] DEBUG Engine               - globalSoundVolume: 0.5
20:51:54.373 [FXGL Background Thread 3 ] DEBUG Engine               - globalSoundVolumeProperty: DoubleProperty [value: 0.5]
20:51:54.373 [FXGL Background Thread 3 ] DEBUG Engine               - height: 640
20:51:54.373 [FXGL Background Thread 3 ] DEBUG Engine               - is3D: false
20:51:54.373 [FXGL Background Thread 3 ] DEBUG Engine               - isAndroid: false
20:51:54.373 [FXGL Background Thread 3 ] DEBUG Engine               - isBrowser: false
20:51:54.373 [FXGL Background Thread 3 ] DEBUG Engine               - isClickFeedbackEnabled: false
20:51:54.373 [FXGL Background Thread 3 ] DEBUG Engine               - isCloseConfirmation: false
20:51:54.374 [FXGL Background Thread 3 ] DEBUG Engine               - isDesktop: true
20:51:54.374 [FXGL Background Thread 3 ] DEBUG Engine               - isDeveloperMenuEnabled: false
20:51:54.374 [FXGL Background Thread 3 ] DEBUG Engine               - isEmbedded: false
20:51:54.374 [FXGL Background Thread 3 ] DEBUG Engine               - isEntityPreloadEnabled: true
20:51:54.374 [FXGL Background Thread 3 ] DEBUG Engine               - isExperimentalTiledLargeMap: false
20:51:54.374 [FXGL Background Thread 3 ] DEBUG Engine               - isFileSystemWriteAllowed: true
20:51:54.374 [FXGL Background Thread 3 ] DEBUG Engine               - isFullScreenAllowed: false
20:51:54.374 [FXGL Background Thread 3 ] DEBUG Engine               - isFullScreenFromStart: false
20:51:54.374 [FXGL Background Thread 3 ] DEBUG Engine               - isGameMenuEnabled: true
20:51:54.375 [FXGL Background Thread 3 ] DEBUG Engine               - isIOS: false
20:51:54.375 [FXGL Background Thread 3 ] DEBUG Engine               - isIntroEnabled: false
20:51:54.375 [FXGL Background Thread 3 ] DEBUG Engine               - isLinux: false
20:51:54.375 [FXGL Background Thread 3 ] DEBUG Engine               - isMac: false
20:51:54.375 [FXGL Background Thread 3 ] DEBUG Engine               - isMainMenuEnabled: false
20:51:54.375 [FXGL Background Thread 3 ] DEBUG Engine               - isManualResizeEnabled: false
20:51:54.375 [FXGL Background Thread 3 ] DEBUG Engine               - isMobile: false
20:51:54.375 [FXGL Background Thread 3 ] DEBUG Engine               - isNative: false
20:51:54.375 [FXGL Background Thread 3 ] DEBUG Engine               - isPauseMusicWhenMinimized: true
20:51:54.375 [FXGL Background Thread 3 ] DEBUG Engine               - isPreserveResizeRatio: false
20:51:54.375 [FXGL Background Thread 3 ] DEBUG Engine               - isProfilingEnabled: false
20:51:54.376 [FXGL Background Thread 3 ] DEBUG Engine               - isScaleAffectedOnResize: true
20:51:54.376 [FXGL Background Thread 3 ] DEBUG Engine               - isSingleStep: false
20:51:54.376 [FXGL Background Thread 3 ] DEBUG Engine               - isUserProfileEnabled: false
20:51:54.376 [FXGL Background Thread 3 ] DEBUG Engine               - isWindows: true
20:51:54.376 [FXGL Background Thread 3 ] DEBUG Engine               - language: ObjectProperty [value: ENGLISH]
20:51:54.376 [FXGL Background Thread 3 ] DEBUG Engine               - menuKey: ESCAPE
20:51:54.376 [FXGL Background Thread 3 ] DEBUG Engine               - mouseSensitivity: 0.2
20:51:54.376 [FXGL Background Thread 3 ] DEBUG Engine               - notificationViewClass: class com.almasb.fxgl.notification.view.XboxNotificationView
20:51:54.376 [FXGL Background Thread 3 ] DEBUG Engine               - pixelsPerMeter: 50.0
20:51:54.376 [FXGL Background Thread 3 ] DEBUG Engine               - platform: WINDOWS
20:51:54.377 [FXGL Background Thread 3 ] DEBUG Engine               - prefHeightProperty: ReadOnlyDoubleProperty [value: 640.0]
20:51:54.377 [FXGL Background Thread 3 ] DEBUG Engine               - prefWidthProperty: ReadOnlyDoubleProperty [value: 960.0]
20:51:54.377 [FXGL Background Thread 3 ] DEBUG Engine               - profileDir: profiles/
20:51:54.377 [FXGL Background Thread 3 ] DEBUG Engine               - profileName: StringProperty [value: DEFAULT]
20:51:54.377 [FXGL Background Thread 3 ] DEBUG Engine               - randomSeed: -1
20:51:54.378 [FXGL Background Thread 3 ] DEBUG Engine               - runtimeInfo: RuntimeInfo(platform=WINDOWS, version=17.2, build=20.08.2022 16.50)
20:51:54.378 [FXGL Background Thread 3 ] DEBUG Engine               - saveFileExt: sav
20:51:54.378 [FXGL Background Thread 3 ] DEBUG Engine               - scaledHeightProp$fxgl: DoubleProperty [bound, value: 640.0]
20:51:54.378 [FXGL Background Thread 3 ] DEBUG Engine               - scaledWidthProp$fxgl: DoubleProperty [bound, value: 960.0]
20:51:54.378 [FXGL Background Thread 3 ] DEBUG Engine               - sceneFactory: com.almasb.fxgl.app.scene.SceneFactory@1ee8fbef
20:51:54.378 [FXGL Background Thread 3 ] DEBUG Engine               - secondsIn24h: 60
20:51:54.378 [FXGL Background Thread 3 ] DEBUG Engine               - soundMenuBack: menu/back.wav
20:51:54.378 [FXGL Background Thread 3 ] DEBUG Engine               - soundMenuPress: menu/press.wav
20:51:54.379 [FXGL Background Thread 3 ] DEBUG Engine               - soundMenuSelect: menu/select.wav
20:51:54.379 [FXGL Background Thread 3 ] DEBUG Engine               - soundNotification: core/notification.wav
20:51:54.379 [FXGL Background Thread 3 ] DEBUG Engine               - stageStyle: DECORATED
20:51:54.379 [FXGL Background Thread 3 ] DEBUG Engine               - supportedLanguages: [ENGLISH, FRENCH, GERMAN, HUNGARIAN, RUSSIAN]
20:51:54.379 [FXGL Background Thread 3 ] DEBUG Engine               - ticksPerSecond: -1
20:51:54.379 [FXGL Background Thread 3 ] DEBUG Engine               - title: Untitled
20:51:54.379 [FXGL Background Thread 3 ] DEBUG Engine               - urlGithub: https://github.com/AlmasB/FXGL
20:51:54.379 [FXGL Background Thread 3 ] DEBUG Engine               - urlLeaderboard: http://fxgl-top.herokuapp.com/
20:51:54.380 [FXGL Background Thread 3 ] DEBUG Engine               - urlPOM: https://raw.githubusercontent.com/AlmasB/FXGL/release/README.md
20:51:54.380 [FXGL Background Thread 3 ] DEBUG Engine               - userAppClass: class com.example.otherfxgltest.HelloApplication
20:51:54.380 [FXGL Background Thread 3 ] DEBUG Engine               - version: 0.0
20:51:54.380 [FXGL Background Thread 3 ] DEBUG Engine               - versionCheckDays: 7
20:51:54.380 [FXGL Background Thread 3 ] DEBUG Engine               - width: 960
20:51:54.380 [FXGL Background Thread 3 ] DEBUG Engine               - Logging services
20:51:54.380 [FXGL Background Thread 3 ] DEBUG Engine               - class com.almasb.fxgl.app.services.FXGLAssetLoaderService
20:51:54.380 [FXGL Background Thread 3 ] DEBUG Engine               - class com.almasb.fxgl.app.FXGLApplication$GameApplicationService
20:51:54.380 [FXGL Background Thread 3 ] DEBUG Engine               - class com.almasb.fxgl.app.services.FXGLDialogService
20:51:54.380 [FXGL Background Thread 3 ] DEBUG Engine               - class com.almasb.fxgl.app.services.IOTaskExecutorService
20:51:54.381 [FXGL Background Thread 3 ] DEBUG Engine               - class com.almasb.fxgl.io.FileSystemService
20:51:54.381 [FXGL Background Thread 3 ] DEBUG Engine               - class com.almasb.fxgl.localization.LocalizationService
20:51:54.381 [FXGL Background Thread 3 ] DEBUG Engine               - class com.almasb.fxgl.app.services.SystemBundleService
20:51:54.381 [FXGL Background Thread 3 ] DEBUG Engine               - class com.almasb.fxgl.profile.SaveLoadService
20:51:54.381 [FXGL Background Thread 3 ] DEBUG Engine               - class com.almasb.fxgl.ui.FXGLUIFactoryServiceProvider
20:51:54.381 [FXGL Background Thread 3 ] DEBUG Engine               - class com.almasb.fxgl.ui.FXGLDialogFactoryServiceProvider
20:51:54.381 [FXGL Background Thread 3 ] DEBUG Engine               - class com.almasb.fxgl.audio.AudioPlayer
20:51:54.381 [FXGL Background Thread 3 ] DEBUG Engine               - class com.almasb.fxgl.notification.impl.NotificationServiceProvider
20:51:54.381 [FXGL Background Thread 3 ] DEBUG Engine               - class com.almasb.fxgl.achievement.AchievementService
20:51:54.381 [FXGL Background Thread 3 ] DEBUG Engine               - class com.almasb.fxgl.cutscene.CutsceneService
20:51:54.381 [FXGL Background Thread 3 ] DEBUG Engine               - class com.almasb.fxgl.minigames.MiniGameService
20:51:54.382 [FXGL Background Thread 3 ] DEBUG Engine               - class com.almasb.fxgl.net.NetService
20:51:54.382 [FXGL Background Thread 3 ] DEBUG Engine               - class com.almasb.fxgl.app.services.UpdaterService
20:51:54.382 [FXGL Background Thread 3 ] DEBUG Engine               - class com.almasb.fxgl.dev.DevService
20:52:13.497 [JavaFX Application Thread] DEBUG LoopRunner           - Stopping loop
20:52:13.499 [JavaFX Application Thread] FATAL FXGLApplication      - Uncaught Exception:
java.lang.IllegalArgumentException: Component PhysicsComponent not found!
	at com.almasb.fxgl.entity.Entity.getComponent(Entity.java:366)
	at com.example.otherfxgltest.HelloApplication.lambda$initInput$1(HelloApplication.java:32)
	at com.almasb.fxgl.dsl.FXGL$Companion$onKey$1.onAction(FXGL.kt:500)
	at com.almasb.fxgl.input.UserAction.action$fxgl_core(UserAction.kt:38)
	at com.almasb.fxgl.input.Input.update(Input.kt:288)
	at com.almasb.fxgl.scene.Scene.update(Scene.kt:103)
	at com.almasb.fxgl.app.MainWindow$update$1.invoke(MainWindow.kt:115)
	at com.almasb.fxgl.app.MainWindow$update$1.invoke(MainWindow.kt:115)
	at com.almasb.fxgl.core.fsm.StateMachine.runOnActiveStates(StateMachine.kt:69)
	at com.almasb.fxgl.app.MainWindow.update(MainWindow.kt:115)
	at com.almasb.fxgl.app.FXGLApplication$GameApplicationService.onUpdate(FXGLApplication.kt:426)
	at com.almasb.fxgl.app.Engine.loop(Engine.kt:134)
	at com.almasb.fxgl.app.Engine.access$loop(Engine.kt:24)
	at com.almasb.fxgl.app.Engine$loop$1.invoke(Engine.kt:28)
	at com.almasb.fxgl.app.Engine$loop$1.invoke(Engine.kt:28)
	at com.almasb.fxgl.app.LoopRunner.frame(LoopRunner.kt:103)
	at com.almasb.fxgl.app.LoopRunner.access$frame(LoopRunner.kt:23)
	at com.almasb.fxgl.app.LoopRunner$impl$2$1.onTick(LoopRunner.kt:57)
	at com.almasb.fxgl.app.AnimationTimerLoop$timer$1.handle(LoopRunner.kt:137)
	at javafx.animation.AnimationTimer$AnimationTimerReceiver.lambda$handle$0(AnimationTimer.java:58)
	at java.base/java.security.AccessController.doPrivileged(AccessController.java:399)
	at javafx.animation.AnimationTimer$AnimationTimerReceiver.handle(AnimationTimer.java:57)
	at com.sun.scenario.animation.AbstractPrimaryTimer.timePulseImpl(AbstractPrimaryTimer.java:356)
	at com.sun.scenario.animation.AbstractPrimaryTimer$MainLoop.run(AbstractPrimaryTimer.java:266)
	at com.sun.javafx.tk.quantum.QuantumToolkit.pulse(QuantumToolkit.java:571)
	at com.sun.javafx.tk.quantum.QuantumToolkit.pulse(QuantumToolkit.java:555)
	at com.sun.javafx.tk.quantum.QuantumToolkit.pulseFromQueue(QuantumToolkit.java:548)
	at com.sun.javafx.tk.quantum.QuantumToolkit.lambda$runToolkit$11(QuantumToolkit.java:353)
	at com.sun.glass.ui.InvokeLaterDispatcher$Future.run(InvokeLaterDispatcher.java:96)
	at com.sun.glass.ui.win.WinApplication._runLoop(Native Method)
	at com.sun.glass.ui.win.WinApplication.lambda$runLoop$3(WinApplication.java:184)
	at java.base/java.lang.Thread.run(Thread.java:833)

20:52:13.500 [JavaFX Application Thread] FATAL FXGLApplication      - Application will now exit
20:52:13.538 [JavaFX Application Thread] DEBUG PrimaryStageWindow   - Push state: ErrorSubScene
20:52:13.538 [JavaFX Application Thread] DEBUG Input                - Clearing active input actions
20:52:13.541 [JavaFX Application Thread] DEBUG GameApplicationServi - Removing overlay from GameScene and adding to ErrorSubScene
20:52:13.542 [JavaFX Application Thread] DEBUG PrimaryStageWindow   - GameScene -> ErrorSubScene
20:52:14.801 [JavaFX Application Thread] DEBUG FXGLApplication      - Exiting FXGL
20:52:14.802 [JavaFX Application Thread] DEBUG Async                - Shutting down background threads
20:52:14.802 [JavaFX Application Thread] DEBUG PrimaryStageWindow   - Closing main window
20:52:14.819 [JavaFX Application Thread] DEBUG Logger               - Closing Logger
