00:31:06.519 [main                     ] DEBUG Logger               - Configured Logger
00:31:06.557 [main                     ] DEBUG GameApplication      - Logging settings
Title: Untitled
Version: 0.0
Width: 960
Height: 640
Fullscreen: false
Intro: false
Profiling: false
Single step:false
App Mode: DEVELOPER
Menu Key: ESCAPE
Stage Style: DECORATED
Scene Factory: class com.almasb.fxgl.app.scene.SceneFactory

00:31:07.109 [JavaFX Application Thread] DEBUG FXGLApplication      - Initializing FXGL
00:31:07.117 [JavaFX Application Thread] INFO  Engine               - FXGL-17.2 (20.08.2022 16.50) on WINDOWS (J:17.0.6 FX:17.0.2-ea)
00:31:07.117 [JavaFX Application Thread] DEBUG Engine               - JRE Vendor Name: Oracle Corporation
00:31:07.118 [JavaFX Application Thread] DEBUG Engine               - Running on OS: Windows 10 version 10.0
00:31:07.118 [JavaFX Application Thread] DEBUG Engine               - Architecture: amd64
00:31:07.118 [JavaFX Application Thread] INFO  Engine               - Source code and latest versions at: https://github.com/AlmasB/FXGL
00:31:07.118 [JavaFX Application Thread] INFO  Engine               -       Ask questions and discuss at: https://github.com/AlmasB/FXGL/discussions
00:31:07.118 [JavaFX Application Thread] INFO  Engine               -              Join the FXGL chat at: https://gitter.im/AlmasB/FXGL
00:31:07.291 [JavaFX Application Thread] DEBUG PrimaryStageWindow   - Creating a JavaFX scene
00:31:07.352 [JavaFX Application Thread] DEBUG PrimaryStageWindow   - Target settings size: 960.0 x 640.0
00:31:07.352 [JavaFX Application Thread] DEBUG PrimaryStageWindow   - Scaled scene size:    960.0 x 640.0
00:31:07.353 [JavaFX Application Thread] DEBUG PrimaryStageWindow   - Scaled ratio: (1.0, 1.0)
00:31:07.354 [JavaFX Application Thread] DEBUG PrimaryStageWindow   - Set initial scene to FXGLStartupScene
00:31:07.365 [JavaFX Application Thread] DEBUG PrimaryStageWindow   - Opening main window
00:31:07.464 [JavaFX Application Thread] DEBUG PrimaryStageWindow   - Window border size: (16.0, 39.0)
00:31:07.464 [JavaFX Application Thread] DEBUG PrimaryStageWindow   - Scaled size: 960.0 x 640.0
00:31:07.464 [JavaFX Application Thread] DEBUG PrimaryStageWindow   - Scaled ratio: (1.0, 1.0)
00:31:07.465 [JavaFX Application Thread] DEBUG PrimaryStageWindow   - Scene size: 960.0 x 640.0
00:31:07.465 [JavaFX Application Thread] DEBUG PrimaryStageWindow   - Stage size: 976.0 x 679.0
00:31:07.474 [FXGL Background Thread 1 ] DEBUG Engine               - Initializing environment variables
00:31:07.519 [FXGL Background Thread 1 ] DEBUG FXGLAssetLoaderServi - User app class for loading assets: class com.example.otherfxgltest.HelloApplication
00:31:07.519 [FXGL Background Thread 1 ] DEBUG GameApplicationServi - Applying CSS: fxgl_dark.css
00:31:07.520 [FXGL Background Thread 1 ] DEBUG FXGLAssetLoaderServi - Loading from file system: jar:file:/C:/Users/phuon/.m2/repository/com/github/almasb/fxgl/17.2/fxgl-17.2.jar!/fxglassets/ui/css/fxgl_dark.css
00:31:07.579 [FXGL Background Thread 1 ] DEBUG GameApplicationServi - Initializing application scenes
00:31:07.673 [FXGL Background Thread 1 ] DEBUG GameWorld            - Game world initialized
00:31:07.740 [FXGL Background Thread 1 ] DEBUG PhysicsWorld         - Physics world initialized: appHeight=640, physics.ppm=50.0
00:31:07.740 [FXGL Background Thread 1 ] DEBUG PhysicsWorld         - Using strategy: BRUTE_FORCE
00:31:07.745 [FXGL Background Thread 1 ] DEBUG GameScene            - Game scene initialized: 960x640
00:31:07.770 [FXGL Background Thread 1 ] DEBUG FXGL.DefaultMenu     - createMenuBodyGameMenu()
00:31:07.795 [FXGL Background Thread 1 ] DEBUG FXGL.DefaultMenu     - createOptionsMenu()
00:31:07.810 [FXGL Background Thread 1 ] DEBUG FXGLAssetLoaderServi - Loading from file system: jar:file:/C:/Users/phuon/.m2/repository/com/github/almasb/fxgl/17.2/fxgl-17.2.jar!/fxglassets/textures/particles/smoke.png
00:31:07.928 [FXGL Background Thread 1 ] DEBUG FXGLAssetLoaderServi - Loading from file system: jar:file:/C:/Users/phuon/.m2/repository/com/github/almasb/fxgl/17.2/fxgl-17.2.jar!/fxglassets/textures/particles/trace_horizontal.png
00:31:07.959 [FXGL Background Thread 1 ] DEBUG GameApplicationServi - Application scenes initialized
00:31:07.976 [FXGL Background Thread 1 ] DEBUG SystemBundleService  - Loading FXGL system data
00:31:07.982 [FXGL Background Thread 1 ] DEBUG FileSystemAccess     - Reading from: D:\java\Test\OtherFXGLTest\system\fxgl.bundle
00:31:07.991 [FXGL Background Thread 1 ] DEBUG SystemBundleService  - Bundle FXGL: {}
00:31:07.991 [FXGL Background Thread 1 ] DEBUG UpdaterService       - Checking for updates
00:31:07.997 [FXGL Background Thread 1 ] DEBUG FXGLApplication      - Loading default localization
00:31:07.998 [FXGL Background Thread 1 ] DEBUG FXGLAssetLoaderServi - Loading from file system: jar:file:/C:/Users/phuon/.m2/repository/com/github/almasb/fxgl/17.2/fxgl-17.2.jar!/fxglassets/languages/english.lang
00:31:08.000 [FXGL Background Thread 4 ] DEBUG FXGLApplication      - Loading fonts
00:31:08.002 [FXGL Background Thread 4 ] DEBUG FXGLAssetLoaderServi - Loading from file system: jar:file:/C:/Users/phuon/.m2/repository/com/github/almasb/fxgl/17.2/fxgl-17.2.jar!/fxglassets/ui/fonts/VarelaRound-Regular.ttf
00:31:08.034 [FXGL Background Thread 1 ] INFO  FXGLApplication      - FXGL initialization took: 0.560 sec
00:31:08.046 [JavaFX Application Thread] DEBUG Input                - Registered new binding: Move Left - A
00:31:08.047 [JavaFX Application Thread] DEBUG Input                - Registered new binding: Move Up - W
00:31:08.047 [JavaFX Application Thread] DEBUG Input                - Registered new binding: Move Down - S
00:31:08.048 [JavaFX Application Thread] DEBUG Input                - Registered new binding: Move Right - D
00:31:08.048 [JavaFX Application Thread] DEBUG Input                - Registered new binding: Stop - Space
00:31:08.050 [JavaFX Application Thread] DEBUG Input                - Registered new binding: Fire - LMB
00:31:08.051 [JavaFX Application Thread] DEBUG FXGLAssetLoaderServi - Loading from file system: jar:file:/C:/Users/phuon/.m2/repository/com/github/almasb/fxgl/17.2/fxgl-17.2.jar!/fxglassets/textures/fxgl_icon.png
00:31:08.072 [JavaFX Application Thread] DEBUG FXGLAssetLoaderServi - Loading from file system: jar:file:/C:/Users/phuon/.m2/repository/com/github/almasb/fxgl/17.2/fxgl-17.2.jar!/fxglassets/textures/fxgl_default_cursor.png
00:31:08.075 [JavaFX Application Thread] DEBUG Input                - Registered new binding: Screenshot - CTRL+8
00:31:08.075 [JavaFX Application Thread] DEBUG Input                - Registered new binding: System info dump - CTRL+9
00:31:08.076 [JavaFX Application Thread] DEBUG Input                - Registered new binding: Restart - CTRL+R
00:31:08.077 [JavaFX Application Thread] DEBUG Input                - Registered new binding: Toggle Debug Camera - CTRL+7
00:31:08.079 [JavaFX Application Thread] DEBUG LoopRunner           - Starting loop
00:31:08.079 [JavaFX Application Thread] DEBUG LoopRunner           - Initializing JavaFX AnimationTimerLoop
00:31:08.081 [JavaFX Application Thread] DEBUG GameApplicationServi - Starting new game
00:31:08.082 [JavaFX Application Thread] DEBUG Input                - Clearing active input actions
00:31:08.110 [JavaFX Application Thread] DEBUG GameApplicationServi - Removing overlay from FXGLStartupScene and adding to FXGLLoadingScene
00:31:08.111 [JavaFX Application Thread] DEBUG PrimaryStageWindow   - FXGLStartupScene -> FXGLLoadingScene
00:31:08.111 [JavaFX Application Thread] DEBUG GameApplicationServi - Clearing previous game
00:31:08.111 [JavaFX Application Thread] DEBUG GameScene            - Clearing game scene
00:31:08.111 [JavaFX Application Thread] DEBUG GameWorld            - Clearing game world
00:31:08.111 [JavaFX Application Thread] DEBUG PhysicsWorld         - Clearing physics world
00:31:08.113 [FXGL Background Thread 1 ] DEBUG FXGLApplication      - Initializing game
00:31:08.211 [FXGL Background Thread 1 ] WARN  TMXLevelLoader       - TiledMap generated from 1.0.1. Supported version: 1.9.0. Some features may not be parsed fully.
00:31:08.234 [FXGL Background Thread 1 ] DEBUG TMXLevelLoader       - Parsed TiledMap: file:/D:/java/Test/OtherFXGLTest/target/classes/assets/levels/tmx/map3.tmx
00:31:08.235 [FXGL Background Thread 1 ] DEBUG TMXLevelLoader       - Creating tile layer entities
00:31:08.237 [FXGL Background Thread 1 ] DEBUG TilesetLoader        - Loading view for layer Tile Layer 1
00:31:08.239 [FXGL Background Thread 1 ] DEBUG TilesetLoader        - Created buffer with size 960.0x640.0
00:31:08.255 [FXGL Background Thread 1 ] DEBUG TMXLevelLoader       - Creating object layer entities
00:31:08.341 [FXGL Background Thread 1 ] DEBUG FXGLAssetLoaderServi - Loading from file system: file:/D:/java/Test/OtherFXGLTest/target/classes/assets/textures/brick.png
00:31:08.367 [FXGL Background Thread 1 ] DEBUG GameWorld            - Clearing removable entities
00:31:08.367 [FXGL Background Thread 1 ] DEBUG GameWorld            - Setting level: com.almasb.fxgl.entity.level.Level@126c5bcf
00:31:08.382 [FXGL Background Thread 1 ] DEBUG FXGLAssetLoaderServi - Loading from file system: file:/D:/java/Test/OtherFXGLTest/target/classes/assets/textures/player.png
00:31:08.385 [FXGL Background Thread 1 ] DEBUG FXGLAssetLoaderServi - Loading from file system: file:/D:/java/Test/OtherFXGLTest/target/classes/assets/textures/poro--left.png
00:31:08.387 [FXGL Background Thread 1 ] DEBUG FXGLAssetLoaderServi - Loading from file system: file:/D:/java/Test/OtherFXGLTest/target/classes/assets/textures/poro--right.png
00:31:08.388 [FXGL Background Thread 1 ] DEBUG FXGLAssetLoaderServi - Loading from file system: file:/D:/java/Test/OtherFXGLTest/target/classes/assets/textures/poro--updown.png
00:31:08.389 [FXGL Background Thread 1 ] DEBUG FXGLAssetLoaderServi - Loading from file system: file:/D:/java/Test/OtherFXGLTest/target/classes/assets/textures/poro.png
00:31:08.407 [FXGL Background Thread 1 ] INFO  FXGLApplication      - Game initialization took: 0.294 sec
00:31:08.408 [JavaFX Application Thread] DEBUG Input                - Clearing active input actions
00:31:08.423 [JavaFX Application Thread] DEBUG GameApplicationServi - Removing overlay from FXGLLoadingScene and adding to GameScene
00:31:08.424 [JavaFX Application Thread] DEBUG PrimaryStageWindow   - FXGLLoadingScene -> GameScene
00:31:08.493 [FXGL Background Thread 4 ] DEBUG FXGLAssetLoaderServi - Loading from file system: jar:file:/C:/Users/phuon/.m2/repository/com/github/almasb/fxgl/17.2/fxgl-17.2.jar!/fxglassets/ui/fonts/Abel-Regular.ttf
00:31:08.497 [FXGL Background Thread 4 ] DEBUG FXGLAssetLoaderServi - Loading from file system: jar:file:/C:/Users/phuon/.m2/repository/com/github/almasb/fxgl/17.2/fxgl-17.2.jar!/fxglassets/ui/fonts/TerminalLandMono-Regular.otf
00:31:08.501 [FXGL Background Thread 4 ] DEBUG FXGLAssetLoaderServi - Loading from file system: jar:file:/C:/Users/phuon/.m2/repository/com/github/almasb/fxgl/17.2/fxgl-17.2.jar!/fxglassets/ui/fonts/Courier-Prime.ttf
00:31:08.514 [JavaFX Application Thread] DEBUG FXGLApplication      - Registering font factories with UI factory
00:31:10.997 [FXGL Background Thread 3 ] DEBUG Engine               - Logging environment variables
00:31:10.998 [FXGL Background Thread 3 ] DEBUG Engine               - achievements: []
00:31:10.998 [FXGL Background Thread 3 ] DEBUG Engine               - actualHeight: 640.0
00:31:10.999 [FXGL Background Thread 3 ] DEBUG Engine               - actualHeightProperty: ReadOnlyDoubleProperty [value: 640.0]
00:31:10.999 [FXGL Background Thread 3 ] DEBUG Engine               - actualWidth: 960.0
00:31:10.999 [FXGL Background Thread 3 ] DEBUG Engine               - actualWidthProperty: ReadOnlyDoubleProperty [value: 960.0]
00:31:10.999 [FXGL Background Thread 3 ] DEBUG Engine               - appIcon: fxgl_icon.png
00:31:10.999 [FXGL Background Thread 3 ] DEBUG Engine               - applicationMode: DEVELOPER
00:31:11.000 [FXGL Background Thread 3 ] DEBUG Engine               - cSSList: [fxgl_dark.css]
00:31:11.000 [FXGL Background Thread 3 ] DEBUG Engine               - collisionDetectionStrategy: BRUTE_FORCE
00:31:11.000 [FXGL Background Thread 3 ] DEBUG Engine               - configClass: Optional.empty
00:31:11.000 [FXGL Background Thread 3 ] DEBUG Engine               - credits: []
00:31:11.001 [FXGL Background Thread 3 ] DEBUG Engine               - defaultCursor: CursorInfo(imageName=fxgl_default_cursor.png, hotspotX=7.0, hotspotY=6.0)
00:31:11.001 [FXGL Background Thread 3 ] DEBUG Engine               - devBBoxColorProperty: ObjectProperty [value: 0xff0000ff]
00:31:11.002 [FXGL Background Thread 3 ] DEBUG Engine               - devEnableDebugCameraProperty: BooleanProperty [value: false]
00:31:11.002 [FXGL Background Thread 3 ] DEBUG Engine               - devSensorColorProperty: ObjectProperty [value: 0xffff00ff]
00:31:11.002 [FXGL Background Thread 3 ] DEBUG Engine               - devShowBBoxProperty: BooleanProperty [value: false]
00:31:11.002 [FXGL Background Thread 3 ] DEBUG Engine               - devShowPositionProperty: BooleanProperty [value: false]
00:31:11.003 [FXGL Background Thread 3 ] DEBUG Engine               - enabledMenuItems: []
00:31:11.003 [FXGL Background Thread 3 ] DEBUG Engine               - engineServices: [class com.almasb.fxgl.app.services.FXGLAssetLoaderService, class com.almasb.fxgl.app.FXGLApplication$GameApplicationService, class com.almasb.fxgl.app.services.FXGLDialogService, class com.almasb.fxgl.app.services.IOTaskExecutorService, class com.almasb.fxgl.io.FileSystemService, class com.almasb.fxgl.localization.LocalizationService, class com.almasb.fxgl.app.services.SystemBundleService, class com.almasb.fxgl.profile.SaveLoadService, class com.almasb.fxgl.ui.FXGLUIFactoryServiceProvider, class com.almasb.fxgl.ui.FXGLDialogFactoryServiceProvider, class com.almasb.fxgl.audio.AudioPlayer, class com.almasb.fxgl.notification.impl.NotificationServiceProvider, class com.almasb.fxgl.achievement.AchievementService, class com.almasb.fxgl.cutscene.CutsceneService, class com.almasb.fxgl.minigames.MiniGameService, class com.almasb.fxgl.net.NetService, class com.almasb.fxgl.app.services.UpdaterService, class com.almasb.fxgl.dev.DevService]
00:31:11.003 [FXGL Background Thread 3 ] DEBUG Engine               - fontGame: Abel-Regular.ttf
00:31:11.003 [FXGL Background Thread 3 ] DEBUG Engine               - fontMono: TerminalLandMono-Regular.otf
00:31:11.003 [FXGL Background Thread 3 ] DEBUG Engine               - fontText: Courier-Prime.ttf
00:31:11.004 [FXGL Background Thread 3 ] DEBUG Engine               - fontUI: VarelaRound-Regular.ttf
00:31:11.004 [FXGL Background Thread 3 ] DEBUG Engine               - fullScreen: BooleanProperty [value: false]
00:31:11.004 [FXGL Background Thread 3 ] DEBUG Engine               - gameDifficulty: MEDIUM
00:31:11.004 [FXGL Background Thread 3 ] DEBUG Engine               - gameDifficultyProperty: ObjectProperty [value: MEDIUM]
00:31:11.004 [FXGL Background Thread 3 ] DEBUG Engine               - globalMusicVolume: 0.5
00:31:11.004 [FXGL Background Thread 3 ] DEBUG Engine               - globalMusicVolumeProperty: DoubleProperty [value: 0.5]
00:31:11.005 [FXGL Background Thread 3 ] DEBUG Engine               - globalSoundVolume: 0.5
00:31:11.005 [FXGL Background Thread 3 ] DEBUG Engine               - globalSoundVolumeProperty: DoubleProperty [value: 0.5]
00:31:11.005 [FXGL Background Thread 3 ] DEBUG Engine               - height: 640
00:31:11.005 [FXGL Background Thread 3 ] DEBUG Engine               - is3D: false
00:31:11.005 [FXGL Background Thread 3 ] DEBUG Engine               - isAndroid: false
00:31:11.005 [FXGL Background Thread 3 ] DEBUG Engine               - isBrowser: false
00:31:11.006 [FXGL Background Thread 3 ] DEBUG Engine               - isClickFeedbackEnabled: false
00:31:11.006 [FXGL Background Thread 3 ] DEBUG Engine               - isCloseConfirmation: false
00:31:11.006 [FXGL Background Thread 3 ] DEBUG Engine               - isDesktop: true
00:31:11.006 [FXGL Background Thread 3 ] DEBUG Engine               - isDeveloperMenuEnabled: false
00:31:11.006 [FXGL Background Thread 3 ] DEBUG Engine               - isEmbedded: false
00:31:11.006 [FXGL Background Thread 3 ] DEBUG Engine               - isEntityPreloadEnabled: true
00:31:11.007 [FXGL Background Thread 3 ] DEBUG Engine               - isExperimentalTiledLargeMap: false
00:31:11.007 [FXGL Background Thread 3 ] DEBUG Engine               - isFileSystemWriteAllowed: true
00:31:11.007 [FXGL Background Thread 3 ] DEBUG Engine               - isFullScreenAllowed: false
00:31:11.007 [FXGL Background Thread 3 ] DEBUG Engine               - isFullScreenFromStart: false
00:31:11.007 [FXGL Background Thread 3 ] DEBUG Engine               - isGameMenuEnabled: true
00:31:11.007 [FXGL Background Thread 3 ] DEBUG Engine               - isIOS: false
00:31:11.008 [FXGL Background Thread 3 ] DEBUG Engine               - isIntroEnabled: false
00:31:11.008 [FXGL Background Thread 3 ] DEBUG Engine               - isLinux: false
00:31:11.008 [FXGL Background Thread 3 ] DEBUG Engine               - isMac: false
00:31:11.008 [FXGL Background Thread 3 ] DEBUG Engine               - isMainMenuEnabled: false
00:31:11.008 [FXGL Background Thread 3 ] DEBUG Engine               - isManualResizeEnabled: false
00:31:11.008 [FXGL Background Thread 3 ] DEBUG Engine               - isMobile: false
00:31:11.008 [FXGL Background Thread 3 ] DEBUG Engine               - isNative: false
00:31:11.009 [FXGL Background Thread 3 ] DEBUG Engine               - isPauseMusicWhenMinimized: true
00:31:11.009 [FXGL Background Thread 3 ] DEBUG Engine               - isPreserveResizeRatio: false
00:31:11.009 [FXGL Background Thread 3 ] DEBUG Engine               - isProfilingEnabled: false
00:31:11.009 [FXGL Background Thread 3 ] DEBUG Engine               - isScaleAffectedOnResize: true
00:31:11.009 [FXGL Background Thread 3 ] DEBUG Engine               - isSingleStep: false
00:31:11.009 [FXGL Background Thread 3 ] DEBUG Engine               - isUserProfileEnabled: false
00:31:11.009 [FXGL Background Thread 3 ] DEBUG Engine               - isWindows: true
00:31:11.010 [FXGL Background Thread 3 ] DEBUG Engine               - language: ObjectProperty [value: ENGLISH]
00:31:11.010 [FXGL Background Thread 3 ] DEBUG Engine               - menuKey: ESCAPE
00:31:11.010 [FXGL Background Thread 3 ] DEBUG Engine               - mouseSensitivity: 0.2
00:31:11.010 [FXGL Background Thread 3 ] DEBUG Engine               - notificationViewClass: class com.almasb.fxgl.notification.view.XboxNotificationView
00:31:11.010 [FXGL Background Thread 3 ] DEBUG Engine               - pixelsPerMeter: 50.0
00:31:11.010 [FXGL Background Thread 3 ] DEBUG Engine               - platform: WINDOWS
00:31:11.010 [FXGL Background Thread 3 ] DEBUG Engine               - prefHeightProperty: ReadOnlyDoubleProperty [value: 640.0]
00:31:11.011 [FXGL Background Thread 3 ] DEBUG Engine               - prefWidthProperty: ReadOnlyDoubleProperty [value: 960.0]
00:31:11.011 [FXGL Background Thread 3 ] DEBUG Engine               - profileDir: profiles/
00:31:11.011 [FXGL Background Thread 3 ] DEBUG Engine               - profileName: StringProperty [value: DEFAULT]
00:31:11.011 [FXGL Background Thread 3 ] DEBUG Engine               - randomSeed: -1
00:31:11.012 [FXGL Background Thread 3 ] DEBUG Engine               - runtimeInfo: RuntimeInfo(platform=WINDOWS, version=17.2, build=20.08.2022 16.50)
00:31:11.012 [FXGL Background Thread 3 ] DEBUG Engine               - saveFileExt: sav
00:31:11.012 [FXGL Background Thread 3 ] DEBUG Engine               - scaledHeightProp$fxgl: DoubleProperty [bound, value: 640.0]
00:31:11.012 [FXGL Background Thread 3 ] DEBUG Engine               - scaledWidthProp$fxgl: DoubleProperty [bound, value: 960.0]
00:31:11.012 [FXGL Background Thread 3 ] DEBUG Engine               - sceneFactory: com.almasb.fxgl.app.scene.SceneFactory@63ec7742
00:31:11.013 [FXGL Background Thread 3 ] DEBUG Engine               - secondsIn24h: 60
00:31:11.013 [FXGL Background Thread 3 ] DEBUG Engine               - soundMenuBack: menu/back.wav
00:31:11.013 [FXGL Background Thread 3 ] DEBUG Engine               - soundMenuPress: menu/press.wav
00:31:11.013 [FXGL Background Thread 3 ] DEBUG Engine               - soundMenuSelect: menu/select.wav
00:31:11.013 [FXGL Background Thread 3 ] DEBUG Engine               - soundNotification: core/notification.wav
00:31:11.013 [FXGL Background Thread 3 ] DEBUG Engine               - stageStyle: DECORATED
00:31:11.013 [FXGL Background Thread 3 ] DEBUG Engine               - supportedLanguages: [ENGLISH, FRENCH, GERMAN, HUNGARIAN, RUSSIAN]
00:31:11.014 [FXGL Background Thread 3 ] DEBUG Engine               - ticksPerSecond: -1
00:31:11.014 [FXGL Background Thread 3 ] DEBUG Engine               - title: Untitled
00:31:11.014 [FXGL Background Thread 3 ] DEBUG Engine               - urlGithub: https://github.com/AlmasB/FXGL
00:31:11.014 [FXGL Background Thread 3 ] DEBUG Engine               - urlLeaderboard: http://fxgl-top.herokuapp.com/
00:31:11.014 [FXGL Background Thread 3 ] DEBUG Engine               - urlPOM: https://raw.githubusercontent.com/AlmasB/FXGL/release/README.md
00:31:11.014 [FXGL Background Thread 3 ] DEBUG Engine               - userAppClass: class com.example.otherfxgltest.HelloApplication
00:31:11.014 [FXGL Background Thread 3 ] DEBUG Engine               - version: 0.0
00:31:11.014 [FXGL Background Thread 3 ] DEBUG Engine               - versionCheckDays: 7
00:31:11.015 [FXGL Background Thread 3 ] DEBUG Engine               - width: 960
00:31:11.015 [FXGL Background Thread 3 ] DEBUG Engine               - Logging services
00:31:11.015 [FXGL Background Thread 3 ] DEBUG Engine               - class com.almasb.fxgl.app.services.FXGLAssetLoaderService
00:31:11.015 [FXGL Background Thread 3 ] DEBUG Engine               - class com.almasb.fxgl.app.FXGLApplication$GameApplicationService
00:31:11.015 [FXGL Background Thread 3 ] DEBUG Engine               - class com.almasb.fxgl.app.services.FXGLDialogService
00:31:11.015 [FXGL Background Thread 3 ] DEBUG Engine               - class com.almasb.fxgl.app.services.IOTaskExecutorService
00:31:11.015 [FXGL Background Thread 3 ] DEBUG Engine               - class com.almasb.fxgl.io.FileSystemService
00:31:11.015 [FXGL Background Thread 3 ] DEBUG Engine               - class com.almasb.fxgl.localization.LocalizationService
00:31:11.016 [FXGL Background Thread 3 ] DEBUG Engine               - class com.almasb.fxgl.app.services.SystemBundleService
00:31:11.016 [FXGL Background Thread 3 ] DEBUG Engine               - class com.almasb.fxgl.profile.SaveLoadService
00:31:11.016 [FXGL Background Thread 3 ] DEBUG Engine               - class com.almasb.fxgl.ui.FXGLUIFactoryServiceProvider
00:31:11.016 [FXGL Background Thread 3 ] DEBUG Engine               - class com.almasb.fxgl.ui.FXGLDialogFactoryServiceProvider
00:31:11.016 [FXGL Background Thread 3 ] DEBUG Engine               - class com.almasb.fxgl.audio.AudioPlayer
00:31:11.016 [FXGL Background Thread 3 ] DEBUG Engine               - class com.almasb.fxgl.notification.impl.NotificationServiceProvider
00:31:11.016 [FXGL Background Thread 3 ] DEBUG Engine               - class com.almasb.fxgl.achievement.AchievementService
00:31:11.016 [FXGL Background Thread 3 ] DEBUG Engine               - class com.almasb.fxgl.cutscene.CutsceneService
00:31:11.017 [FXGL Background Thread 3 ] DEBUG Engine               - class com.almasb.fxgl.minigames.MiniGameService
00:31:11.017 [FXGL Background Thread 3 ] DEBUG Engine               - class com.almasb.fxgl.net.NetService
00:31:11.017 [FXGL Background Thread 3 ] DEBUG Engine               - class com.almasb.fxgl.app.services.UpdaterService
00:31:11.017 [FXGL Background Thread 3 ] DEBUG Engine               - class com.almasb.fxgl.dev.DevService
00:31:17.785 [JavaFX Application Thread] DEBUG FXGLApplication      - Exiting FXGL
00:31:17.785 [JavaFX Application Thread] DEBUG LoopRunner           - Stopping loop
00:31:17.785 [JavaFX Application Thread] DEBUG SystemBundleService  - Saving FXGL system data
00:31:17.787 [JavaFX Application Thread] DEBUG FileSystemAccess     - Writing to: D:\java\Test\OtherFXGLTest\system\fxgl.bundle
00:31:17.789 [JavaFX Application Thread] DEBUG Async                - Shutting down background threads
00:31:17.789 [JavaFX Application Thread] DEBUG PrimaryStageWindow   - Closing main window
00:31:17.802 [JavaFX Application Thread] DEBUG Logger               - Closing Logger
