20:46:41.374 [main                     ] DEBUG Logger               - Configured Logger
20:46:41.413 [main                     ] DEBUG GameApplication      - Logging settings
Title: Untitled
Version: 0.0
Width: 1280
Height: 960
Fullscreen: false
Intro: false
Profiling: false
Single step:false
App Mode: DEVELOPER
Menu Key: ESCAPE
Stage Style: DECORATED
Scene Factory: class com.almasb.fxgl.app.scene.SceneFactory

20:46:41.987 [JavaFX Application Thread] DEBUG FXGLApplication      - Initializing FXGL
20:46:41.994 [JavaFX Application Thread] INFO  Engine               - FXGL-17.2 (20.08.2022 16.50) on WINDOWS (J:17.0.6 FX:17.0.2-ea)
20:46:41.995 [JavaFX Application Thread] DEBUG Engine               - JRE Vendor Name: Oracle Corporation
20:46:41.995 [JavaFX Application Thread] DEBUG Engine               - Running on OS: Windows 10 version 10.0
20:46:41.995 [JavaFX Application Thread] DEBUG Engine               - Architecture: amd64
20:46:41.995 [JavaFX Application Thread] INFO  Engine               - Source code and latest versions at: https://github.com/AlmasB/FXGL
20:46:41.996 [JavaFX Application Thread] INFO  Engine               -       Ask questions and discuss at: https://github.com/AlmasB/FXGL/discussions
20:46:41.996 [JavaFX Application Thread] INFO  Engine               -              Join the FXGL chat at: https://gitter.im/AlmasB/FXGL
20:46:42.147 [JavaFX Application Thread] DEBUG PrimaryStageWindow   - Creating a JavaFX scene
20:46:42.210 [JavaFX Application Thread] DEBUG PrimaryStageWindow   - Target settings size: 1280.0 x 960.0
20:46:42.211 [JavaFX Application Thread] DEBUG PrimaryStageWindow   - Scaled scene size:    1280.0 x 960.0
20:46:42.211 [JavaFX Application Thread] DEBUG PrimaryStageWindow   - Scaled ratio: (1.0, 1.0)
20:46:42.213 [JavaFX Application Thread] DEBUG PrimaryStageWindow   - Set initial scene to FXGLStartupScene
20:46:42.225 [JavaFX Application Thread] DEBUG PrimaryStageWindow   - Opening main window
20:46:42.324 [JavaFX Application Thread] DEBUG PrimaryStageWindow   - Window border size: (16.0, 39.0)
20:46:42.325 [JavaFX Application Thread] DEBUG PrimaryStageWindow   - Scaled size: 1280.0 x 960.0
20:46:42.325 [JavaFX Application Thread] DEBUG PrimaryStageWindow   - Scaled ratio: (1.0, 1.0)
20:46:42.325 [JavaFX Application Thread] DEBUG PrimaryStageWindow   - Scene size: 1280.0 x 960.0
20:46:42.326 [JavaFX Application Thread] DEBUG PrimaryStageWindow   - Stage size: 1296.0 x 999.0
20:46:42.334 [FXGL Background Thread 1 ] DEBUG Engine               - Initializing environment variables
20:46:42.387 [FXGL Background Thread 1 ] DEBUG FXGLAssetLoaderServi - User app class for loading assets: class com.example.otherfxgltest.HelloApplication
20:46:42.387 [FXGL Background Thread 1 ] DEBUG GameApplicationServi - Applying CSS: fxgl_dark.css
20:46:42.388 [FXGL Background Thread 1 ] DEBUG FXGLAssetLoaderServi - Loading from file system: jar:file:/C:/Users/phuon/.m2/repository/com/github/almasb/fxgl/17.2/fxgl-17.2.jar!/fxglassets/ui/css/fxgl_dark.css
20:46:42.445 [FXGL Background Thread 1 ] DEBUG GameApplicationServi - Initializing application scenes
20:46:42.532 [FXGL Background Thread 1 ] DEBUG GameWorld            - Game world initialized
20:46:42.594 [FXGL Background Thread 1 ] DEBUG PhysicsWorld         - Physics world initialized: appHeight=960, physics.ppm=50.0
20:46:42.595 [FXGL Background Thread 1 ] DEBUG PhysicsWorld         - Using strategy: BRUTE_FORCE
20:46:42.600 [FXGL Background Thread 1 ] DEBUG GameScene            - Game scene initialized: 1280x960
20:46:42.631 [FXGL Background Thread 1 ] DEBUG FXGL.DefaultMenu     - createMenuBodyGameMenu()
20:46:42.658 [FXGL Background Thread 1 ] DEBUG FXGL.DefaultMenu     - createOptionsMenu()
20:46:42.675 [FXGL Background Thread 1 ] DEBUG FXGLAssetLoaderServi - Loading from file system: jar:file:/C:/Users/phuon/.m2/repository/com/github/almasb/fxgl/17.2/fxgl-17.2.jar!/fxglassets/textures/particles/smoke.png
20:46:42.800 [FXGL Background Thread 1 ] DEBUG FXGLAssetLoaderServi - Loading from file system: jar:file:/C:/Users/phuon/.m2/repository/com/github/almasb/fxgl/17.2/fxgl-17.2.jar!/fxglassets/textures/particles/trace_horizontal.png
20:46:42.836 [FXGL Background Thread 1 ] DEBUG GameApplicationServi - Application scenes initialized
20:46:42.860 [FXGL Background Thread 1 ] DEBUG SystemBundleService  - Loading FXGL system data
20:46:42.869 [FXGL Background Thread 1 ] DEBUG FileSystemAccess     - Reading from: D:\java\Test\OtherFXGLTest\system\fxgl.bundle
20:46:42.883 [FXGL Background Thread 1 ] DEBUG SystemBundleService  - Bundle FXGL: {}
20:46:42.884 [FXGL Background Thread 1 ] DEBUG UpdaterService       - Checking for updates
20:46:42.897 [FXGL Background Thread 1 ] DEBUG FXGLApplication      - Loading default localization
20:46:42.898 [FXGL Background Thread 1 ] DEBUG FXGLAssetLoaderServi - Loading from file system: jar:file:/C:/Users/phuon/.m2/repository/com/github/almasb/fxgl/17.2/fxgl-17.2.jar!/fxglassets/languages/english.lang
20:46:42.912 [FXGL Background Thread 4 ] DEBUG FXGLApplication      - Loading fonts
20:46:42.913 [FXGL Background Thread 4 ] DEBUG FXGLAssetLoaderServi - Loading from file system: jar:file:/C:/Users/phuon/.m2/repository/com/github/almasb/fxgl/17.2/fxgl-17.2.jar!/fxglassets/ui/fonts/VarelaRound-Regular.ttf
20:46:42.942 [FXGL Background Thread 1 ] INFO  FXGLApplication      - FXGL initialization took: 0.607 sec
20:46:42.957 [JavaFX Application Thread] DEBUG Input                - Registered new binding: action0 - W
20:46:42.958 [JavaFX Application Thread] DEBUG Input                - Registered new binding: action1 - S
20:46:42.958 [JavaFX Application Thread] DEBUG Input                - Registered new binding: action2 - A
20:46:42.959 [JavaFX Application Thread] DEBUG Input                - Registered new binding: action3 - D
20:46:42.962 [JavaFX Application Thread] DEBUG Input                - Registered new binding: action4 - RMB
20:46:42.963 [JavaFX Application Thread] DEBUG Input                - Registered new binding: action5 - LMB
20:46:42.963 [JavaFX Application Thread] DEBUG FXGLAssetLoaderServi - Loading from file system: jar:file:/C:/Users/phuon/.m2/repository/com/github/almasb/fxgl/17.2/fxgl-17.2.jar!/fxglassets/textures/fxgl_icon.png
20:46:42.999 [JavaFX Application Thread] DEBUG FXGLAssetLoaderServi - Loading from file system: jar:file:/C:/Users/phuon/.m2/repository/com/github/almasb/fxgl/17.2/fxgl-17.2.jar!/fxglassets/textures/fxgl_default_cursor.png
20:46:43.002 [JavaFX Application Thread] DEBUG Input                - Registered new binding: Screenshot - CTRL+8
20:46:43.003 [JavaFX Application Thread] DEBUG Input                - Registered new binding: System info dump - CTRL+9
20:46:43.004 [JavaFX Application Thread] DEBUG Input                - Registered new binding: Restart - CTRL+R
20:46:43.005 [JavaFX Application Thread] DEBUG Input                - Registered new binding: Toggle Debug Camera - CTRL+7
20:46:43.007 [JavaFX Application Thread] DEBUG LoopRunner           - Starting loop
20:46:43.007 [JavaFX Application Thread] DEBUG LoopRunner           - Initializing JavaFX AnimationTimerLoop
20:46:43.010 [JavaFX Application Thread] DEBUG GameApplicationServi - Starting new game
20:46:43.010 [JavaFX Application Thread] DEBUG Input                - Clearing active input actions
20:46:43.026 [JavaFX Application Thread] DEBUG GameApplicationServi - Removing overlay from FXGLStartupScene and adding to FXGLLoadingScene
20:46:43.026 [JavaFX Application Thread] DEBUG PrimaryStageWindow   - FXGLStartupScene -> FXGLLoadingScene
20:46:43.026 [JavaFX Application Thread] DEBUG GameApplicationServi - Clearing previous game
20:46:43.027 [JavaFX Application Thread] DEBUG GameScene            - Clearing game scene
20:46:43.027 [JavaFX Application Thread] DEBUG GameWorld            - Clearing game world
20:46:43.027 [JavaFX Application Thread] DEBUG PhysicsWorld         - Clearing physics world
20:46:43.029 [FXGL Background Thread 1 ] DEBUG FXGLApplication      - Initializing game
20:46:43.164 [FXGL Background Thread 1 ] WARN  TMXLevelLoader       - TiledMap generated from 1.0.1. Supported version: 1.9.0. Some features may not be parsed fully.
20:46:43.184 [FXGL Background Thread 1 ] DEBUG TMXLevelLoader       - Parsed TiledMap: file:/D:/java/Test/OtherFXGLTest/target/classes/assets/levels/tmx/map3.tmx
20:46:43.185 [FXGL Background Thread 1 ] DEBUG TMXLevelLoader       - Creating tile layer entities
20:46:43.187 [FXGL Background Thread 1 ] DEBUG TilesetLoader        - Loading view for layer Tile Layer 1
20:46:43.189 [FXGL Background Thread 1 ] DEBUG TilesetLoader        - Created buffer with size 960.0x640.0
20:46:43.254 [FXGL Background Thread 1 ] DEBUG TMXLevelLoader       - Creating object layer entities
20:46:43.356 [FXGL Background Thread 1 ] WARN  TMXLevelLoader       - Parse error
java.lang.IllegalArgumentException: No EntityFactory has a method annotated @Spawns(monster)
	at com.almasb.fxgl.entity.GameWorld.create(GameWorld.kt:413)
	at com.almasb.fxgl.entity.level.tiled.TMXLevelLoader.createObjectLayerEntities(TMXLevelLoader.kt:155)
	at com.almasb.fxgl.entity.level.tiled.TMXLevelLoader.load(TMXLevelLoader.kt:60)
	at com.almasb.fxgl.app.services.FXGLAssetLoaderService.loadLevel(FXGLAssetLoaderService.kt:446)
	at com.example.otherfxgltest.HelloApplication.initGame(HelloApplication.java:57)
	at com.almasb.fxgl.app.FXGLApplication$InitAppTask.initGame(FXGLApplication.kt:339)
	at com.almasb.fxgl.app.FXGLApplication$InitAppTask.call(FXGLApplication.kt:319)
	at com.almasb.fxgl.app.FXGLApplication$InitAppTask.call(FXGLApplication.kt:311)
	at javafx.concurrent.Task$TaskCallable.call(Task.java:1426)
	at java.base/java.util.concurrent.FutureTask.run(FutureTask.java:264)
	at java.base/java.util.concurrent.Executors$RunnableAdapter.call(Executors.java:539)
	at java.base/java.util.concurrent.FutureTask.run(FutureTask.java:264)
	at java.base/java.util.concurrent.ThreadPoolExecutor.runWorker(ThreadPoolExecutor.java:1136)
	at java.base/java.util.concurrent.ThreadPoolExecutor$Worker.run(ThreadPoolExecutor.java:635)
	at java.base/java.lang.Thread.run(Thread.java:833)

20:46:43.388 [JavaFX Application Thread] DEBUG LoopRunner           - Stopping loop
20:46:43.389 [JavaFX Application Thread] FATAL FXGLApplication      - Uncaught Exception:
java.lang.RuntimeException: Initialization failed
	at com.almasb.fxgl.app.FXGLApplication$InitAppTask.failed(FXGLApplication.kt:343)
	at javafx.concurrent.Task.setState(Task.java:710)
	at javafx.concurrent.Task$TaskCallable.lambda$call$2(Task.java:1456)
	at com.sun.javafx.application.PlatformImpl.lambda$runLater$10(PlatformImpl.java:457)
	at java.base/java.security.AccessController.doPrivileged(AccessController.java:399)
	at com.sun.javafx.application.PlatformImpl.lambda$runLater$11(PlatformImpl.java:456)
	at com.sun.glass.ui.InvokeLaterDispatcher$Future.run(InvokeLaterDispatcher.java:96)
	at com.sun.glass.ui.win.WinApplication._runLoop(Native Method)
	at com.sun.glass.ui.win.WinApplication.lambda$runLoop$3(WinApplication.java:184)
	at java.base/java.lang.Thread.run(Thread.java:833)
Caused by: com.almasb.fxgl.entity.level.LevelLoadingException: No EntityFactory has a method annotated @Spawns(monster)
	at com.almasb.fxgl.entity.level.tiled.TMXLevelLoader.load(TMXLevelLoader.kt:78)
	at com.almasb.fxgl.app.services.FXGLAssetLoaderService.loadLevel(FXGLAssetLoaderService.kt:446)
	at com.example.otherfxgltest.HelloApplication.initGame(HelloApplication.java:57)
	at com.almasb.fxgl.app.FXGLApplication$InitAppTask.initGame(FXGLApplication.kt:339)
	at com.almasb.fxgl.app.FXGLApplication$InitAppTask.call(FXGLApplication.kt:319)
	at com.almasb.fxgl.app.FXGLApplication$InitAppTask.call(FXGLApplication.kt:311)
	at javafx.concurrent.Task$TaskCallable.call(Task.java:1426)
	at java.base/java.util.concurrent.FutureTask.run(FutureTask.java:264)
	at java.base/java.util.concurrent.Executors$RunnableAdapter.call(Executors.java:539)
	at java.base/java.util.concurrent.FutureTask.run(FutureTask.java:264)
	at java.base/java.util.concurrent.ThreadPoolExecutor.runWorker(ThreadPoolExecutor.java:1136)
	at java.base/java.util.concurrent.ThreadPoolExecutor$Worker.run(ThreadPoolExecutor.java:635)
	... 1 more
Caused by: java.lang.IllegalArgumentException: No EntityFactory has a method annotated @Spawns(monster)
	at com.almasb.fxgl.entity.GameWorld.create(GameWorld.kt:413)
	at com.almasb.fxgl.entity.level.tiled.TMXLevelLoader.createObjectLayerEntities(TMXLevelLoader.kt:155)
	at com.almasb.fxgl.entity.level.tiled.TMXLevelLoader.load(TMXLevelLoader.kt:60)
	... 12 more

20:46:43.389 [JavaFX Application Thread] FATAL FXGLApplication      - Application will now exit
20:46:43.413 [JavaFX Application Thread] DEBUG PrimaryStageWindow   - Push state: ErrorSubScene
20:46:43.413 [JavaFX Application Thread] DEBUG Input                - Clearing active input actions
20:46:43.422 [JavaFX Application Thread] DEBUG GameApplicationServi - Removing overlay from FXGLLoadingScene and adding to ErrorSubScene
20:46:43.423 [JavaFX Application Thread] DEBUG PrimaryStageWindow   - FXGLLoadingScene -> ErrorSubScene
20:46:43.903 [FXGL Background Thread 4 ] DEBUG FXGLAssetLoaderServi - Loading from file system: jar:file:/C:/Users/phuon/.m2/repository/com/github/almasb/fxgl/17.2/fxgl-17.2.jar!/fxglassets/ui/fonts/Abel-Regular.ttf
20:46:43.908 [FXGL Background Thread 4 ] DEBUG FXGLAssetLoaderServi - Loading from file system: jar:file:/C:/Users/phuon/.m2/repository/com/github/almasb/fxgl/17.2/fxgl-17.2.jar!/fxglassets/ui/fonts/TerminalLandMono-Regular.otf
20:46:43.913 [FXGL Background Thread 4 ] DEBUG FXGLAssetLoaderServi - Loading from file system: jar:file:/C:/Users/phuon/.m2/repository/com/github/almasb/fxgl/17.2/fxgl-17.2.jar!/fxglassets/ui/fonts/Courier-Prime.ttf
20:46:43.919 [JavaFX Application Thread] DEBUG FXGLApplication      - Registering font factories with UI factory
20:46:45.086 [JavaFX Application Thread] DEBUG FXGLApplication      - Exiting FXGL
20:46:45.087 [JavaFX Application Thread] DEBUG Async                - Shutting down background threads
20:46:45.087 [JavaFX Application Thread] DEBUG PrimaryStageWindow   - Closing main window
20:46:45.101 [JavaFX Application Thread] DEBUG Logger               - Closing Logger
