01:36:52.320 [main                     ] DEBUG Logger               - Configured Logger
01:36:52.363 [main                     ] DEBUG GameApplication      - Logging settings
Title: Untitled
Version: 0.0
Width: 1280
Height: 960
Fullscreen: false
Intro: false
Profiling: false
Single step:false
App Mode: DEVELOPER
Menu Key: ESCAPE
Stage Style: DECORATED
Scene Factory: class com.almasb.fxgl.app.scene.SceneFactory

01:36:52.963 [JavaFX Application Thread] DEBUG FXGLApplication      - Initializing FXGL
01:36:52.971 [JavaFX Application Thread] INFO  Engine               - FXGL-17.2 (20.08.2022 16.50) on WINDOWS (J:17.0.6 FX:17.0.2-ea)
01:36:52.971 [JavaFX Application Thread] DEBUG Engine               - JRE Vendor Name: Oracle Corporation
01:36:52.972 [JavaFX Application Thread] DEBUG Engine               - Running on OS: Windows 10 version 10.0
01:36:52.972 [JavaFX Application Thread] DEBUG Engine               - Architecture: amd64
01:36:52.972 [JavaFX Application Thread] INFO  Engine               - Source code and latest versions at: https://github.com/AlmasB/FXGL
01:36:52.972 [JavaFX Application Thread] INFO  Engine               -       Ask questions and discuss at: https://github.com/AlmasB/FXGL/discussions
01:36:52.972 [JavaFX Application Thread] INFO  Engine               -              Join the FXGL chat at: https://gitter.im/AlmasB/FXGL
01:36:53.130 [JavaFX Application Thread] DEBUG PrimaryStageWindow   - Creating a JavaFX scene
01:36:53.192 [JavaFX Application Thread] DEBUG PrimaryStageWindow   - Target settings size: 1280.0 x 960.0
01:36:53.192 [JavaFX Application Thread] DEBUG PrimaryStageWindow   - Scaled scene size:    1280.0 x 960.0
01:36:53.192 [JavaFX Application Thread] DEBUG PrimaryStageWindow   - Scaled ratio: (1.0, 1.0)
01:36:53.194 [JavaFX Application Thread] DEBUG PrimaryStageWindow   - Set initial scene to FXGLStartupScene
01:36:53.205 [JavaFX Application Thread] DEBUG PrimaryStageWindow   - Opening main window
01:36:53.327 [JavaFX Application Thread] DEBUG PrimaryStageWindow   - Window border size: (16.0, 39.0)
01:36:53.327 [JavaFX Application Thread] DEBUG PrimaryStageWindow   - Scaled size: 1280.0 x 960.0
01:36:53.328 [JavaFX Application Thread] DEBUG PrimaryStageWindow   - Scaled ratio: (1.0, 1.0)
01:36:53.328 [JavaFX Application Thread] DEBUG PrimaryStageWindow   - Scene size: 1280.0 x 960.0
01:36:53.328 [JavaFX Application Thread] DEBUG PrimaryStageWindow   - Stage size: 1296.0 x 999.0
01:36:53.337 [FXGL Background Thread 1 ] DEBUG Engine               - Initializing environment variables
01:36:53.390 [FXGL Background Thread 1 ] DEBUG FXGLAssetLoaderServi - User app class for loading assets: class com.example.otherfxgltest.HelloApplication
01:36:53.390 [FXGL Background Thread 1 ] DEBUG GameApplicationServi - Applying CSS: fxgl_dark.css
01:36:53.391 [FXGL Background Thread 1 ] DEBUG FXGLAssetLoaderServi - Loading from file system: jar:file:/C:/Users/phuon/.m2/repository/com/github/almasb/fxgl/17.2/fxgl-17.2.jar!/fxglassets/ui/css/fxgl_dark.css
01:36:53.445 [FXGL Background Thread 1 ] DEBUG GameApplicationServi - Initializing application scenes
01:36:53.549 [FXGL Background Thread 1 ] DEBUG GameWorld            - Game world initialized
01:36:53.620 [FXGL Background Thread 1 ] DEBUG PhysicsWorld         - Physics world initialized: appHeight=960, physics.ppm=50.0
01:36:53.620 [FXGL Background Thread 1 ] DEBUG PhysicsWorld         - Using strategy: BRUTE_FORCE
01:36:53.627 [FXGL Background Thread 1 ] DEBUG GameScene            - Game scene initialized: 1280x960
01:36:53.645 [FXGL Background Thread 1 ] DEBUG FXGL.DefaultMenu     - createMenuBodyGameMenu()
01:36:53.668 [FXGL Background Thread 1 ] DEBUG FXGL.DefaultMenu     - createOptionsMenu()
01:36:53.683 [FXGL Background Thread 1 ] DEBUG FXGLAssetLoaderServi - Loading from file system: jar:file:/C:/Users/phuon/.m2/repository/com/github/almasb/fxgl/17.2/fxgl-17.2.jar!/fxglassets/textures/particles/smoke.png
01:36:53.855 [FXGL Background Thread 1 ] DEBUG FXGLAssetLoaderServi - Loading from file system: jar:file:/C:/Users/phuon/.m2/repository/com/github/almasb/fxgl/17.2/fxgl-17.2.jar!/fxglassets/textures/particles/trace_horizontal.png
01:36:53.917 [FXGL Background Thread 1 ] DEBUG GameApplicationServi - Application scenes initialized
01:36:53.953 [FXGL Background Thread 1 ] DEBUG SystemBundleService  - Loading FXGL system data
01:36:53.969 [FXGL Background Thread 1 ] DEBUG FileSystemAccess     - Reading from: D:\java\Test\OtherFXGLTest\system\fxgl.bundle
01:36:53.978 [FXGL Background Thread 1 ] DEBUG SystemBundleService  - Bundle FXGL: {}
01:36:53.978 [FXGL Background Thread 1 ] DEBUG UpdaterService       - Checking for updates
01:36:53.985 [FXGL Background Thread 4 ] DEBUG FXGLApplication      - Loading fonts
01:36:53.986 [FXGL Background Thread 4 ] DEBUG FXGLAssetLoaderServi - Loading from file system: jar:file:/C:/Users/phuon/.m2/repository/com/github/almasb/fxgl/17.2/fxgl-17.2.jar!/fxglassets/ui/fonts/VarelaRound-Regular.ttf
01:36:53.987 [FXGL Background Thread 1 ] DEBUG FXGLApplication      - Loading default localization
01:36:53.989 [FXGL Background Thread 1 ] DEBUG FXGLAssetLoaderServi - Loading from file system: jar:file:/C:/Users/phuon/.m2/repository/com/github/almasb/fxgl/17.2/fxgl-17.2.jar!/fxglassets/languages/english.lang
01:36:54.018 [FXGL Background Thread 1 ] INFO  FXGLApplication      - FXGL initialization took: 0.680 sec
01:36:54.030 [JavaFX Application Thread] DEBUG Input                - Registered new binding: action0 - W
01:36:54.031 [JavaFX Application Thread] DEBUG Input                - Registered new binding: action1 - S
01:36:54.031 [JavaFX Application Thread] DEBUG Input                - Registered new binding: action2 - A
01:36:54.032 [JavaFX Application Thread] DEBUG Input                - Registered new binding: action3 - D
01:36:54.041 [JavaFX Application Thread] DEBUG Input                - Registered new binding: action4 - LMB
01:36:54.042 [JavaFX Application Thread] DEBUG FXGLAssetLoaderServi - Loading from file system: jar:file:/C:/Users/phuon/.m2/repository/com/github/almasb/fxgl/17.2/fxgl-17.2.jar!/fxglassets/textures/fxgl_icon.png
01:36:54.121 [JavaFX Application Thread] DEBUG FXGLAssetLoaderServi - Loading from file system: jar:file:/C:/Users/phuon/.m2/repository/com/github/almasb/fxgl/17.2/fxgl-17.2.jar!/fxglassets/textures/fxgl_default_cursor.png
01:36:54.124 [JavaFX Application Thread] DEBUG Input                - Registered new binding: Screenshot - CTRL+8
01:36:54.124 [JavaFX Application Thread] DEBUG Input                - Registered new binding: System info dump - CTRL+9
01:36:54.125 [JavaFX Application Thread] DEBUG Input                - Registered new binding: Restart - CTRL+R
01:36:54.125 [JavaFX Application Thread] DEBUG Input                - Registered new binding: Toggle Debug Camera - CTRL+7
01:36:54.128 [JavaFX Application Thread] DEBUG LoopRunner           - Starting loop
01:36:54.129 [JavaFX Application Thread] DEBUG LoopRunner           - Initializing JavaFX AnimationTimerLoop
01:36:54.130 [JavaFX Application Thread] DEBUG GameApplicationServi - Starting new game
01:36:54.131 [JavaFX Application Thread] DEBUG Input                - Clearing active input actions
01:36:54.145 [JavaFX Application Thread] DEBUG GameApplicationServi - Removing overlay from FXGLStartupScene and adding to FXGLLoadingScene
01:36:54.146 [JavaFX Application Thread] DEBUG PrimaryStageWindow   - FXGLStartupScene -> FXGLLoadingScene
01:36:54.146 [JavaFX Application Thread] DEBUG GameApplicationServi - Clearing previous game
01:36:54.146 [JavaFX Application Thread] DEBUG GameScene            - Clearing game scene
01:36:54.146 [JavaFX Application Thread] DEBUG GameWorld            - Clearing game world
01:36:54.147 [JavaFX Application Thread] DEBUG PhysicsWorld         - Clearing physics world
01:36:54.149 [FXGL Background Thread 1 ] DEBUG FXGLApplication      - Initializing game
01:36:54.238 [FXGL Background Thread 1 ] WARN  TMXLevelLoader       - TiledMap generated from 1.0.1. Supported version: 1.9.0. Some features may not be parsed fully.
01:36:54.250 [FXGL Background Thread 1 ] DEBUG TMXLevelLoader       - Parsed TiledMap: file:/D:/java/Test/OtherFXGLTest/target/classes/assets/levels/tmx/map1.tmx
01:36:54.252 [FXGL Background Thread 1 ] DEBUG TMXLevelLoader       - Creating tile layer entities
01:36:54.258 [FXGL Background Thread 1 ] DEBUG TilesetLoader        - Loading view for layer Tile Layer 1
01:36:54.262 [FXGL Background Thread 1 ] DEBUG TilesetLoader        - Created buffer with size 1280.0x960.0
01:36:54.343 [FXGL Background Thread 1 ] DEBUG TMXLevelLoader       - Creating object layer entities
01:36:54.406 [FXGL Background Thread 1 ] DEBUG GameWorld            - Clearing removable entities
01:36:54.409 [FXGL Background Thread 1 ] DEBUG GameWorld            - Setting level: com.almasb.fxgl.entity.level.Level@aed7b9d
01:36:54.435 [FXGL Background Thread 1 ] INFO  FXGLApplication      - Game initialization took: 0.285 sec
01:36:54.436 [JavaFX Application Thread] DEBUG Input                - Clearing active input actions
01:36:54.445 [JavaFX Application Thread] DEBUG GameApplicationServi - Removing overlay from FXGLLoadingScene and adding to GameScene
01:36:54.446 [JavaFX Application Thread] DEBUG PrimaryStageWindow   - FXGLLoadingScene -> GameScene
01:36:54.500 [FXGL Background Thread 4 ] DEBUG FXGLAssetLoaderServi - Loading from file system: jar:file:/C:/Users/phuon/.m2/repository/com/github/almasb/fxgl/17.2/fxgl-17.2.jar!/fxglassets/ui/fonts/Abel-Regular.ttf
01:36:54.505 [FXGL Background Thread 4 ] DEBUG FXGLAssetLoaderServi - Loading from file system: jar:file:/C:/Users/phuon/.m2/repository/com/github/almasb/fxgl/17.2/fxgl-17.2.jar!/fxglassets/ui/fonts/TerminalLandMono-Regular.otf
01:36:54.509 [FXGL Background Thread 4 ] DEBUG FXGLAssetLoaderServi - Loading from file system: jar:file:/C:/Users/phuon/.m2/repository/com/github/almasb/fxgl/17.2/fxgl-17.2.jar!/fxglassets/ui/fonts/Courier-Prime.ttf
01:36:54.517 [JavaFX Application Thread] DEBUG FXGLApplication      - Registering font factories with UI factory
01:36:56.985 [FXGL Background Thread 3 ] DEBUG Engine               - Logging environment variables
01:36:56.986 [FXGL Background Thread 3 ] DEBUG Engine               - achievements: []
01:36:56.986 [FXGL Background Thread 3 ] DEBUG Engine               - actualHeight: 960.0
01:36:56.987 [FXGL Background Thread 3 ] DEBUG Engine               - actualHeightProperty: ReadOnlyDoubleProperty [value: 960.0]
01:36:56.987 [FXGL Background Thread 3 ] DEBUG Engine               - actualWidth: 1280.0
01:36:56.987 [FXGL Background Thread 3 ] DEBUG Engine               - actualWidthProperty: ReadOnlyDoubleProperty [value: 1280.0]
01:36:56.987 [FXGL Background Thread 3 ] DEBUG Engine               - appIcon: fxgl_icon.png
01:36:56.987 [FXGL Background Thread 3 ] DEBUG Engine               - applicationMode: DEVELOPER
01:36:56.987 [FXGL Background Thread 3 ] DEBUG Engine               - cSSList: [fxgl_dark.css]
01:36:56.988 [FXGL Background Thread 3 ] DEBUG Engine               - collisionDetectionStrategy: BRUTE_FORCE
01:36:56.988 [FXGL Background Thread 3 ] DEBUG Engine               - configClass: Optional.empty
01:36:56.988 [FXGL Background Thread 3 ] DEBUG Engine               - credits: []
01:36:56.989 [FXGL Background Thread 3 ] DEBUG Engine               - defaultCursor: CursorInfo(imageName=fxgl_default_cursor.png, hotspotX=7.0, hotspotY=6.0)
01:36:56.989 [FXGL Background Thread 3 ] DEBUG Engine               - devBBoxColorProperty: ObjectProperty [value: 0xff0000ff]
01:36:56.989 [FXGL Background Thread 3 ] DEBUG Engine               - devEnableDebugCameraProperty: BooleanProperty [value: false]
01:36:56.989 [FXGL Background Thread 3 ] DEBUG Engine               - devSensorColorProperty: ObjectProperty [value: 0xffff00ff]
01:36:56.990 [FXGL Background Thread 3 ] DEBUG Engine               - devShowBBoxProperty: BooleanProperty [value: false]
01:36:56.990 [FXGL Background Thread 3 ] DEBUG Engine               - devShowPositionProperty: BooleanProperty [value: false]
01:36:56.990 [FXGL Background Thread 3 ] DEBUG Engine               - enabledMenuItems: []
01:36:56.990 [FXGL Background Thread 3 ] DEBUG Engine               - engineServices: [class com.almasb.fxgl.app.services.FXGLAssetLoaderService, class com.almasb.fxgl.app.FXGLApplication$GameApplicationService, class com.almasb.fxgl.app.services.FXGLDialogService, class com.almasb.fxgl.app.services.IOTaskExecutorService, class com.almasb.fxgl.io.FileSystemService, class com.almasb.fxgl.localization.LocalizationService, class com.almasb.fxgl.app.services.SystemBundleService, class com.almasb.fxgl.profile.SaveLoadService, class com.almasb.fxgl.ui.FXGLUIFactoryServiceProvider, class com.almasb.fxgl.ui.FXGLDialogFactoryServiceProvider, class com.almasb.fxgl.audio.AudioPlayer, class com.almasb.fxgl.notification.impl.NotificationServiceProvider, class com.almasb.fxgl.achievement.AchievementService, class com.almasb.fxgl.cutscene.CutsceneService, class com.almasb.fxgl.minigames.MiniGameService, class com.almasb.fxgl.net.NetService, class com.almasb.fxgl.app.services.UpdaterService, class com.almasb.fxgl.dev.DevService]
01:36:56.990 [FXGL Background Thread 3 ] DEBUG Engine               - fontGame: Abel-Regular.ttf
01:36:56.991 [FXGL Background Thread 3 ] DEBUG Engine               - fontMono: TerminalLandMono-Regular.otf
01:36:56.991 [FXGL Background Thread 3 ] DEBUG Engine               - fontText: Courier-Prime.ttf
01:36:56.991 [FXGL Background Thread 3 ] DEBUG Engine               - fontUI: VarelaRound-Regular.ttf
01:36:56.991 [FXGL Background Thread 3 ] DEBUG Engine               - fullScreen: BooleanProperty [value: false]
01:36:56.991 [FXGL Background Thread 3 ] DEBUG Engine               - gameDifficulty: MEDIUM
01:36:56.992 [FXGL Background Thread 3 ] DEBUG Engine               - gameDifficultyProperty: ObjectProperty [value: MEDIUM]
01:36:56.992 [FXGL Background Thread 3 ] DEBUG Engine               - globalMusicVolume: 0.5
01:36:56.992 [FXGL Background Thread 3 ] DEBUG Engine               - globalMusicVolumeProperty: DoubleProperty [value: 0.5]
01:36:56.992 [FXGL Background Thread 3 ] DEBUG Engine               - globalSoundVolume: 0.5
01:36:56.992 [FXGL Background Thread 3 ] DEBUG Engine               - globalSoundVolumeProperty: DoubleProperty [value: 0.5]
01:36:56.992 [FXGL Background Thread 3 ] DEBUG Engine               - height: 960
01:36:56.993 [FXGL Background Thread 3 ] DEBUG Engine               - is3D: false
01:36:56.993 [FXGL Background Thread 3 ] DEBUG Engine               - isAndroid: false
01:36:56.993 [FXGL Background Thread 3 ] DEBUG Engine               - isBrowser: false
01:36:56.993 [FXGL Background Thread 3 ] DEBUG Engine               - isClickFeedbackEnabled: false
01:36:56.993 [FXGL Background Thread 3 ] DEBUG Engine               - isCloseConfirmation: false
01:36:56.993 [FXGL Background Thread 3 ] DEBUG Engine               - isDesktop: true
01:36:56.994 [FXGL Background Thread 3 ] DEBUG Engine               - isDeveloperMenuEnabled: false
01:36:56.994 [FXGL Background Thread 3 ] DEBUG Engine               - isEmbedded: false
01:36:56.994 [FXGL Background Thread 3 ] DEBUG Engine               - isEntityPreloadEnabled: true
01:36:56.994 [FXGL Background Thread 3 ] DEBUG Engine               - isExperimentalTiledLargeMap: false
01:36:56.994 [FXGL Background Thread 3 ] DEBUG Engine               - isFileSystemWriteAllowed: true
01:36:56.994 [FXGL Background Thread 3 ] DEBUG Engine               - isFullScreenAllowed: false
01:36:56.995 [FXGL Background Thread 3 ] DEBUG Engine               - isFullScreenFromStart: false
01:36:56.995 [FXGL Background Thread 3 ] DEBUG Engine               - isGameMenuEnabled: true
01:36:56.995 [FXGL Background Thread 3 ] DEBUG Engine               - isIOS: false
01:36:56.996 [FXGL Background Thread 3 ] DEBUG Engine               - isIntroEnabled: false
01:36:56.996 [FXGL Background Thread 3 ] DEBUG Engine               - isLinux: false
01:36:56.996 [FXGL Background Thread 3 ] DEBUG Engine               - isMac: false
01:36:56.996 [FXGL Background Thread 3 ] DEBUG Engine               - isMainMenuEnabled: false
01:36:56.996 [FXGL Background Thread 3 ] DEBUG Engine               - isManualResizeEnabled: false
01:36:56.997 [FXGL Background Thread 3 ] DEBUG Engine               - isMobile: false
01:36:56.997 [FXGL Background Thread 3 ] DEBUG Engine               - isNative: false
01:36:56.997 [FXGL Background Thread 3 ] DEBUG Engine               - isPauseMusicWhenMinimized: true
01:36:56.998 [FXGL Background Thread 3 ] DEBUG Engine               - isPreserveResizeRatio: false
01:36:56.998 [FXGL Background Thread 3 ] DEBUG Engine               - isProfilingEnabled: false
01:36:56.998 [FXGL Background Thread 3 ] DEBUG Engine               - isScaleAffectedOnResize: true
01:36:56.999 [FXGL Background Thread 3 ] DEBUG Engine               - isSingleStep: false
01:36:56.999 [FXGL Background Thread 3 ] DEBUG Engine               - isUserProfileEnabled: false
01:36:56.999 [FXGL Background Thread 3 ] DEBUG Engine               - isWindows: true
01:36:56.999 [FXGL Background Thread 3 ] DEBUG Engine               - language: ObjectProperty [value: ENGLISH]
01:36:56.999 [FXGL Background Thread 3 ] DEBUG Engine               - menuKey: ESCAPE
01:36:56.999 [FXGL Background Thread 3 ] DEBUG Engine               - mouseSensitivity: 0.2
01:36:57.000 [FXGL Background Thread 3 ] DEBUG Engine               - notificationViewClass: class com.almasb.fxgl.notification.view.XboxNotificationView
01:36:57.000 [FXGL Background Thread 3 ] DEBUG Engine               - pixelsPerMeter: 50.0
01:36:57.000 [FXGL Background Thread 3 ] DEBUG Engine               - platform: WINDOWS
01:36:57.000 [FXGL Background Thread 3 ] DEBUG Engine               - prefHeightProperty: ReadOnlyDoubleProperty [value: 960.0]
01:36:57.000 [FXGL Background Thread 3 ] DEBUG Engine               - prefWidthProperty: ReadOnlyDoubleProperty [value: 1280.0]
01:36:57.000 [FXGL Background Thread 3 ] DEBUG Engine               - profileDir: profiles/
01:36:57.001 [FXGL Background Thread 3 ] DEBUG Engine               - profileName: StringProperty [value: DEFAULT]
01:36:57.001 [FXGL Background Thread 3 ] DEBUG Engine               - randomSeed: -1
01:36:57.001 [FXGL Background Thread 3 ] DEBUG Engine               - runtimeInfo: RuntimeInfo(platform=WINDOWS, version=17.2, build=20.08.2022 16.50)
01:36:57.002 [FXGL Background Thread 3 ] DEBUG Engine               - saveFileExt: sav
01:36:57.002 [FXGL Background Thread 3 ] DEBUG Engine               - scaledHeightProp$fxgl: DoubleProperty [bound, value: 960.0]
01:36:57.002 [FXGL Background Thread 3 ] DEBUG Engine               - scaledWidthProp$fxgl: DoubleProperty [bound, value: 1280.0]
01:36:57.002 [FXGL Background Thread 3 ] DEBUG Engine               - sceneFactory: com.almasb.fxgl.app.scene.SceneFactory@60c8acf4
01:36:57.002 [FXGL Background Thread 3 ] DEBUG Engine               - secondsIn24h: 60
01:36:57.002 [FXGL Background Thread 3 ] DEBUG Engine               - soundMenuBack: menu/back.wav
01:36:57.002 [FXGL Background Thread 3 ] DEBUG Engine               - soundMenuPress: menu/press.wav
01:36:57.003 [FXGL Background Thread 3 ] DEBUG Engine               - soundMenuSelect: menu/select.wav
01:36:57.003 [FXGL Background Thread 3 ] DEBUG Engine               - soundNotification: core/notification.wav
01:36:57.003 [FXGL Background Thread 3 ] DEBUG Engine               - stageStyle: DECORATED
01:36:57.003 [FXGL Background Thread 3 ] DEBUG Engine               - supportedLanguages: [ENGLISH, FRENCH, GERMAN, HUNGARIAN, RUSSIAN]
01:36:57.003 [FXGL Background Thread 3 ] DEBUG Engine               - ticksPerSecond: -1
01:36:57.003 [FXGL Background Thread 3 ] DEBUG Engine               - title: Untitled
01:36:57.004 [FXGL Background Thread 3 ] DEBUG Engine               - urlGithub: https://github.com/AlmasB/FXGL
01:36:57.004 [FXGL Background Thread 3 ] DEBUG Engine               - urlLeaderboard: http://fxgl-top.herokuapp.com/
01:36:57.004 [FXGL Background Thread 3 ] DEBUG Engine               - urlPOM: https://raw.githubusercontent.com/AlmasB/FXGL/release/README.md
01:36:57.004 [FXGL Background Thread 3 ] DEBUG Engine               - userAppClass: class com.example.otherfxgltest.HelloApplication
01:36:57.004 [FXGL Background Thread 3 ] DEBUG Engine               - version: 0.0
01:36:57.004 [FXGL Background Thread 3 ] DEBUG Engine               - versionCheckDays: 7
01:36:57.004 [FXGL Background Thread 3 ] DEBUG Engine               - width: 1280
01:36:57.005 [FXGL Background Thread 3 ] DEBUG Engine               - Logging services
01:36:57.005 [FXGL Background Thread 3 ] DEBUG Engine               - class com.almasb.fxgl.app.services.FXGLAssetLoaderService
01:36:57.005 [FXGL Background Thread 3 ] DEBUG Engine               - class com.almasb.fxgl.app.FXGLApplication$GameApplicationService
01:36:57.005 [FXGL Background Thread 3 ] DEBUG Engine               - class com.almasb.fxgl.app.services.FXGLDialogService
01:36:57.005 [FXGL Background Thread 3 ] DEBUG Engine               - class com.almasb.fxgl.app.services.IOTaskExecutorService
01:36:57.005 [FXGL Background Thread 3 ] DEBUG Engine               - class com.almasb.fxgl.io.FileSystemService
01:36:57.005 [FXGL Background Thread 3 ] DEBUG Engine               - class com.almasb.fxgl.localization.LocalizationService
01:36:57.005 [FXGL Background Thread 3 ] DEBUG Engine               - class com.almasb.fxgl.app.services.SystemBundleService
01:36:57.006 [FXGL Background Thread 3 ] DEBUG Engine               - class com.almasb.fxgl.profile.SaveLoadService
01:36:57.006 [FXGL Background Thread 3 ] DEBUG Engine               - class com.almasb.fxgl.ui.FXGLUIFactoryServiceProvider
01:36:57.006 [FXGL Background Thread 3 ] DEBUG Engine               - class com.almasb.fxgl.ui.FXGLDialogFactoryServiceProvider
01:36:57.006 [FXGL Background Thread 3 ] DEBUG Engine               - class com.almasb.fxgl.audio.AudioPlayer
01:36:57.006 [FXGL Background Thread 3 ] DEBUG Engine               - class com.almasb.fxgl.notification.impl.NotificationServiceProvider
01:36:57.006 [FXGL Background Thread 3 ] DEBUG Engine               - class com.almasb.fxgl.achievement.AchievementService
01:36:57.006 [FXGL Background Thread 3 ] DEBUG Engine               - class com.almasb.fxgl.cutscene.CutsceneService
01:36:57.007 [FXGL Background Thread 3 ] DEBUG Engine               - class com.almasb.fxgl.minigames.MiniGameService
01:36:57.007 [FXGL Background Thread 3 ] DEBUG Engine               - class com.almasb.fxgl.net.NetService
01:36:57.007 [FXGL Background Thread 3 ] DEBUG Engine               - class com.almasb.fxgl.app.services.UpdaterService
01:36:57.007 [FXGL Background Thread 3 ] DEBUG Engine               - class com.almasb.fxgl.dev.DevService
01:37:21.217 [JavaFX Application Thread] DEBUG FXGLApplication      - Exiting FXGL
01:37:21.217 [JavaFX Application Thread] DEBUG LoopRunner           - Stopping loop
01:37:21.217 [JavaFX Application Thread] DEBUG SystemBundleService  - Saving FXGL system data
01:37:21.219 [JavaFX Application Thread] DEBUG FileSystemAccess     - Writing to: D:\java\Test\OtherFXGLTest\system\fxgl.bundle
01:37:21.221 [JavaFX Application Thread] DEBUG Async                - Shutting down background threads
01:37:21.221 [JavaFX Application Thread] DEBUG PrimaryStageWindow   - Closing main window
01:37:21.229 [JavaFX Application Thread] DEBUG Logger               - Closing Logger
