01:28:05.396 [main                     ] DEBUG Logger               - Configured Logger
01:28:05.433 [main                     ] DEBUG GameApplication      - Logging settings
Title: Untitled
Version: 0.0
Width: 1280
Height: 960
Fullscreen: false
Intro: false
Profiling: false
Single step:false
App Mode: DEVELOPER
Menu Key: ESCAPE
Stage Style: DECORATED
Scene Factory: class com.almasb.fxgl.app.scene.SceneFactory

01:28:06.077 [JavaFX Application Thread] DEBUG FXGLApplication      - Initializing FXGL
01:28:06.097 [JavaFX Application Thread] INFO  Engine               - FXGL-17.2 (20.08.2022 16.50) on WINDOWS (J:17.0.6 FX:17.0.2-ea)
01:28:06.099 [JavaFX Application Thread] DEBUG Engine               - JRE Vendor Name: Oracle Corporation
01:28:06.102 [JavaFX Application Thread] DEBUG Engine               - Running on OS: Windows 10 version 10.0
01:28:06.102 [JavaFX Application Thread] DEBUG Engine               - Architecture: amd64
01:28:06.102 [JavaFX Application Thread] INFO  Engine               - Source code and latest versions at: https://github.com/AlmasB/FXGL
01:28:06.103 [JavaFX Application Thread] INFO  Engine               -       Ask questions and discuss at: https://github.com/AlmasB/FXGL/discussions
01:28:06.103 [JavaFX Application Thread] INFO  Engine               -              Join the FXGL chat at: https://gitter.im/AlmasB/FXGL
01:28:06.277 [JavaFX Application Thread] DEBUG PrimaryStageWindow   - Creating a JavaFX scene
01:28:06.346 [JavaFX Application Thread] DEBUG PrimaryStageWindow   - Target settings size: 1280.0 x 960.0
01:28:06.347 [JavaFX Application Thread] DEBUG PrimaryStageWindow   - Scaled scene size:    1280.0 x 960.0
01:28:06.347 [JavaFX Application Thread] DEBUG PrimaryStageWindow   - Scaled ratio: (1.0, 1.0)
01:28:06.349 [JavaFX Application Thread] DEBUG PrimaryStageWindow   - Set initial scene to FXGLStartupScene
01:28:06.360 [JavaFX Application Thread] DEBUG PrimaryStageWindow   - Opening main window
01:28:06.455 [JavaFX Application Thread] DEBUG PrimaryStageWindow   - Window border size: (16.0, 39.0)
01:28:06.455 [JavaFX Application Thread] DEBUG PrimaryStageWindow   - Scaled size: 1280.0 x 960.0
01:28:06.456 [JavaFX Application Thread] DEBUG PrimaryStageWindow   - Scaled ratio: (1.0, 1.0)
01:28:06.456 [JavaFX Application Thread] DEBUG PrimaryStageWindow   - Scene size: 1280.0 x 960.0
01:28:06.456 [JavaFX Application Thread] DEBUG PrimaryStageWindow   - Stage size: 1296.0 x 999.0
01:28:06.465 [FXGL Background Thread 1 ] DEBUG Engine               - Initializing environment variables
01:28:06.516 [FXGL Background Thread 1 ] DEBUG FXGLAssetLoaderServi - User app class for loading assets: class com.example.otherfxgltest.HelloApplication
01:28:06.516 [FXGL Background Thread 1 ] DEBUG GameApplicationServi - Applying CSS: fxgl_dark.css
01:28:06.517 [FXGL Background Thread 1 ] DEBUG FXGLAssetLoaderServi - Loading from file system: jar:file:/C:/Users/phuon/.m2/repository/com/github/almasb/fxgl/17.2/fxgl-17.2.jar!/fxglassets/ui/css/fxgl_dark.css
01:28:06.574 [FXGL Background Thread 1 ] DEBUG GameApplicationServi - Initializing application scenes
01:28:06.668 [FXGL Background Thread 1 ] DEBUG GameWorld            - Game world initialized
01:28:06.735 [FXGL Background Thread 1 ] DEBUG PhysicsWorld         - Physics world initialized: appHeight=960, physics.ppm=50.0
01:28:06.735 [FXGL Background Thread 1 ] DEBUG PhysicsWorld         - Using strategy: BRUTE_FORCE
01:28:06.742 [FXGL Background Thread 1 ] DEBUG GameScene            - Game scene initialized: 1280x960
01:28:06.765 [FXGL Background Thread 1 ] DEBUG FXGL.DefaultMenu     - createMenuBodyGameMenu()
01:28:06.793 [FXGL Background Thread 1 ] DEBUG FXGL.DefaultMenu     - createOptionsMenu()
01:28:06.806 [FXGL Background Thread 1 ] DEBUG FXGLAssetLoaderServi - Loading from file system: jar:file:/C:/Users/phuon/.m2/repository/com/github/almasb/fxgl/17.2/fxgl-17.2.jar!/fxglassets/textures/particles/smoke.png
01:28:06.948 [FXGL Background Thread 1 ] DEBUG FXGLAssetLoaderServi - Loading from file system: jar:file:/C:/Users/phuon/.m2/repository/com/github/almasb/fxgl/17.2/fxgl-17.2.jar!/fxglassets/textures/particles/trace_horizontal.png
01:28:06.988 [FXGL Background Thread 1 ] DEBUG GameApplicationServi - Application scenes initialized
01:28:07.010 [FXGL Background Thread 1 ] DEBUG SystemBundleService  - Loading FXGL system data
01:28:07.016 [FXGL Background Thread 1 ] DEBUG FileSystemAccess     - Reading from: D:\java\Test\OtherFXGLTest\system\fxgl.bundle
01:28:07.026 [FXGL Background Thread 1 ] DEBUG SystemBundleService  - Bundle FXGL: {}
01:28:07.026 [FXGL Background Thread 1 ] DEBUG UpdaterService       - Checking for updates
01:28:07.035 [FXGL Background Thread 1 ] DEBUG FXGLApplication      - Loading default localization
01:28:07.036 [FXGL Background Thread 1 ] DEBUG FXGLAssetLoaderServi - Loading from file system: jar:file:/C:/Users/phuon/.m2/repository/com/github/almasb/fxgl/17.2/fxgl-17.2.jar!/fxglassets/languages/english.lang
01:28:07.066 [FXGL Background Thread 4 ] DEBUG FXGLApplication      - Loading fonts
01:28:07.067 [FXGL Background Thread 4 ] DEBUG FXGLAssetLoaderServi - Loading from file system: jar:file:/C:/Users/phuon/.m2/repository/com/github/almasb/fxgl/17.2/fxgl-17.2.jar!/fxglassets/ui/fonts/VarelaRound-Regular.ttf
01:28:07.102 [FXGL Background Thread 1 ] INFO  FXGLApplication      - FXGL initialization took: 0.637 sec
01:28:07.116 [JavaFX Application Thread] DEBUG Input                - Registered new binding: action0 - W
01:28:07.117 [JavaFX Application Thread] DEBUG Input                - Registered new binding: action1 - S
01:28:07.117 [JavaFX Application Thread] DEBUG Input                - Registered new binding: action2 - A
01:28:07.118 [JavaFX Application Thread] DEBUG Input                - Registered new binding: action3 - D
01:28:07.120 [JavaFX Application Thread] DEBUG Input                - Registered new binding: action4 - LMB
01:28:07.121 [JavaFX Application Thread] DEBUG FXGLAssetLoaderServi - Loading from file system: jar:file:/C:/Users/phuon/.m2/repository/com/github/almasb/fxgl/17.2/fxgl-17.2.jar!/fxglassets/textures/fxgl_icon.png
01:28:07.157 [JavaFX Application Thread] DEBUG FXGLAssetLoaderServi - Loading from file system: jar:file:/C:/Users/phuon/.m2/repository/com/github/almasb/fxgl/17.2/fxgl-17.2.jar!/fxglassets/textures/fxgl_default_cursor.png
01:28:07.160 [JavaFX Application Thread] DEBUG Input                - Registered new binding: Screenshot - CTRL+8
01:28:07.160 [JavaFX Application Thread] DEBUG Input                - Registered new binding: System info dump - CTRL+9
01:28:07.161 [JavaFX Application Thread] DEBUG Input                - Registered new binding: Restart - CTRL+R
01:28:07.162 [JavaFX Application Thread] DEBUG Input                - Registered new binding: Toggle Debug Camera - CTRL+7
01:28:07.165 [JavaFX Application Thread] DEBUG LoopRunner           - Starting loop
01:28:07.165 [JavaFX Application Thread] DEBUG LoopRunner           - Initializing JavaFX AnimationTimerLoop
01:28:07.166 [JavaFX Application Thread] DEBUG GameApplicationServi - Starting new game
01:28:07.167 [JavaFX Application Thread] DEBUG Input                - Clearing active input actions
01:28:07.184 [JavaFX Application Thread] DEBUG GameApplicationServi - Removing overlay from FXGLStartupScene and adding to FXGLLoadingScene
01:28:07.185 [JavaFX Application Thread] DEBUG PrimaryStageWindow   - FXGLStartupScene -> FXGLLoadingScene
01:28:07.185 [JavaFX Application Thread] DEBUG GameApplicationServi - Clearing previous game
01:28:07.185 [JavaFX Application Thread] DEBUG GameScene            - Clearing game scene
01:28:07.185 [JavaFX Application Thread] DEBUG GameWorld            - Clearing game world
01:28:07.185 [JavaFX Application Thread] DEBUG PhysicsWorld         - Clearing physics world
01:28:07.187 [FXGL Background Thread 1 ] DEBUG FXGLApplication      - Initializing game
01:28:07.256 [FXGL Background Thread 1 ] WARN  TMXLevelLoader       - TiledMap generated from 1.0.1. Supported version: 1.9.0. Some features may not be parsed fully.
01:28:07.406 [FXGL Background Thread 1 ] DEBUG TMXLevelLoader       - Parsed TiledMap: file:/D:/java/Test/OtherFXGLTest/target/classes/assets/levels/tmx/map1.tmx
01:28:07.408 [FXGL Background Thread 1 ] DEBUG TMXLevelLoader       - Creating tile layer entities
01:28:07.409 [FXGL Background Thread 1 ] DEBUG TilesetLoader        - Loading view for layer Tile Layer 1
01:28:07.412 [FXGL Background Thread 1 ] DEBUG TilesetLoader        - Created buffer with size 1280.0x960.0
01:28:07.486 [FXGL Background Thread 1 ] DEBUG TMXLevelLoader       - Creating object layer entities
01:28:07.539 [FXGL Background Thread 1 ] DEBUG GameWorld            - Clearing removable entities
01:28:07.540 [FXGL Background Thread 1 ] DEBUG GameWorld            - Setting level: com.almasb.fxgl.entity.level.Level@47030394
01:28:07.555 [FXGL Background Thread 1 ] INFO  FXGLApplication      - Game initialization took: 0.368 sec
01:28:07.572 [JavaFX Application Thread] DEBUG Input                - Clearing active input actions
01:28:07.581 [JavaFX Application Thread] DEBUG GameApplicationServi - Removing overlay from FXGLLoadingScene and adding to GameScene
01:28:07.581 [JavaFX Application Thread] DEBUG PrimaryStageWindow   - FXGLLoadingScene -> GameScene
01:28:07.747 [FXGL Background Thread 4 ] DEBUG FXGLAssetLoaderServi - Loading from file system: jar:file:/C:/Users/phuon/.m2/repository/com/github/almasb/fxgl/17.2/fxgl-17.2.jar!/fxglassets/ui/fonts/Abel-Regular.ttf
01:28:07.751 [FXGL Background Thread 4 ] DEBUG FXGLAssetLoaderServi - Loading from file system: jar:file:/C:/Users/phuon/.m2/repository/com/github/almasb/fxgl/17.2/fxgl-17.2.jar!/fxglassets/ui/fonts/TerminalLandMono-Regular.otf
01:28:07.755 [FXGL Background Thread 4 ] DEBUG FXGLAssetLoaderServi - Loading from file system: jar:file:/C:/Users/phuon/.m2/repository/com/github/almasb/fxgl/17.2/fxgl-17.2.jar!/fxglassets/ui/fonts/Courier-Prime.ttf
01:28:07.762 [JavaFX Application Thread] DEBUG FXGLApplication      - Registering font factories with UI factory
01:28:10.032 [FXGL Background Thread 3 ] DEBUG Engine               - Logging environment variables
01:28:10.032 [FXGL Background Thread 3 ] DEBUG Engine               - achievements: []
01:28:10.032 [FXGL Background Thread 3 ] DEBUG Engine               - actualHeight: 960.0
01:28:10.032 [FXGL Background Thread 3 ] DEBUG Engine               - actualHeightProperty: ReadOnlyDoubleProperty [value: 960.0]
01:28:10.033 [FXGL Background Thread 3 ] DEBUG Engine               - actualWidth: 1280.0
01:28:10.033 [FXGL Background Thread 3 ] DEBUG Engine               - actualWidthProperty: ReadOnlyDoubleProperty [value: 1280.0]
01:28:10.033 [FXGL Background Thread 3 ] DEBUG Engine               - appIcon: fxgl_icon.png
01:28:10.033 [FXGL Background Thread 3 ] DEBUG Engine               - applicationMode: DEVELOPER
01:28:10.033 [FXGL Background Thread 3 ] DEBUG Engine               - cSSList: [fxgl_dark.css]
01:28:10.033 [FXGL Background Thread 3 ] DEBUG Engine               - collisionDetectionStrategy: BRUTE_FORCE
01:28:10.033 [FXGL Background Thread 3 ] DEBUG Engine               - configClass: Optional.empty
01:28:10.033 [FXGL Background Thread 3 ] DEBUG Engine               - credits: []
01:28:10.033 [FXGL Background Thread 3 ] DEBUG Engine               - defaultCursor: CursorInfo(imageName=fxgl_default_cursor.png, hotspotX=7.0, hotspotY=6.0)
01:28:10.034 [FXGL Background Thread 3 ] DEBUG Engine               - devBBoxColorProperty: ObjectProperty [value: 0xff0000ff]
01:28:10.034 [FXGL Background Thread 3 ] DEBUG Engine               - devEnableDebugCameraProperty: BooleanProperty [value: false]
01:28:10.034 [FXGL Background Thread 3 ] DEBUG Engine               - devSensorColorProperty: ObjectProperty [value: 0xffff00ff]
01:28:10.034 [FXGL Background Thread 3 ] DEBUG Engine               - devShowBBoxProperty: BooleanProperty [value: false]
01:28:10.034 [FXGL Background Thread 3 ] DEBUG Engine               - devShowPositionProperty: BooleanProperty [value: false]
01:28:10.034 [FXGL Background Thread 3 ] DEBUG Engine               - enabledMenuItems: []
01:28:10.034 [FXGL Background Thread 3 ] DEBUG Engine               - engineServices: [class com.almasb.fxgl.app.services.FXGLAssetLoaderService, class com.almasb.fxgl.app.FXGLApplication$GameApplicationService, class com.almasb.fxgl.app.services.FXGLDialogService, class com.almasb.fxgl.app.services.IOTaskExecutorService, class com.almasb.fxgl.io.FileSystemService, class com.almasb.fxgl.localization.LocalizationService, class com.almasb.fxgl.app.services.SystemBundleService, class com.almasb.fxgl.profile.SaveLoadService, class com.almasb.fxgl.ui.FXGLUIFactoryServiceProvider, class com.almasb.fxgl.ui.FXGLDialogFactoryServiceProvider, class com.almasb.fxgl.audio.AudioPlayer, class com.almasb.fxgl.notification.impl.NotificationServiceProvider, class com.almasb.fxgl.achievement.AchievementService, class com.almasb.fxgl.cutscene.CutsceneService, class com.almasb.fxgl.minigames.MiniGameService, class com.almasb.fxgl.net.NetService, class com.almasb.fxgl.app.services.UpdaterService, class com.almasb.fxgl.dev.DevService]
01:28:10.034 [FXGL Background Thread 3 ] DEBUG Engine               - fontGame: Abel-Regular.ttf
01:28:10.034 [FXGL Background Thread 3 ] DEBUG Engine               - fontMono: TerminalLandMono-Regular.otf
01:28:10.035 [FXGL Background Thread 3 ] DEBUG Engine               - fontText: Courier-Prime.ttf
01:28:10.035 [FXGL Background Thread 3 ] DEBUG Engine               - fontUI: VarelaRound-Regular.ttf
01:28:10.035 [FXGL Background Thread 3 ] DEBUG Engine               - fullScreen: BooleanProperty [value: false]
01:28:10.035 [FXGL Background Thread 3 ] DEBUG Engine               - gameDifficulty: MEDIUM
01:28:10.035 [FXGL Background Thread 3 ] DEBUG Engine               - gameDifficultyProperty: ObjectProperty [value: MEDIUM]
01:28:10.035 [FXGL Background Thread 3 ] DEBUG Engine               - globalMusicVolume: 0.5
01:28:10.035 [FXGL Background Thread 3 ] DEBUG Engine               - globalMusicVolumeProperty: DoubleProperty [value: 0.5]
01:28:10.036 [FXGL Background Thread 3 ] DEBUG Engine               - globalSoundVolume: 0.5
01:28:10.036 [FXGL Background Thread 3 ] DEBUG Engine               - globalSoundVolumeProperty: DoubleProperty [value: 0.5]
01:28:10.036 [FXGL Background Thread 3 ] DEBUG Engine               - height: 960
01:28:10.036 [FXGL Background Thread 3 ] DEBUG Engine               - is3D: false
01:28:10.036 [FXGL Background Thread 3 ] DEBUG Engine               - isAndroid: false
01:28:10.036 [FXGL Background Thread 3 ] DEBUG Engine               - isBrowser: false
01:28:10.037 [FXGL Background Thread 3 ] DEBUG Engine               - isClickFeedbackEnabled: false
01:28:10.037 [FXGL Background Thread 3 ] DEBUG Engine               - isCloseConfirmation: false
01:28:10.037 [FXGL Background Thread 3 ] DEBUG Engine               - isDesktop: true
01:28:10.037 [FXGL Background Thread 3 ] DEBUG Engine               - isDeveloperMenuEnabled: false
01:28:10.037 [FXGL Background Thread 3 ] DEBUG Engine               - isEmbedded: false
01:28:10.037 [FXGL Background Thread 3 ] DEBUG Engine               - isEntityPreloadEnabled: true
01:28:10.037 [FXGL Background Thread 3 ] DEBUG Engine               - isExperimentalTiledLargeMap: false
01:28:10.038 [FXGL Background Thread 3 ] DEBUG Engine               - isFileSystemWriteAllowed: true
01:28:10.038 [FXGL Background Thread 3 ] DEBUG Engine               - isFullScreenAllowed: false
01:28:10.038 [FXGL Background Thread 3 ] DEBUG Engine               - isFullScreenFromStart: false
01:28:10.038 [FXGL Background Thread 3 ] DEBUG Engine               - isGameMenuEnabled: true
01:28:10.038 [FXGL Background Thread 3 ] DEBUG Engine               - isIOS: false
01:28:10.038 [FXGL Background Thread 3 ] DEBUG Engine               - isIntroEnabled: false
01:28:10.039 [FXGL Background Thread 3 ] DEBUG Engine               - isLinux: false
01:28:10.039 [FXGL Background Thread 3 ] DEBUG Engine               - isMac: false
01:28:10.039 [FXGL Background Thread 3 ] DEBUG Engine               - isMainMenuEnabled: false
01:28:10.039 [FXGL Background Thread 3 ] DEBUG Engine               - isManualResizeEnabled: false
01:28:10.039 [FXGL Background Thread 3 ] DEBUG Engine               - isMobile: false
01:28:10.039 [FXGL Background Thread 3 ] DEBUG Engine               - isNative: false
01:28:10.039 [FXGL Background Thread 3 ] DEBUG Engine               - isPauseMusicWhenMinimized: true
01:28:10.039 [FXGL Background Thread 3 ] DEBUG Engine               - isPreserveResizeRatio: false
01:28:10.040 [FXGL Background Thread 3 ] DEBUG Engine               - isProfilingEnabled: false
01:28:10.040 [FXGL Background Thread 3 ] DEBUG Engine               - isScaleAffectedOnResize: true
01:28:10.040 [FXGL Background Thread 3 ] DEBUG Engine               - isSingleStep: false
01:28:10.040 [FXGL Background Thread 3 ] DEBUG Engine               - isUserProfileEnabled: false
01:28:10.040 [FXGL Background Thread 3 ] DEBUG Engine               - isWindows: true
01:28:10.040 [FXGL Background Thread 3 ] DEBUG Engine               - language: ObjectProperty [value: ENGLISH]
01:28:10.041 [FXGL Background Thread 3 ] DEBUG Engine               - menuKey: ESCAPE
01:28:10.041 [FXGL Background Thread 3 ] DEBUG Engine               - mouseSensitivity: 0.2
01:28:10.041 [FXGL Background Thread 3 ] DEBUG Engine               - notificationViewClass: class com.almasb.fxgl.notification.view.XboxNotificationView
01:28:10.041 [FXGL Background Thread 3 ] DEBUG Engine               - pixelsPerMeter: 50.0
01:28:10.041 [FXGL Background Thread 3 ] DEBUG Engine               - platform: WINDOWS
01:28:10.041 [FXGL Background Thread 3 ] DEBUG Engine               - prefHeightProperty: ReadOnlyDoubleProperty [value: 960.0]
01:28:10.041 [FXGL Background Thread 3 ] DEBUG Engine               - prefWidthProperty: ReadOnlyDoubleProperty [value: 1280.0]
01:28:10.042 [FXGL Background Thread 3 ] DEBUG Engine               - profileDir: profiles/
01:28:10.042 [FXGL Background Thread 3 ] DEBUG Engine               - profileName: StringProperty [value: DEFAULT]
01:28:10.042 [FXGL Background Thread 3 ] DEBUG Engine               - randomSeed: -1
01:28:10.043 [FXGL Background Thread 3 ] DEBUG Engine               - runtimeInfo: RuntimeInfo(platform=WINDOWS, version=17.2, build=20.08.2022 16.50)
01:28:10.043 [FXGL Background Thread 3 ] DEBUG Engine               - saveFileExt: sav
01:28:10.043 [FXGL Background Thread 3 ] DEBUG Engine               - scaledHeightProp$fxgl: DoubleProperty [bound, value: 960.0]
01:28:10.043 [FXGL Background Thread 3 ] DEBUG Engine               - scaledWidthProp$fxgl: DoubleProperty [bound, value: 1280.0]
01:28:10.044 [FXGL Background Thread 3 ] DEBUG Engine               - sceneFactory: com.almasb.fxgl.app.scene.SceneFactory@36711d51
01:28:10.044 [FXGL Background Thread 3 ] DEBUG Engine               - secondsIn24h: 60
01:28:10.044 [FXGL Background Thread 3 ] DEBUG Engine               - soundMenuBack: menu/back.wav
01:28:10.044 [FXGL Background Thread 3 ] DEBUG Engine               - soundMenuPress: menu/press.wav
01:28:10.044 [FXGL Background Thread 3 ] DEBUG Engine               - soundMenuSelect: menu/select.wav
01:28:10.045 [FXGL Background Thread 3 ] DEBUG Engine               - soundNotification: core/notification.wav
01:28:10.045 [FXGL Background Thread 3 ] DEBUG Engine               - stageStyle: DECORATED
01:28:10.045 [FXGL Background Thread 3 ] DEBUG Engine               - supportedLanguages: [ENGLISH, FRENCH, GERMAN, HUNGARIAN, RUSSIAN]
01:28:10.045 [FXGL Background Thread 3 ] DEBUG Engine               - ticksPerSecond: -1
01:28:10.045 [FXGL Background Thread 3 ] DEBUG Engine               - title: Untitled
01:28:10.045 [FXGL Background Thread 3 ] DEBUG Engine               - urlGithub: https://github.com/AlmasB/FXGL
01:28:10.046 [FXGL Background Thread 3 ] DEBUG Engine               - urlLeaderboard: http://fxgl-top.herokuapp.com/
01:28:10.046 [FXGL Background Thread 3 ] DEBUG Engine               - urlPOM: https://raw.githubusercontent.com/AlmasB/FXGL/release/README.md
01:28:10.046 [FXGL Background Thread 3 ] DEBUG Engine               - userAppClass: class com.example.otherfxgltest.HelloApplication
01:28:10.046 [FXGL Background Thread 3 ] DEBUG Engine               - version: 0.0
01:28:10.046 [FXGL Background Thread 3 ] DEBUG Engine               - versionCheckDays: 7
01:28:10.046 [FXGL Background Thread 3 ] DEBUG Engine               - width: 1280
01:28:10.046 [FXGL Background Thread 3 ] DEBUG Engine               - Logging services
01:28:10.047 [FXGL Background Thread 3 ] DEBUG Engine               - class com.almasb.fxgl.app.services.FXGLAssetLoaderService
01:28:10.047 [FXGL Background Thread 3 ] DEBUG Engine               - class com.almasb.fxgl.app.FXGLApplication$GameApplicationService
01:28:10.047 [FXGL Background Thread 3 ] DEBUG Engine               - class com.almasb.fxgl.app.services.FXGLDialogService
01:28:10.047 [FXGL Background Thread 3 ] DEBUG Engine               - class com.almasb.fxgl.app.services.IOTaskExecutorService
01:28:10.047 [FXGL Background Thread 3 ] DEBUG Engine               - class com.almasb.fxgl.io.FileSystemService
01:28:10.047 [FXGL Background Thread 3 ] DEBUG Engine               - class com.almasb.fxgl.localization.LocalizationService
01:28:10.047 [FXGL Background Thread 3 ] DEBUG Engine               - class com.almasb.fxgl.app.services.SystemBundleService
01:28:10.047 [FXGL Background Thread 3 ] DEBUG Engine               - class com.almasb.fxgl.profile.SaveLoadService
01:28:10.048 [FXGL Background Thread 3 ] DEBUG Engine               - class com.almasb.fxgl.ui.FXGLUIFactoryServiceProvider
01:28:10.048 [FXGL Background Thread 3 ] DEBUG Engine               - class com.almasb.fxgl.ui.FXGLDialogFactoryServiceProvider
01:28:10.048 [FXGL Background Thread 3 ] DEBUG Engine               - class com.almasb.fxgl.audio.AudioPlayer
01:28:10.048 [FXGL Background Thread 3 ] DEBUG Engine               - class com.almasb.fxgl.notification.impl.NotificationServiceProvider
01:28:10.048 [FXGL Background Thread 3 ] DEBUG Engine               - class com.almasb.fxgl.achievement.AchievementService
01:28:10.048 [FXGL Background Thread 3 ] DEBUG Engine               - class com.almasb.fxgl.cutscene.CutsceneService
01:28:10.048 [FXGL Background Thread 3 ] DEBUG Engine               - class com.almasb.fxgl.minigames.MiniGameService
01:28:10.048 [FXGL Background Thread 3 ] DEBUG Engine               - class com.almasb.fxgl.net.NetService
01:28:10.049 [FXGL Background Thread 3 ] DEBUG Engine               - class com.almasb.fxgl.app.services.UpdaterService
01:28:10.049 [FXGL Background Thread 3 ] DEBUG Engine               - class com.almasb.fxgl.dev.DevService
01:28:57.957 [JavaFX Application Thread] DEBUG FXGLApplication      - Exiting FXGL
01:28:57.957 [JavaFX Application Thread] DEBUG LoopRunner           - Stopping loop
01:28:57.957 [JavaFX Application Thread] DEBUG SystemBundleService  - Saving FXGL system data
01:28:57.959 [JavaFX Application Thread] DEBUG FileSystemAccess     - Writing to: D:\java\Test\OtherFXGLTest\system\fxgl.bundle
01:28:57.961 [JavaFX Application Thread] DEBUG Async                - Shutting down background threads
01:28:57.961 [JavaFX Application Thread] DEBUG PrimaryStageWindow   - Closing main window
01:28:57.979 [JavaFX Application Thread] DEBUG Logger               - Closing Logger
