02:55:40.885 [main                     ] DEBUG Logger               - Configured Logger
02:55:40.945 [main                     ] DEBUG GameApplication      - Logging settings
Title: Untitled
Version: 0.0
Width: 960
Height: 660
Fullscreen: false
Intro: false
Profiling: false
Single step:false
App Mode: DEVELOPER
Menu Key: ESCAPE
Stage Style: DECORATED
Scene Factory: class com.almasb.fxgl.app.scene.SceneFactory

02:55:41.773 [JavaFX Application Thread] DEBUG FXGLApplication      - Initializing FXGL
02:55:41.783 [JavaFX Application Thread] INFO  Engine               - FXGL-17.2 (20.08.2022 16.50) on WINDOWS (J:17.0.6 FX:17.0.2-ea)
02:55:41.783 [JavaFX Application Thread] DEBUG Engine               - JRE Vendor Name: Oracle Corporation
02:55:41.784 [JavaFX Application Thread] DEBUG Engine               - Running on OS: Windows 10 version 10.0
02:55:41.784 [JavaFX Application Thread] DEBUG Engine               - Architecture: amd64
02:55:41.784 [JavaFX Application Thread] INFO  Engine               - Source code and latest versions at: https://github.com/AlmasB/FXGL
02:55:41.784 [JavaFX Application Thread] INFO  Engine               -       Ask questions and discuss at: https://github.com/AlmasB/FXGL/discussions
02:55:41.785 [JavaFX Application Thread] INFO  Engine               -              Join the FXGL chat at: https://gitter.im/AlmasB/FXGL
02:55:42.005 [JavaFX Application Thread] DEBUG PrimaryStageWindow   - Creating a JavaFX scene
02:55:42.074 [JavaFX Application Thread] DEBUG PrimaryStageWindow   - Target settings size: 960.0 x 660.0
02:55:42.074 [JavaFX Application Thread] DEBUG PrimaryStageWindow   - Scaled scene size:    960.0 x 660.0
02:55:42.075 [JavaFX Application Thread] DEBUG PrimaryStageWindow   - Scaled ratio: (1.0, 1.0)
02:55:42.076 [JavaFX Application Thread] DEBUG PrimaryStageWindow   - Set initial scene to FXGLStartupScene
02:55:42.087 [JavaFX Application Thread] DEBUG PrimaryStageWindow   - Opening main window
02:55:42.177 [JavaFX Application Thread] DEBUG PrimaryStageWindow   - Window border size: (16.0, 39.0)
02:55:42.178 [JavaFX Application Thread] DEBUG PrimaryStageWindow   - Scaled size: 960.0 x 660.0
02:55:42.178 [JavaFX Application Thread] DEBUG PrimaryStageWindow   - Scaled ratio: (1.0, 1.0)
02:55:42.178 [JavaFX Application Thread] DEBUG PrimaryStageWindow   - Scene size: 960.0 x 660.0
02:55:42.179 [JavaFX Application Thread] DEBUG PrimaryStageWindow   - Stage size: 976.0 x 699.0
02:55:42.191 [FXGL Background Thread 1 ] DEBUG Engine               - Initializing environment variables
02:55:42.247 [FXGL Background Thread 1 ] DEBUG FXGLAssetLoaderServi - User app class for loading assets: class com.example.otherfxgltest.HelloApplication
02:55:42.248 [FXGL Background Thread 1 ] DEBUG GameApplicationServi - Applying CSS: fxgl_dark.css
02:55:42.249 [FXGL Background Thread 1 ] DEBUG FXGLAssetLoaderServi - Loading from file system: jar:file:/C:/Users/phuon/.m2/repository/com/github/almasb/fxgl/17.2/fxgl-17.2.jar!/fxglassets/ui/css/fxgl_dark.css
02:55:42.307 [FXGL Background Thread 1 ] DEBUG GameApplicationServi - Initializing application scenes
02:55:42.391 [FXGL Background Thread 1 ] DEBUG GameWorld            - Game world initialized
02:55:42.453 [FXGL Background Thread 1 ] DEBUG PhysicsWorld         - Physics world initialized: appHeight=660, physics.ppm=50.0
02:55:42.453 [FXGL Background Thread 1 ] DEBUG PhysicsWorld         - Using strategy: BRUTE_FORCE
02:55:42.458 [FXGL Background Thread 1 ] DEBUG GameScene            - Game scene initialized: 960x660
02:55:42.479 [FXGL Background Thread 1 ] DEBUG FXGL.DefaultMenu     - createMenuBodyGameMenu()
02:55:42.501 [FXGL Background Thread 1 ] DEBUG FXGL.DefaultMenu     - createOptionsMenu()
02:55:42.517 [FXGL Background Thread 1 ] DEBUG FXGLAssetLoaderServi - Loading from file system: jar:file:/C:/Users/phuon/.m2/repository/com/github/almasb/fxgl/17.2/fxgl-17.2.jar!/fxglassets/textures/particles/smoke.png
02:55:42.667 [FXGL Background Thread 1 ] DEBUG FXGLAssetLoaderServi - Loading from file system: jar:file:/C:/Users/phuon/.m2/repository/com/github/almasb/fxgl/17.2/fxgl-17.2.jar!/fxglassets/textures/particles/trace_horizontal.png
02:55:42.712 [FXGL Background Thread 1 ] DEBUG GameApplicationServi - Application scenes initialized
02:55:42.739 [FXGL Background Thread 1 ] DEBUG SystemBundleService  - Loading FXGL system data
02:55:42.750 [FXGL Background Thread 1 ] DEBUG FileSystemAccess     - Reading from: D:\java\Test\OtherFXGLTest\system\fxgl.bundle
02:55:42.768 [FXGL Background Thread 1 ] DEBUG SystemBundleService  - Bundle FXGL: {}
02:55:42.768 [FXGL Background Thread 1 ] DEBUG UpdaterService       - Checking for updates
02:55:42.786 [FXGL Background Thread 1 ] DEBUG FXGLApplication      - Loading default localization
02:55:42.787 [FXGL Background Thread 1 ] DEBUG FXGLAssetLoaderServi - Loading from file system: jar:file:/C:/Users/phuon/.m2/repository/com/github/almasb/fxgl/17.2/fxgl-17.2.jar!/fxglassets/languages/english.lang
02:55:42.790 [FXGL Background Thread 4 ] DEBUG FXGLApplication      - Loading fonts
02:55:42.793 [FXGL Background Thread 4 ] DEBUG FXGLAssetLoaderServi - Loading from file system: jar:file:/C:/Users/phuon/.m2/repository/com/github/almasb/fxgl/17.2/fxgl-17.2.jar!/fxglassets/ui/fonts/VarelaRound-Regular.ttf
02:55:42.852 [FXGL Background Thread 1 ] INFO  FXGLApplication      - FXGL initialization took: 0.661 sec
02:55:42.865 [JavaFX Application Thread] DEBUG Input                - Registered new binding: Move Left - A
02:55:42.866 [JavaFX Application Thread] DEBUG Input                - Registered new binding: Move Up - W
02:55:42.866 [JavaFX Application Thread] DEBUG Input                - Registered new binding: Move Down - S
02:55:42.867 [JavaFX Application Thread] DEBUG Input                - Registered new binding: Move Right - D
02:55:42.867 [JavaFX Application Thread] DEBUG Input                - Registered new binding: Stop - Space
02:55:42.871 [JavaFX Application Thread] DEBUG Input                - Registered new binding: Fire - LMB
02:55:42.871 [JavaFX Application Thread] DEBUG FXGLAssetLoaderServi - Loading from file system: jar:file:/C:/Users/phuon/.m2/repository/com/github/almasb/fxgl/17.2/fxgl-17.2.jar!/fxglassets/textures/fxgl_icon.png
02:55:42.914 [JavaFX Application Thread] DEBUG FXGLAssetLoaderServi - Loading from file system: jar:file:/C:/Users/phuon/.m2/repository/com/github/almasb/fxgl/17.2/fxgl-17.2.jar!/fxglassets/textures/fxgl_default_cursor.png
02:55:42.921 [JavaFX Application Thread] DEBUG Input                - Registered new binding: Screenshot - CTRL+8
02:55:42.922 [JavaFX Application Thread] DEBUG Input                - Registered new binding: System info dump - CTRL+9
02:55:42.922 [JavaFX Application Thread] DEBUG Input                - Registered new binding: Restart - CTRL+R
02:55:42.923 [JavaFX Application Thread] DEBUG Input                - Registered new binding: Toggle Debug Camera - CTRL+7
02:55:42.925 [JavaFX Application Thread] DEBUG LoopRunner           - Starting loop
02:55:42.925 [JavaFX Application Thread] DEBUG LoopRunner           - Initializing JavaFX AnimationTimerLoop
02:55:42.927 [JavaFX Application Thread] DEBUG GameApplicationServi - Starting new game
02:55:42.928 [JavaFX Application Thread] DEBUG Input                - Clearing active input actions
02:55:42.948 [JavaFX Application Thread] DEBUG GameApplicationServi - Removing overlay from FXGLStartupScene and adding to FXGLLoadingScene
02:55:42.949 [JavaFX Application Thread] DEBUG PrimaryStageWindow   - FXGLStartupScene -> FXGLLoadingScene
02:55:42.949 [JavaFX Application Thread] DEBUG GameApplicationServi - Clearing previous game
02:55:42.950 [JavaFX Application Thread] DEBUG GameScene            - Clearing game scene
02:55:42.950 [JavaFX Application Thread] DEBUG GameWorld            - Clearing game world
02:55:42.950 [JavaFX Application Thread] DEBUG PhysicsWorld         - Clearing physics world
02:55:42.954 [FXGL Background Thread 1 ] DEBUG FXGLApplication      - Initializing game
02:55:43.084 [FXGL Background Thread 1 ] WARN  TMXLevelLoader       - TiledMap generated from 1.0.1. Supported version: 1.9.0. Some features may not be parsed fully.
02:55:43.145 [FXGL Background Thread 1 ] DEBUG TMXLevelLoader       - Parsed TiledMap: file:/D:/java/Test/OtherFXGLTest/target/classes/assets/levels/tmx/map3.tmx
02:55:43.152 [FXGL Background Thread 1 ] DEBUG TMXLevelLoader       - Creating tile layer entities
02:55:43.227 [FXGL Background Thread 1 ] DEBUG TilesetLoader        - Loading view for layer Tile Layer 1
02:55:43.230 [FXGL Background Thread 1 ] DEBUG TilesetLoader        - Created buffer with size 960.0x640.0
02:55:43.274 [FXGL Background Thread 1 ] DEBUG TMXLevelLoader       - Creating object layer entities
02:55:43.331 [FXGL Background Thread 1 ] DEBUG FXGLAssetLoaderServi - Loading from file system: file:/D:/java/Test/OtherFXGLTest/target/classes/assets/textures/monster-left.png
02:55:43.333 [FXGL Background Thread 1 ] DEBUG FXGLAssetLoaderServi - Loading from file system: file:/D:/java/Test/OtherFXGLTest/target/classes/assets/textures/monster-right.png
02:55:43.334 [FXGL Background Thread 1 ] DEBUG FXGLAssetLoaderServi - Loading from file system: file:/D:/java/Test/OtherFXGLTest/target/classes/assets/textures/monster-updown.png
02:55:43.348 [FXGL Background Thread 1 ] DEBUG FXGLAssetLoaderServi - Loading from file system: file:/D:/java/Test/OtherFXGLTest/target/classes/assets/textures/brick.png
02:55:43.375 [FXGL Background Thread 1 ] DEBUG FXGLAssetLoaderServi - Loading from file system: file:/D:/java/Test/OtherFXGLTest/target/classes/assets/textures/devil-left.png
02:55:43.377 [FXGL Background Thread 1 ] DEBUG FXGLAssetLoaderServi - Loading from file system: file:/D:/java/Test/OtherFXGLTest/target/classes/assets/textures/devil-right.png
02:55:43.378 [FXGL Background Thread 1 ] DEBUG FXGLAssetLoaderServi - Loading from file system: file:/D:/java/Test/OtherFXGLTest/target/classes/assets/textures/devil-updown.png
02:55:43.386 [FXGL Background Thread 1 ] DEBUG GameWorld            - Clearing removable entities
02:55:43.387 [FXGL Background Thread 1 ] DEBUG GameWorld            - Setting level: com.almasb.fxgl.entity.level.Level@11b61c2b
02:55:43.406 [FXGL Background Thread 1 ] DEBUG FXGLAssetLoaderServi - Loading from file system: file:/D:/java/Test/OtherFXGLTest/target/classes/assets/textures/poro.png
02:55:43.406 [FXGL Background Thread 4 ] DEBUG FXGLAssetLoaderServi - Loading from file system: jar:file:/C:/Users/phuon/.m2/repository/com/github/almasb/fxgl/17.2/fxgl-17.2.jar!/fxglassets/ui/fonts/Abel-Regular.ttf
02:55:43.410 [FXGL Background Thread 4 ] DEBUG FXGLAssetLoaderServi - Loading from file system: jar:file:/C:/Users/phuon/.m2/repository/com/github/almasb/fxgl/17.2/fxgl-17.2.jar!/fxglassets/ui/fonts/TerminalLandMono-Regular.otf
02:55:43.412 [FXGL Background Thread 1 ] DEBUG FXGLAssetLoaderServi - Loading from file system: file:/D:/java/Test/OtherFXGLTest/target/classes/assets/textures/poro--left.png
02:55:43.415 [FXGL Background Thread 1 ] DEBUG FXGLAssetLoaderServi - Loading from file system: file:/D:/java/Test/OtherFXGLTest/target/classes/assets/textures/poro--right.png
02:55:43.417 [FXGL Background Thread 1 ] DEBUG FXGLAssetLoaderServi - Loading from file system: file:/D:/java/Test/OtherFXGLTest/target/classes/assets/textures/poro--updown.png
02:55:43.426 [FXGL Background Thread 4 ] DEBUG FXGLAssetLoaderServi - Loading from file system: jar:file:/C:/Users/phuon/.m2/repository/com/github/almasb/fxgl/17.2/fxgl-17.2.jar!/fxglassets/ui/fonts/Courier-Prime.ttf
02:55:43.438 [FXGL Background Thread 1 ] INFO  FXGLApplication      - Game initialization took: 0.483 sec
02:55:43.439 [JavaFX Application Thread] DEBUG FXGLApplication      - Registering font factories with UI factory
02:55:43.441 [JavaFX Application Thread] DEBUG Input                - Clearing active input actions
02:55:43.460 [JavaFX Application Thread] DEBUG GameApplicationServi - Removing overlay from FXGLLoadingScene and adding to GameScene
02:55:43.460 [JavaFX Application Thread] DEBUG PrimaryStageWindow   - FXGLLoadingScene -> GameScene
02:55:45.780 [FXGL Background Thread 3 ] DEBUG Engine               - Logging environment variables
02:55:45.780 [FXGL Background Thread 3 ] DEBUG Engine               - achievements: []
02:55:45.780 [FXGL Background Thread 3 ] DEBUG Engine               - actualHeight: 660.0
02:55:45.781 [FXGL Background Thread 3 ] DEBUG Engine               - actualHeightProperty: ReadOnlyDoubleProperty [value: 660.0]
02:55:45.781 [FXGL Background Thread 3 ] DEBUG Engine               - actualWidth: 960.0
02:55:45.781 [FXGL Background Thread 3 ] DEBUG Engine               - actualWidthProperty: ReadOnlyDoubleProperty [value: 960.0]
02:55:45.781 [FXGL Background Thread 3 ] DEBUG Engine               - appIcon: fxgl_icon.png
02:55:45.781 [FXGL Background Thread 3 ] DEBUG Engine               - applicationMode: DEVELOPER
02:55:45.781 [FXGL Background Thread 3 ] DEBUG Engine               - cSSList: [fxgl_dark.css]
02:55:45.781 [FXGL Background Thread 3 ] DEBUG Engine               - collisionDetectionStrategy: BRUTE_FORCE
02:55:45.781 [FXGL Background Thread 3 ] DEBUG Engine               - configClass: Optional.empty
02:55:45.781 [FXGL Background Thread 3 ] DEBUG Engine               - credits: []
02:55:45.782 [FXGL Background Thread 3 ] DEBUG Engine               - defaultCursor: CursorInfo(imageName=fxgl_default_cursor.png, hotspotX=7.0, hotspotY=6.0)
02:55:45.782 [FXGL Background Thread 3 ] DEBUG Engine               - devBBoxColorProperty: ObjectProperty [value: 0xff0000ff]
02:55:45.782 [FXGL Background Thread 3 ] DEBUG Engine               - devEnableDebugCameraProperty: BooleanProperty [value: false]
02:55:45.782 [FXGL Background Thread 3 ] DEBUG Engine               - devSensorColorProperty: ObjectProperty [value: 0xffff00ff]
02:55:45.782 [FXGL Background Thread 3 ] DEBUG Engine               - devShowBBoxProperty: BooleanProperty [value: false]
02:55:45.782 [FXGL Background Thread 3 ] DEBUG Engine               - devShowPositionProperty: BooleanProperty [value: false]
02:55:45.782 [FXGL Background Thread 3 ] DEBUG Engine               - enabledMenuItems: []
02:55:45.782 [FXGL Background Thread 3 ] DEBUG Engine               - engineServices: [class com.almasb.fxgl.app.services.FXGLAssetLoaderService, class com.almasb.fxgl.app.FXGLApplication$GameApplicationService, class com.almasb.fxgl.app.services.FXGLDialogService, class com.almasb.fxgl.app.services.IOTaskExecutorService, class com.almasb.fxgl.io.FileSystemService, class com.almasb.fxgl.localization.LocalizationService, class com.almasb.fxgl.app.services.SystemBundleService, class com.almasb.fxgl.profile.SaveLoadService, class com.almasb.fxgl.ui.FXGLUIFactoryServiceProvider, class com.almasb.fxgl.ui.FXGLDialogFactoryServiceProvider, class com.almasb.fxgl.audio.AudioPlayer, class com.almasb.fxgl.notification.impl.NotificationServiceProvider, class com.almasb.fxgl.achievement.AchievementService, class com.almasb.fxgl.cutscene.CutsceneService, class com.almasb.fxgl.minigames.MiniGameService, class com.almasb.fxgl.net.NetService, class com.almasb.fxgl.app.services.UpdaterService, class com.almasb.fxgl.dev.DevService]
02:55:45.782 [FXGL Background Thread 3 ] DEBUG Engine               - fontGame: Abel-Regular.ttf
02:55:45.782 [FXGL Background Thread 3 ] DEBUG Engine               - fontMono: TerminalLandMono-Regular.otf
02:55:45.783 [FXGL Background Thread 3 ] DEBUG Engine               - fontText: Courier-Prime.ttf
02:55:45.783 [FXGL Background Thread 3 ] DEBUG Engine               - fontUI: VarelaRound-Regular.ttf
02:55:45.783 [FXGL Background Thread 3 ] DEBUG Engine               - fullScreen: BooleanProperty [value: false]
02:55:45.783 [FXGL Background Thread 3 ] DEBUG Engine               - gameDifficulty: MEDIUM
02:55:45.783 [FXGL Background Thread 3 ] DEBUG Engine               - gameDifficultyProperty: ObjectProperty [value: MEDIUM]
02:55:45.783 [FXGL Background Thread 3 ] DEBUG Engine               - globalMusicVolume: 0.5
02:55:45.783 [FXGL Background Thread 3 ] DEBUG Engine               - globalMusicVolumeProperty: DoubleProperty [value: 0.5]
02:55:45.783 [FXGL Background Thread 3 ] DEBUG Engine               - globalSoundVolume: 0.5
02:55:45.783 [FXGL Background Thread 3 ] DEBUG Engine               - globalSoundVolumeProperty: DoubleProperty [value: 0.5]
02:55:45.783 [FXGL Background Thread 3 ] DEBUG Engine               - height: 660
02:55:45.784 [FXGL Background Thread 3 ] DEBUG Engine               - is3D: false
02:55:45.784 [FXGL Background Thread 3 ] DEBUG Engine               - isAndroid: false
02:55:45.784 [FXGL Background Thread 3 ] DEBUG Engine               - isBrowser: false
02:55:45.784 [FXGL Background Thread 3 ] DEBUG Engine               - isClickFeedbackEnabled: false
02:55:45.784 [FXGL Background Thread 3 ] DEBUG Engine               - isCloseConfirmation: false
02:55:45.784 [FXGL Background Thread 3 ] DEBUG Engine               - isDesktop: true
02:55:45.784 [FXGL Background Thread 3 ] DEBUG Engine               - isDeveloperMenuEnabled: false
02:55:45.784 [FXGL Background Thread 3 ] DEBUG Engine               - isEmbedded: false
02:55:45.784 [FXGL Background Thread 3 ] DEBUG Engine               - isEntityPreloadEnabled: true
02:55:45.784 [FXGL Background Thread 3 ] DEBUG Engine               - isExperimentalTiledLargeMap: false
02:55:45.784 [FXGL Background Thread 3 ] DEBUG Engine               - isFileSystemWriteAllowed: true
02:55:45.784 [FXGL Background Thread 3 ] DEBUG Engine               - isFullScreenAllowed: false
02:55:45.784 [FXGL Background Thread 3 ] DEBUG Engine               - isFullScreenFromStart: false
02:55:45.784 [FXGL Background Thread 3 ] DEBUG Engine               - isGameMenuEnabled: true
02:55:45.784 [FXGL Background Thread 3 ] DEBUG Engine               - isIOS: false
02:55:45.784 [FXGL Background Thread 3 ] DEBUG Engine               - isIntroEnabled: false
02:55:45.784 [FXGL Background Thread 3 ] DEBUG Engine               - isLinux: false
02:55:45.785 [FXGL Background Thread 3 ] DEBUG Engine               - isMac: false
02:55:45.785 [FXGL Background Thread 3 ] DEBUG Engine               - isMainMenuEnabled: false
02:55:45.785 [FXGL Background Thread 3 ] DEBUG Engine               - isManualResizeEnabled: false
02:55:45.785 [FXGL Background Thread 3 ] DEBUG Engine               - isMobile: false
02:55:45.785 [FXGL Background Thread 3 ] DEBUG Engine               - isNative: false
02:55:45.785 [FXGL Background Thread 3 ] DEBUG Engine               - isPauseMusicWhenMinimized: true
02:55:45.785 [FXGL Background Thread 3 ] DEBUG Engine               - isPreserveResizeRatio: false
02:55:45.785 [FXGL Background Thread 3 ] DEBUG Engine               - isProfilingEnabled: false
02:55:45.785 [FXGL Background Thread 3 ] DEBUG Engine               - isScaleAffectedOnResize: true
02:55:45.785 [FXGL Background Thread 3 ] DEBUG Engine               - isSingleStep: false
02:55:45.785 [FXGL Background Thread 3 ] DEBUG Engine               - isUserProfileEnabled: false
02:55:45.786 [FXGL Background Thread 3 ] DEBUG Engine               - isWindows: true
02:55:45.786 [FXGL Background Thread 3 ] DEBUG Engine               - language: ObjectProperty [value: ENGLISH]
02:55:45.786 [FXGL Background Thread 3 ] DEBUG Engine               - menuKey: ESCAPE
02:55:45.786 [FXGL Background Thread 3 ] DEBUG Engine               - mouseSensitivity: 0.2
02:55:45.786 [FXGL Background Thread 3 ] DEBUG Engine               - notificationViewClass: class com.almasb.fxgl.notification.view.XboxNotificationView
02:55:45.786 [FXGL Background Thread 3 ] DEBUG Engine               - pixelsPerMeter: 50.0
02:55:45.786 [FXGL Background Thread 3 ] DEBUG Engine               - platform: WINDOWS
02:55:45.786 [FXGL Background Thread 3 ] DEBUG Engine               - prefHeightProperty: ReadOnlyDoubleProperty [value: 660.0]
02:55:45.786 [FXGL Background Thread 3 ] DEBUG Engine               - prefWidthProperty: ReadOnlyDoubleProperty [value: 960.0]
02:55:45.786 [FXGL Background Thread 3 ] DEBUG Engine               - profileDir: profiles/
02:55:45.787 [FXGL Background Thread 3 ] DEBUG Engine               - profileName: StringProperty [value: DEFAULT]
02:55:45.787 [FXGL Background Thread 3 ] DEBUG Engine               - randomSeed: -1
02:55:45.787 [FXGL Background Thread 3 ] DEBUG Engine               - runtimeInfo: RuntimeInfo(platform=WINDOWS, version=17.2, build=20.08.2022 16.50)
02:55:45.787 [FXGL Background Thread 3 ] DEBUG Engine               - saveFileExt: sav
02:55:45.787 [FXGL Background Thread 3 ] DEBUG Engine               - scaledHeightProp$fxgl: DoubleProperty [bound, value: 660.0]
02:55:45.787 [FXGL Background Thread 3 ] DEBUG Engine               - scaledWidthProp$fxgl: DoubleProperty [bound, value: 960.0]
02:55:45.788 [FXGL Background Thread 3 ] DEBUG Engine               - sceneFactory: com.almasb.fxgl.app.scene.SceneFactory@3fa192b5
02:55:45.788 [FXGL Background Thread 3 ] DEBUG Engine               - secondsIn24h: 60
02:55:45.788 [FXGL Background Thread 3 ] DEBUG Engine               - soundMenuBack: menu/back.wav
02:55:45.788 [FXGL Background Thread 3 ] DEBUG Engine               - soundMenuPress: menu/press.wav
02:55:45.788 [FXGL Background Thread 3 ] DEBUG Engine               - soundMenuSelect: menu/select.wav
02:55:45.788 [FXGL Background Thread 3 ] DEBUG Engine               - soundNotification: core/notification.wav
02:55:45.788 [FXGL Background Thread 3 ] DEBUG Engine               - stageStyle: DECORATED
02:55:45.788 [FXGL Background Thread 3 ] DEBUG Engine               - supportedLanguages: [ENGLISH, FRENCH, GERMAN, HUNGARIAN, RUSSIAN]
02:55:45.788 [FXGL Background Thread 3 ] DEBUG Engine               - ticksPerSecond: -1
02:55:45.788 [FXGL Background Thread 3 ] DEBUG Engine               - title: Untitled
02:55:45.788 [FXGL Background Thread 3 ] DEBUG Engine               - urlGithub: https://github.com/AlmasB/FXGL
02:55:45.788 [FXGL Background Thread 3 ] DEBUG Engine               - urlLeaderboard: http://fxgl-top.herokuapp.com/
02:55:45.788 [FXGL Background Thread 3 ] DEBUG Engine               - urlPOM: https://raw.githubusercontent.com/AlmasB/FXGL/release/README.md
02:55:45.788 [FXGL Background Thread 3 ] DEBUG Engine               - userAppClass: class com.example.otherfxgltest.HelloApplication
02:55:45.789 [FXGL Background Thread 3 ] DEBUG Engine               - version: 0.0
02:55:45.789 [FXGL Background Thread 3 ] DEBUG Engine               - versionCheckDays: 7
02:55:45.789 [FXGL Background Thread 3 ] DEBUG Engine               - width: 960
02:55:45.789 [FXGL Background Thread 3 ] DEBUG Engine               - Logging services
02:55:45.789 [FXGL Background Thread 3 ] DEBUG Engine               - class com.almasb.fxgl.app.services.FXGLAssetLoaderService
02:55:45.789 [FXGL Background Thread 3 ] DEBUG Engine               - class com.almasb.fxgl.app.FXGLApplication$GameApplicationService
02:55:45.789 [FXGL Background Thread 3 ] DEBUG Engine               - class com.almasb.fxgl.app.services.FXGLDialogService
02:55:45.789 [FXGL Background Thread 3 ] DEBUG Engine               - class com.almasb.fxgl.app.services.IOTaskExecutorService
02:55:45.789 [FXGL Background Thread 3 ] DEBUG Engine               - class com.almasb.fxgl.io.FileSystemService
02:55:45.789 [FXGL Background Thread 3 ] DEBUG Engine               - class com.almasb.fxgl.localization.LocalizationService
02:55:45.789 [FXGL Background Thread 3 ] DEBUG Engine               - class com.almasb.fxgl.app.services.SystemBundleService
02:55:45.789 [FXGL Background Thread 3 ] DEBUG Engine               - class com.almasb.fxgl.profile.SaveLoadService
02:55:45.789 [FXGL Background Thread 3 ] DEBUG Engine               - class com.almasb.fxgl.ui.FXGLUIFactoryServiceProvider
02:55:45.789 [FXGL Background Thread 3 ] DEBUG Engine               - class com.almasb.fxgl.ui.FXGLDialogFactoryServiceProvider
02:55:45.789 [FXGL Background Thread 3 ] DEBUG Engine               - class com.almasb.fxgl.audio.AudioPlayer
02:55:45.789 [FXGL Background Thread 3 ] DEBUG Engine               - class com.almasb.fxgl.notification.impl.NotificationServiceProvider
02:55:45.790 [FXGL Background Thread 3 ] DEBUG Engine               - class com.almasb.fxgl.achievement.AchievementService
02:55:45.790 [FXGL Background Thread 3 ] DEBUG Engine               - class com.almasb.fxgl.cutscene.CutsceneService
02:55:45.790 [FXGL Background Thread 3 ] DEBUG Engine               - class com.almasb.fxgl.minigames.MiniGameService
02:55:45.790 [FXGL Background Thread 3 ] DEBUG Engine               - class com.almasb.fxgl.net.NetService
02:55:45.790 [FXGL Background Thread 3 ] DEBUG Engine               - class com.almasb.fxgl.app.services.UpdaterService
02:55:45.790 [FXGL Background Thread 3 ] DEBUG Engine               - class com.almasb.fxgl.dev.DevService
02:55:49.926 [JavaFX Application Thread] DEBUG FXGLApplication      - Exiting FXGL
02:55:49.926 [JavaFX Application Thread] DEBUG LoopRunner           - Stopping loop
02:55:49.926 [JavaFX Application Thread] DEBUG SystemBundleService  - Saving FXGL system data
02:55:49.928 [JavaFX Application Thread] DEBUG FileSystemAccess     - Writing to: D:\java\Test\OtherFXGLTest\system\fxgl.bundle
02:55:49.930 [JavaFX Application Thread] DEBUG Async                - Shutting down background threads
02:55:49.930 [JavaFX Application Thread] DEBUG PrimaryStageWindow   - Closing main window
02:55:49.955 [JavaFX Application Thread] DEBUG Logger               - Closing Logger
