00:52:44.208 [main                     ] DEBUG Logger               - Configured Logger
00:52:44.249 [main                     ] DEBUG GameApplication      - Logging settings
Title: Untitled
Version: 0.0
Width: 960
Height: 640
Fullscreen: false
Intro: false
Profiling: false
Single step:false
App Mode: DEVELOPER
Menu Key: ESCAPE
Stage Style: DECORATED
Scene Factory: class com.almasb.fxgl.app.scene.SceneFactory

00:52:44.803 [JavaFX Application Thread] DEBUG FXGLApplication      - Initializing FXGL
00:52:44.811 [JavaFX Application Thread] INFO  Engine               - FXGL-17.2 (20.08.2022 16.50) on WINDOWS (J:17.0.6 FX:17.0.2-ea)
00:52:44.811 [JavaFX Application Thread] DEBUG Engine               - JRE Vendor Name: Oracle Corporation
00:52:44.811 [JavaFX Application Thread] DEBUG Engine               - Running on OS: Windows 10 version 10.0
00:52:44.812 [JavaFX Application Thread] DEBUG Engine               - Architecture: amd64
00:52:44.812 [JavaFX Application Thread] INFO  Engine               - Source code and latest versions at: https://github.com/AlmasB/FXGL
00:52:44.812 [JavaFX Application Thread] INFO  Engine               -       Ask questions and discuss at: https://github.com/AlmasB/FXGL/discussions
00:52:44.812 [JavaFX Application Thread] INFO  Engine               -              Join the FXGL chat at: https://gitter.im/AlmasB/FXGL
00:52:44.962 [JavaFX Application Thread] DEBUG PrimaryStageWindow   - Creating a JavaFX scene
00:52:45.021 [JavaFX Application Thread] DEBUG PrimaryStageWindow   - Target settings size: 960.0 x 640.0
00:52:45.021 [JavaFX Application Thread] DEBUG PrimaryStageWindow   - Scaled scene size:    960.0 x 640.0
00:52:45.022 [JavaFX Application Thread] DEBUG PrimaryStageWindow   - Scaled ratio: (1.0, 1.0)
00:52:45.023 [JavaFX Application Thread] DEBUG PrimaryStageWindow   - Set initial scene to FXGLStartupScene
00:52:45.034 [JavaFX Application Thread] DEBUG PrimaryStageWindow   - Opening main window
00:52:45.131 [JavaFX Application Thread] DEBUG PrimaryStageWindow   - Window border size: (16.0, 39.0)
00:52:45.131 [JavaFX Application Thread] DEBUG PrimaryStageWindow   - Scaled size: 960.0 x 640.0
00:52:45.131 [JavaFX Application Thread] DEBUG PrimaryStageWindow   - Scaled ratio: (1.0, 1.0)
00:52:45.132 [JavaFX Application Thread] DEBUG PrimaryStageWindow   - Scene size: 960.0 x 640.0
00:52:45.132 [JavaFX Application Thread] DEBUG PrimaryStageWindow   - Stage size: 976.0 x 679.0
00:52:45.144 [FXGL Background Thread 1 ] DEBUG Engine               - Initializing environment variables
00:52:45.190 [FXGL Background Thread 1 ] DEBUG FXGLAssetLoaderServi - User app class for loading assets: class com.example.otherfxgltest.HelloApplication
00:52:45.190 [FXGL Background Thread 1 ] DEBUG GameApplicationServi - Applying CSS: fxgl_dark.css
00:52:45.192 [FXGL Background Thread 1 ] DEBUG FXGLAssetLoaderServi - Loading from file system: jar:file:/C:/Users/phuon/.m2/repository/com/github/almasb/fxgl/17.2/fxgl-17.2.jar!/fxglassets/ui/css/fxgl_dark.css
00:52:45.252 [FXGL Background Thread 1 ] DEBUG GameApplicationServi - Initializing application scenes
00:52:45.333 [FXGL Background Thread 1 ] DEBUG GameWorld            - Game world initialized
00:52:45.397 [FXGL Background Thread 1 ] DEBUG PhysicsWorld         - Physics world initialized: appHeight=640, physics.ppm=50.0
00:52:45.397 [FXGL Background Thread 1 ] DEBUG PhysicsWorld         - Using strategy: BRUTE_FORCE
00:52:45.403 [FXGL Background Thread 1 ] DEBUG GameScene            - Game scene initialized: 960x640
00:52:45.421 [FXGL Background Thread 1 ] DEBUG FXGL.DefaultMenu     - createMenuBodyGameMenu()
00:52:45.449 [FXGL Background Thread 1 ] DEBUG FXGL.DefaultMenu     - createOptionsMenu()
00:52:45.476 [FXGL Background Thread 1 ] DEBUG FXGLAssetLoaderServi - Loading from file system: jar:file:/C:/Users/phuon/.m2/repository/com/github/almasb/fxgl/17.2/fxgl-17.2.jar!/fxglassets/textures/particles/smoke.png
00:52:45.590 [FXGL Background Thread 1 ] DEBUG FXGLAssetLoaderServi - Loading from file system: jar:file:/C:/Users/phuon/.m2/repository/com/github/almasb/fxgl/17.2/fxgl-17.2.jar!/fxglassets/textures/particles/trace_horizontal.png
00:52:45.620 [FXGL Background Thread 1 ] DEBUG GameApplicationServi - Application scenes initialized
00:52:45.642 [FXGL Background Thread 1 ] DEBUG SystemBundleService  - Loading FXGL system data
00:52:45.649 [FXGL Background Thread 1 ] DEBUG FileSystemAccess     - Reading from: D:\java\Test\OtherFXGLTest\system\fxgl.bundle
00:52:45.657 [FXGL Background Thread 1 ] DEBUG SystemBundleService  - Bundle FXGL: {}
00:52:45.658 [FXGL Background Thread 1 ] DEBUG UpdaterService       - Checking for updates
00:52:45.663 [FXGL Background Thread 1 ] DEBUG FXGLApplication      - Loading default localization
00:52:45.664 [FXGL Background Thread 1 ] DEBUG FXGLAssetLoaderServi - Loading from file system: jar:file:/C:/Users/phuon/.m2/repository/com/github/almasb/fxgl/17.2/fxgl-17.2.jar!/fxglassets/languages/english.lang
00:52:45.670 [FXGL Background Thread 4 ] DEBUG FXGLApplication      - Loading fonts
00:52:45.670 [FXGL Background Thread 4 ] DEBUG FXGLAssetLoaderServi - Loading from file system: jar:file:/C:/Users/phuon/.m2/repository/com/github/almasb/fxgl/17.2/fxgl-17.2.jar!/fxglassets/ui/fonts/VarelaRound-Regular.ttf
00:52:45.696 [FXGL Background Thread 1 ] INFO  FXGLApplication      - FXGL initialization took: 0.551 sec
00:52:45.708 [JavaFX Application Thread] DEBUG Input                - Registered new binding: Move Left - A
00:52:45.708 [JavaFX Application Thread] DEBUG Input                - Registered new binding: Move Up - W
00:52:45.709 [JavaFX Application Thread] DEBUG Input                - Registered new binding: Move Down - S
00:52:45.709 [JavaFX Application Thread] DEBUG Input                - Registered new binding: Move Right - D
00:52:45.712 [JavaFX Application Thread] DEBUG Input                - Registered new binding: Stop - Space
00:52:45.715 [JavaFX Application Thread] DEBUG Input                - Registered new binding: Fire - LMB
00:52:45.715 [JavaFX Application Thread] DEBUG FXGLAssetLoaderServi - Loading from file system: jar:file:/C:/Users/phuon/.m2/repository/com/github/almasb/fxgl/17.2/fxgl-17.2.jar!/fxglassets/textures/fxgl_icon.png
00:52:45.748 [JavaFX Application Thread] DEBUG FXGLAssetLoaderServi - Loading from file system: jar:file:/C:/Users/phuon/.m2/repository/com/github/almasb/fxgl/17.2/fxgl-17.2.jar!/fxglassets/textures/fxgl_default_cursor.png
00:52:45.752 [JavaFX Application Thread] DEBUG Input                - Registered new binding: Screenshot - CTRL+8
00:52:45.753 [JavaFX Application Thread] DEBUG Input                - Registered new binding: System info dump - CTRL+9
00:52:45.753 [JavaFX Application Thread] DEBUG Input                - Registered new binding: Restart - CTRL+R
00:52:45.754 [JavaFX Application Thread] DEBUG Input                - Registered new binding: Toggle Debug Camera - CTRL+7
00:52:45.756 [JavaFX Application Thread] DEBUG LoopRunner           - Starting loop
00:52:45.756 [JavaFX Application Thread] DEBUG LoopRunner           - Initializing JavaFX AnimationTimerLoop
00:52:45.758 [JavaFX Application Thread] DEBUG GameApplicationServi - Starting new game
00:52:45.758 [JavaFX Application Thread] DEBUG Input                - Clearing active input actions
00:52:45.772 [JavaFX Application Thread] DEBUG GameApplicationServi - Removing overlay from FXGLStartupScene and adding to FXGLLoadingScene
00:52:45.773 [JavaFX Application Thread] DEBUG PrimaryStageWindow   - FXGLStartupScene -> FXGLLoadingScene
00:52:45.773 [JavaFX Application Thread] DEBUG GameApplicationServi - Clearing previous game
00:52:45.773 [JavaFX Application Thread] DEBUG GameScene            - Clearing game scene
00:52:45.773 [JavaFX Application Thread] DEBUG GameWorld            - Clearing game world
00:52:45.773 [JavaFX Application Thread] DEBUG PhysicsWorld         - Clearing physics world
00:52:45.775 [FXGL Background Thread 1 ] DEBUG FXGLApplication      - Initializing game
00:52:45.902 [FXGL Background Thread 1 ] WARN  TMXLevelLoader       - TiledMap generated from 1.0.1. Supported version: 1.9.0. Some features may not be parsed fully.
00:52:45.923 [FXGL Background Thread 1 ] DEBUG TMXLevelLoader       - Parsed TiledMap: file:/D:/java/Test/OtherFXGLTest/target/classes/assets/levels/tmx/map3.tmx
00:52:45.924 [FXGL Background Thread 1 ] DEBUG TMXLevelLoader       - Creating tile layer entities
00:52:45.926 [FXGL Background Thread 1 ] DEBUG TilesetLoader        - Loading view for layer Tile Layer 1
00:52:45.927 [FXGL Background Thread 1 ] DEBUG TilesetLoader        - Created buffer with size 960.0x640.0
00:52:45.940 [FXGL Background Thread 1 ] DEBUG TMXLevelLoader       - Creating object layer entities
00:52:46.035 [FXGL Background Thread 1 ] DEBUG FXGLAssetLoaderServi - Loading from file system: file:/D:/java/Test/OtherFXGLTest/target/classes/assets/textures/brick.png
00:52:46.062 [FXGL Background Thread 1 ] DEBUG GameWorld            - Clearing removable entities
00:52:46.063 [FXGL Background Thread 1 ] DEBUG GameWorld            - Setting level: com.almasb.fxgl.entity.level.Level@38a813b2
00:52:46.077 [FXGL Background Thread 1 ] DEBUG FXGLAssetLoaderServi - Loading from file system: file:/D:/java/Test/OtherFXGLTest/target/classes/assets/textures/poro.png
00:52:46.081 [FXGL Background Thread 1 ] DEBUG FXGLAssetLoaderServi - Loading from file system: file:/D:/java/Test/OtherFXGLTest/target/classes/assets/textures/poro--left.png
00:52:46.085 [FXGL Background Thread 1 ] DEBUG FXGLAssetLoaderServi - Loading from file system: file:/D:/java/Test/OtherFXGLTest/target/classes/assets/textures/poro--right.png
00:52:46.087 [FXGL Background Thread 1 ] DEBUG FXGLAssetLoaderServi - Loading from file system: file:/D:/java/Test/OtherFXGLTest/target/classes/assets/textures/poro--updown.png
00:52:46.104 [FXGL Background Thread 1 ] INFO  FXGLApplication      - Game initialization took: 0.329 sec
00:52:46.110 [JavaFX Application Thread] DEBUG Input                - Clearing active input actions
00:52:46.125 [JavaFX Application Thread] DEBUG GameApplicationServi - Removing overlay from FXGLLoadingScene and adding to GameScene
00:52:46.125 [JavaFX Application Thread] DEBUG PrimaryStageWindow   - FXGLLoadingScene -> GameScene
00:52:46.219 [FXGL Background Thread 4 ] DEBUG FXGLAssetLoaderServi - Loading from file system: jar:file:/C:/Users/phuon/.m2/repository/com/github/almasb/fxgl/17.2/fxgl-17.2.jar!/fxglassets/ui/fonts/Abel-Regular.ttf
00:52:46.223 [FXGL Background Thread 4 ] DEBUG FXGLAssetLoaderServi - Loading from file system: jar:file:/C:/Users/phuon/.m2/repository/com/github/almasb/fxgl/17.2/fxgl-17.2.jar!/fxglassets/ui/fonts/TerminalLandMono-Regular.otf
00:52:46.230 [FXGL Background Thread 4 ] DEBUG FXGLAssetLoaderServi - Loading from file system: jar:file:/C:/Users/phuon/.m2/repository/com/github/almasb/fxgl/17.2/fxgl-17.2.jar!/fxglassets/ui/fonts/Courier-Prime.ttf
00:52:46.236 [JavaFX Application Thread] DEBUG FXGLApplication      - Registering font factories with UI factory
00:52:48.663 [FXGL Background Thread 3 ] DEBUG Engine               - Logging environment variables
00:52:48.664 [FXGL Background Thread 3 ] DEBUG Engine               - achievements: []
00:52:48.664 [FXGL Background Thread 3 ] DEBUG Engine               - actualHeight: 640.0
00:52:48.665 [FXGL Background Thread 3 ] DEBUG Engine               - actualHeightProperty: ReadOnlyDoubleProperty [value: 640.0]
00:52:48.665 [FXGL Background Thread 3 ] DEBUG Engine               - actualWidth: 960.0
00:52:48.665 [FXGL Background Thread 3 ] DEBUG Engine               - actualWidthProperty: ReadOnlyDoubleProperty [value: 960.0]
00:52:48.665 [FXGL Background Thread 3 ] DEBUG Engine               - appIcon: fxgl_icon.png
00:52:48.665 [FXGL Background Thread 3 ] DEBUG Engine               - applicationMode: DEVELOPER
00:52:48.666 [FXGL Background Thread 3 ] DEBUG Engine               - cSSList: [fxgl_dark.css]
00:52:48.666 [FXGL Background Thread 3 ] DEBUG Engine               - collisionDetectionStrategy: BRUTE_FORCE
00:52:48.666 [FXGL Background Thread 3 ] DEBUG Engine               - configClass: Optional.empty
00:52:48.666 [FXGL Background Thread 3 ] DEBUG Engine               - credits: []
00:52:48.667 [FXGL Background Thread 3 ] DEBUG Engine               - defaultCursor: CursorInfo(imageName=fxgl_default_cursor.png, hotspotX=7.0, hotspotY=6.0)
00:52:48.668 [FXGL Background Thread 3 ] DEBUG Engine               - devBBoxColorProperty: ObjectProperty [value: 0xff0000ff]
00:52:48.668 [FXGL Background Thread 3 ] DEBUG Engine               - devEnableDebugCameraProperty: BooleanProperty [value: false]
00:52:48.668 [FXGL Background Thread 3 ] DEBUG Engine               - devSensorColorProperty: ObjectProperty [value: 0xffff00ff]
00:52:48.668 [FXGL Background Thread 3 ] DEBUG Engine               - devShowBBoxProperty: BooleanProperty [value: false]
00:52:48.669 [FXGL Background Thread 3 ] DEBUG Engine               - devShowPositionProperty: BooleanProperty [value: false]
00:52:48.669 [FXGL Background Thread 3 ] DEBUG Engine               - enabledMenuItems: []
00:52:48.669 [FXGL Background Thread 3 ] DEBUG Engine               - engineServices: [class com.almasb.fxgl.app.services.FXGLAssetLoaderService, class com.almasb.fxgl.app.FXGLApplication$GameApplicationService, class com.almasb.fxgl.app.services.FXGLDialogService, class com.almasb.fxgl.app.services.IOTaskExecutorService, class com.almasb.fxgl.io.FileSystemService, class com.almasb.fxgl.localization.LocalizationService, class com.almasb.fxgl.app.services.SystemBundleService, class com.almasb.fxgl.profile.SaveLoadService, class com.almasb.fxgl.ui.FXGLUIFactoryServiceProvider, class com.almasb.fxgl.ui.FXGLDialogFactoryServiceProvider, class com.almasb.fxgl.audio.AudioPlayer, class com.almasb.fxgl.notification.impl.NotificationServiceProvider, class com.almasb.fxgl.achievement.AchievementService, class com.almasb.fxgl.cutscene.CutsceneService, class com.almasb.fxgl.minigames.MiniGameService, class com.almasb.fxgl.net.NetService, class com.almasb.fxgl.app.services.UpdaterService, class com.almasb.fxgl.dev.DevService]
00:52:48.669 [FXGL Background Thread 3 ] DEBUG Engine               - fontGame: Abel-Regular.ttf
00:52:48.669 [FXGL Background Thread 3 ] DEBUG Engine               - fontMono: TerminalLandMono-Regular.otf
00:52:48.669 [FXGL Background Thread 3 ] DEBUG Engine               - fontText: Courier-Prime.ttf
00:52:48.670 [FXGL Background Thread 3 ] DEBUG Engine               - fontUI: VarelaRound-Regular.ttf
00:52:48.670 [FXGL Background Thread 3 ] DEBUG Engine               - fullScreen: BooleanProperty [value: false]
00:52:48.670 [FXGL Background Thread 3 ] DEBUG Engine               - gameDifficulty: MEDIUM
00:52:48.670 [FXGL Background Thread 3 ] DEBUG Engine               - gameDifficultyProperty: ObjectProperty [value: MEDIUM]
00:52:48.670 [FXGL Background Thread 3 ] DEBUG Engine               - globalMusicVolume: 0.5
00:52:48.670 [FXGL Background Thread 3 ] DEBUG Engine               - globalMusicVolumeProperty: DoubleProperty [value: 0.5]
00:52:48.671 [FXGL Background Thread 3 ] DEBUG Engine               - globalSoundVolume: 0.5
00:52:48.671 [FXGL Background Thread 3 ] DEBUG Engine               - globalSoundVolumeProperty: DoubleProperty [value: 0.5]
00:52:48.671 [FXGL Background Thread 3 ] DEBUG Engine               - height: 640
00:52:48.671 [FXGL Background Thread 3 ] DEBUG Engine               - is3D: false
00:52:48.671 [FXGL Background Thread 3 ] DEBUG Engine               - isAndroid: false
00:52:48.671 [FXGL Background Thread 3 ] DEBUG Engine               - isBrowser: false
00:52:48.671 [FXGL Background Thread 3 ] DEBUG Engine               - isClickFeedbackEnabled: false
00:52:48.672 [FXGL Background Thread 3 ] DEBUG Engine               - isCloseConfirmation: false
00:52:48.672 [FXGL Background Thread 3 ] DEBUG Engine               - isDesktop: true
00:52:48.672 [FXGL Background Thread 3 ] DEBUG Engine               - isDeveloperMenuEnabled: false
00:52:48.672 [FXGL Background Thread 3 ] DEBUG Engine               - isEmbedded: false
00:52:48.672 [FXGL Background Thread 3 ] DEBUG Engine               - isEntityPreloadEnabled: true
00:52:48.672 [FXGL Background Thread 3 ] DEBUG Engine               - isExperimentalTiledLargeMap: false
00:52:48.673 [FXGL Background Thread 3 ] DEBUG Engine               - isFileSystemWriteAllowed: true
00:52:48.673 [FXGL Background Thread 3 ] DEBUG Engine               - isFullScreenAllowed: false
00:52:48.673 [FXGL Background Thread 3 ] DEBUG Engine               - isFullScreenFromStart: false
00:52:48.673 [FXGL Background Thread 3 ] DEBUG Engine               - isGameMenuEnabled: true
00:52:48.673 [FXGL Background Thread 3 ] DEBUG Engine               - isIOS: false
00:52:48.673 [FXGL Background Thread 3 ] DEBUG Engine               - isIntroEnabled: false
00:52:48.673 [FXGL Background Thread 3 ] DEBUG Engine               - isLinux: false
00:52:48.674 [FXGL Background Thread 3 ] DEBUG Engine               - isMac: false
00:52:48.674 [FXGL Background Thread 3 ] DEBUG Engine               - isMainMenuEnabled: false
00:52:48.674 [FXGL Background Thread 3 ] DEBUG Engine               - isManualResizeEnabled: false
00:52:48.674 [FXGL Background Thread 3 ] DEBUG Engine               - isMobile: false
00:52:48.674 [FXGL Background Thread 3 ] DEBUG Engine               - isNative: false
00:52:48.674 [FXGL Background Thread 3 ] DEBUG Engine               - isPauseMusicWhenMinimized: true
00:52:48.675 [FXGL Background Thread 3 ] DEBUG Engine               - isPreserveResizeRatio: false
00:52:48.675 [FXGL Background Thread 3 ] DEBUG Engine               - isProfilingEnabled: false
00:52:48.675 [FXGL Background Thread 3 ] DEBUG Engine               - isScaleAffectedOnResize: true
00:52:48.675 [FXGL Background Thread 3 ] DEBUG Engine               - isSingleStep: false
00:52:48.675 [FXGL Background Thread 3 ] DEBUG Engine               - isUserProfileEnabled: false
00:52:48.675 [FXGL Background Thread 3 ] DEBUG Engine               - isWindows: true
00:52:48.675 [FXGL Background Thread 3 ] DEBUG Engine               - language: ObjectProperty [value: ENGLISH]
00:52:48.676 [FXGL Background Thread 3 ] DEBUG Engine               - menuKey: ESCAPE
00:52:48.676 [FXGL Background Thread 3 ] DEBUG Engine               - mouseSensitivity: 0.2
00:52:48.676 [FXGL Background Thread 3 ] DEBUG Engine               - notificationViewClass: class com.almasb.fxgl.notification.view.XboxNotificationView
00:52:48.676 [FXGL Background Thread 3 ] DEBUG Engine               - pixelsPerMeter: 50.0
00:52:48.677 [FXGL Background Thread 3 ] DEBUG Engine               - platform: WINDOWS
00:52:48.677 [FXGL Background Thread 3 ] DEBUG Engine               - prefHeightProperty: ReadOnlyDoubleProperty [value: 640.0]
00:52:48.677 [FXGL Background Thread 3 ] DEBUG Engine               - prefWidthProperty: ReadOnlyDoubleProperty [value: 960.0]
00:52:48.677 [FXGL Background Thread 3 ] DEBUG Engine               - profileDir: profiles/
00:52:48.677 [FXGL Background Thread 3 ] DEBUG Engine               - profileName: StringProperty [value: DEFAULT]
00:52:48.678 [FXGL Background Thread 3 ] DEBUG Engine               - randomSeed: -1
00:52:48.678 [FXGL Background Thread 3 ] DEBUG Engine               - runtimeInfo: RuntimeInfo(platform=WINDOWS, version=17.2, build=20.08.2022 16.50)
00:52:48.678 [FXGL Background Thread 3 ] DEBUG Engine               - saveFileExt: sav
00:52:48.679 [FXGL Background Thread 3 ] DEBUG Engine               - scaledHeightProp$fxgl: DoubleProperty [bound, value: 640.0]
00:52:48.679 [FXGL Background Thread 3 ] DEBUG Engine               - scaledWidthProp$fxgl: DoubleProperty [bound, value: 960.0]
00:52:48.679 [FXGL Background Thread 3 ] DEBUG Engine               - sceneFactory: com.almasb.fxgl.app.scene.SceneFactory@3407181
00:52:48.679 [FXGL Background Thread 3 ] DEBUG Engine               - secondsIn24h: 60
00:52:48.679 [FXGL Background Thread 3 ] DEBUG Engine               - soundMenuBack: menu/back.wav
00:52:48.679 [FXGL Background Thread 3 ] DEBUG Engine               - soundMenuPress: menu/press.wav
00:52:48.679 [FXGL Background Thread 3 ] DEBUG Engine               - soundMenuSelect: menu/select.wav
00:52:48.680 [FXGL Background Thread 3 ] DEBUG Engine               - soundNotification: core/notification.wav
00:52:48.680 [FXGL Background Thread 3 ] DEBUG Engine               - stageStyle: DECORATED
00:52:48.680 [FXGL Background Thread 3 ] DEBUG Engine               - supportedLanguages: [ENGLISH, FRENCH, GERMAN, HUNGARIAN, RUSSIAN]
00:52:48.680 [FXGL Background Thread 3 ] DEBUG Engine               - ticksPerSecond: -1
00:52:48.680 [FXGL Background Thread 3 ] DEBUG Engine               - title: Untitled
00:52:48.680 [FXGL Background Thread 3 ] DEBUG Engine               - urlGithub: https://github.com/AlmasB/FXGL
00:52:48.681 [FXGL Background Thread 3 ] DEBUG Engine               - urlLeaderboard: http://fxgl-top.herokuapp.com/
00:52:48.681 [FXGL Background Thread 3 ] DEBUG Engine               - urlPOM: https://raw.githubusercontent.com/AlmasB/FXGL/release/README.md
00:52:48.681 [FXGL Background Thread 3 ] DEBUG Engine               - userAppClass: class com.example.otherfxgltest.HelloApplication
00:52:48.681 [FXGL Background Thread 3 ] DEBUG Engine               - version: 0.0
00:52:48.681 [FXGL Background Thread 3 ] DEBUG Engine               - versionCheckDays: 7
00:52:48.681 [FXGL Background Thread 3 ] DEBUG Engine               - width: 960
00:52:48.681 [FXGL Background Thread 3 ] DEBUG Engine               - Logging services
00:52:48.682 [FXGL Background Thread 3 ] DEBUG Engine               - class com.almasb.fxgl.app.services.FXGLAssetLoaderService
00:52:48.682 [FXGL Background Thread 3 ] DEBUG Engine               - class com.almasb.fxgl.app.FXGLApplication$GameApplicationService
00:52:48.682 [FXGL Background Thread 3 ] DEBUG Engine               - class com.almasb.fxgl.app.services.FXGLDialogService
00:52:48.682 [FXGL Background Thread 3 ] DEBUG Engine               - class com.almasb.fxgl.app.services.IOTaskExecutorService
00:52:48.682 [FXGL Background Thread 3 ] DEBUG Engine               - class com.almasb.fxgl.io.FileSystemService
00:52:48.682 [FXGL Background Thread 3 ] DEBUG Engine               - class com.almasb.fxgl.localization.LocalizationService
00:52:48.682 [FXGL Background Thread 3 ] DEBUG Engine               - class com.almasb.fxgl.app.services.SystemBundleService
00:52:48.682 [FXGL Background Thread 3 ] DEBUG Engine               - class com.almasb.fxgl.profile.SaveLoadService
00:52:48.682 [FXGL Background Thread 3 ] DEBUG Engine               - class com.almasb.fxgl.ui.FXGLUIFactoryServiceProvider
00:52:48.682 [FXGL Background Thread 3 ] DEBUG Engine               - class com.almasb.fxgl.ui.FXGLDialogFactoryServiceProvider
00:52:48.682 [FXGL Background Thread 3 ] DEBUG Engine               - class com.almasb.fxgl.audio.AudioPlayer
00:52:48.682 [FXGL Background Thread 3 ] DEBUG Engine               - class com.almasb.fxgl.notification.impl.NotificationServiceProvider
00:52:48.682 [FXGL Background Thread 3 ] DEBUG Engine               - class com.almasb.fxgl.achievement.AchievementService
00:52:48.682 [FXGL Background Thread 3 ] DEBUG Engine               - class com.almasb.fxgl.cutscene.CutsceneService
00:52:48.682 [FXGL Background Thread 3 ] DEBUG Engine               - class com.almasb.fxgl.minigames.MiniGameService
00:52:48.682 [FXGL Background Thread 3 ] DEBUG Engine               - class com.almasb.fxgl.net.NetService
00:52:48.683 [FXGL Background Thread 3 ] DEBUG Engine               - class com.almasb.fxgl.app.services.UpdaterService
00:52:48.683 [FXGL Background Thread 3 ] DEBUG Engine               - class com.almasb.fxgl.dev.DevService
00:53:15.749 [JavaFX Application Thread] DEBUG FXGLApplication      - Exiting FXGL
00:53:15.749 [JavaFX Application Thread] DEBUG LoopRunner           - Stopping loop
00:53:15.749 [JavaFX Application Thread] DEBUG SystemBundleService  - Saving FXGL system data
00:53:15.751 [JavaFX Application Thread] DEBUG FileSystemAccess     - Writing to: D:\java\Test\OtherFXGLTest\system\fxgl.bundle
00:53:15.753 [JavaFX Application Thread] DEBUG Async                - Shutting down background threads
00:53:15.753 [JavaFX Application Thread] DEBUG PrimaryStageWindow   - Closing main window
00:53:15.761 [JavaFX Application Thread] DEBUG Logger               - Closing Logger
