00:17:00.209 [main                     ] DEBUG Logger               - Configured Logger
00:17:00.246 [main                     ] DEBUG GameApplication      - Logging settings
Title: Untitled
Version: 0.0
Width: 960
Height: 640
Fullscreen: false
Intro: false
Profiling: false
Single step:false
App Mode: DEVELOPER
Menu Key: ESCAPE
Stage Style: DECORATED
Scene Factory: class com.almasb.fxgl.app.scene.SceneFactory

00:17:00.804 [JavaFX Application Thread] DEBUG FXGLApplication      - Initializing FXGL
00:17:00.811 [JavaFX Application Thread] INFO  Engine               - FXGL-17.2 (20.08.2022 16.50) on WINDOWS (J:17.0.6 FX:17.0.2-ea)
00:17:00.811 [JavaFX Application Thread] DEBUG Engine               - JRE Vendor Name: Oracle Corporation
00:17:00.812 [JavaFX Application Thread] DEBUG Engine               - Running on OS: Windows 10 version 10.0
00:17:00.812 [JavaFX Application Thread] DEBUG Engine               - Architecture: amd64
00:17:00.813 [JavaFX Application Thread] INFO  Engine               - Source code and latest versions at: https://github.com/AlmasB/FXGL
00:17:00.813 [JavaFX Application Thread] INFO  Engine               -       Ask questions and discuss at: https://github.com/AlmasB/FXGL/discussions
00:17:00.813 [JavaFX Application Thread] INFO  Engine               -              Join the FXGL chat at: https://gitter.im/AlmasB/FXGL
00:17:00.968 [JavaFX Application Thread] DEBUG PrimaryStageWindow   - Creating a JavaFX scene
00:17:01.028 [JavaFX Application Thread] DEBUG PrimaryStageWindow   - Target settings size: 960.0 x 640.0
00:17:01.028 [JavaFX Application Thread] DEBUG PrimaryStageWindow   - Scaled scene size:    960.0 x 640.0
00:17:01.028 [JavaFX Application Thread] DEBUG PrimaryStageWindow   - Scaled ratio: (1.0, 1.0)
00:17:01.030 [JavaFX Application Thread] DEBUG PrimaryStageWindow   - Set initial scene to FXGLStartupScene
00:17:01.041 [JavaFX Application Thread] DEBUG PrimaryStageWindow   - Opening main window
00:17:01.165 [JavaFX Application Thread] DEBUG PrimaryStageWindow   - Window border size: (16.0, 39.0)
00:17:01.165 [JavaFX Application Thread] DEBUG PrimaryStageWindow   - Scaled size: 960.0 x 640.0
00:17:01.166 [JavaFX Application Thread] DEBUG PrimaryStageWindow   - Scaled ratio: (1.0, 1.0)
00:17:01.166 [JavaFX Application Thread] DEBUG PrimaryStageWindow   - Scene size: 960.0 x 640.0
00:17:01.167 [JavaFX Application Thread] DEBUG PrimaryStageWindow   - Stage size: 976.0 x 679.0
00:17:01.238 [FXGL Background Thread 1 ] DEBUG Engine               - Initializing environment variables
00:17:01.281 [FXGL Background Thread 1 ] DEBUG FXGLAssetLoaderServi - User app class for loading assets: class com.example.otherfxgltest.HelloApplication
00:17:01.281 [FXGL Background Thread 1 ] DEBUG GameApplicationServi - Applying CSS: fxgl_dark.css
00:17:01.282 [FXGL Background Thread 1 ] DEBUG FXGLAssetLoaderServi - Loading from file system: jar:file:/C:/Users/phuon/.m2/repository/com/github/almasb/fxgl/17.2/fxgl-17.2.jar!/fxglassets/ui/css/fxgl_dark.css
00:17:01.335 [FXGL Background Thread 1 ] DEBUG GameApplicationServi - Initializing application scenes
00:17:01.416 [FXGL Background Thread 1 ] DEBUG GameWorld            - Game world initialized
00:17:01.497 [FXGL Background Thread 1 ] DEBUG PhysicsWorld         - Physics world initialized: appHeight=640, physics.ppm=50.0
00:17:01.498 [FXGL Background Thread 1 ] DEBUG PhysicsWorld         - Using strategy: BRUTE_FORCE
00:17:01.504 [FXGL Background Thread 1 ] DEBUG GameScene            - Game scene initialized: 960x640
00:17:01.527 [FXGL Background Thread 1 ] DEBUG FXGL.DefaultMenu     - createMenuBodyGameMenu()
00:17:01.547 [FXGL Background Thread 1 ] DEBUG FXGL.DefaultMenu     - createOptionsMenu()
00:17:01.562 [FXGL Background Thread 1 ] DEBUG FXGLAssetLoaderServi - Loading from file system: jar:file:/C:/Users/phuon/.m2/repository/com/github/almasb/fxgl/17.2/fxgl-17.2.jar!/fxglassets/textures/particles/smoke.png
00:17:01.685 [FXGL Background Thread 1 ] DEBUG FXGLAssetLoaderServi - Loading from file system: jar:file:/C:/Users/phuon/.m2/repository/com/github/almasb/fxgl/17.2/fxgl-17.2.jar!/fxglassets/textures/particles/trace_horizontal.png
00:17:01.715 [FXGL Background Thread 1 ] DEBUG GameApplicationServi - Application scenes initialized
00:17:01.732 [FXGL Background Thread 1 ] DEBUG SystemBundleService  - Loading FXGL system data
00:17:01.738 [FXGL Background Thread 1 ] DEBUG FileSystemAccess     - Reading from: D:\java\Test\OtherFXGLTest\system\fxgl.bundle
00:17:01.747 [FXGL Background Thread 1 ] DEBUG SystemBundleService  - Bundle FXGL: {}
00:17:01.747 [FXGL Background Thread 1 ] DEBUG UpdaterService       - Checking for updates
00:17:01.754 [FXGL Background Thread 1 ] DEBUG FXGLApplication      - Loading default localization
00:17:01.755 [FXGL Background Thread 1 ] DEBUG FXGLAssetLoaderServi - Loading from file system: jar:file:/C:/Users/phuon/.m2/repository/com/github/almasb/fxgl/17.2/fxgl-17.2.jar!/fxglassets/languages/english.lang
00:17:01.774 [FXGL Background Thread 1 ] INFO  FXGLApplication      - FXGL initialization took: 0.536 sec
00:17:01.785 [JavaFX Application Thread] DEBUG Input                - Registered new binding: Move Left - A
00:17:01.786 [JavaFX Application Thread] DEBUG Input                - Registered new binding: Move Up - W
00:17:01.786 [JavaFX Application Thread] DEBUG Input                - Registered new binding: Move Down - S
00:17:01.786 [JavaFX Application Thread] DEBUG Input                - Registered new binding: Move Right - D
00:17:01.787 [JavaFX Application Thread] DEBUG Input                - Registered new binding: Stop - Space
00:17:01.789 [JavaFX Application Thread] DEBUG Input                - Registered new binding: Fire - LMB
00:17:01.789 [JavaFX Application Thread] DEBUG FXGLAssetLoaderServi - Loading from file system: jar:file:/C:/Users/phuon/.m2/repository/com/github/almasb/fxgl/17.2/fxgl-17.2.jar!/fxglassets/textures/fxgl_icon.png
00:17:01.813 [FXGL Background Thread 4 ] DEBUG FXGLApplication      - Loading fonts
00:17:01.814 [FXGL Background Thread 4 ] DEBUG FXGLAssetLoaderServi - Loading from file system: jar:file:/C:/Users/phuon/.m2/repository/com/github/almasb/fxgl/17.2/fxgl-17.2.jar!/fxglassets/ui/fonts/VarelaRound-Regular.ttf
00:17:01.823 [JavaFX Application Thread] DEBUG FXGLAssetLoaderServi - Loading from file system: jar:file:/C:/Users/phuon/.m2/repository/com/github/almasb/fxgl/17.2/fxgl-17.2.jar!/fxglassets/textures/fxgl_default_cursor.png
00:17:01.826 [JavaFX Application Thread] DEBUG Input                - Registered new binding: Screenshot - CTRL+8
00:17:01.827 [JavaFX Application Thread] DEBUG Input                - Registered new binding: System info dump - CTRL+9
00:17:01.829 [JavaFX Application Thread] DEBUG Input                - Registered new binding: Restart - CTRL+R
00:17:01.830 [JavaFX Application Thread] DEBUG Input                - Registered new binding: Toggle Debug Camera - CTRL+7
00:17:01.833 [JavaFX Application Thread] DEBUG LoopRunner           - Starting loop
00:17:01.833 [JavaFX Application Thread] DEBUG LoopRunner           - Initializing JavaFX AnimationTimerLoop
00:17:01.841 [JavaFX Application Thread] DEBUG GameApplicationServi - Starting new game
00:17:01.841 [JavaFX Application Thread] DEBUG Input                - Clearing active input actions
00:17:01.866 [JavaFX Application Thread] DEBUG GameApplicationServi - Removing overlay from FXGLStartupScene and adding to FXGLLoadingScene
00:17:01.867 [JavaFX Application Thread] DEBUG PrimaryStageWindow   - FXGLStartupScene -> FXGLLoadingScene
00:17:01.867 [JavaFX Application Thread] DEBUG GameApplicationServi - Clearing previous game
00:17:01.867 [JavaFX Application Thread] DEBUG GameScene            - Clearing game scene
00:17:01.867 [JavaFX Application Thread] DEBUG GameWorld            - Clearing game world
00:17:01.867 [JavaFX Application Thread] DEBUG PhysicsWorld         - Clearing physics world
00:17:01.869 [FXGL Background Thread 1 ] DEBUG FXGLApplication      - Initializing game
00:17:01.949 [FXGL Background Thread 1 ] WARN  TMXLevelLoader       - TiledMap generated from 1.0.1. Supported version: 1.9.0. Some features may not be parsed fully.
00:17:01.988 [FXGL Background Thread 1 ] DEBUG TMXLevelLoader       - Parsed TiledMap: file:/D:/java/Test/OtherFXGLTest/target/classes/assets/levels/tmx/map3.tmx
00:17:01.989 [FXGL Background Thread 1 ] DEBUG TMXLevelLoader       - Creating tile layer entities
00:17:01.992 [FXGL Background Thread 1 ] DEBUG TilesetLoader        - Loading view for layer Tile Layer 1
00:17:01.994 [FXGL Background Thread 1 ] DEBUG TilesetLoader        - Created buffer with size 960.0x640.0
00:17:02.003 [FXGL Background Thread 1 ] DEBUG TMXLevelLoader       - Creating object layer entities
00:17:02.100 [FXGL Background Thread 1 ] DEBUG FXGLAssetLoaderServi - Loading from file system: file:/D:/java/Test/OtherFXGLTest/target/classes/assets/textures/brick.png
00:17:02.132 [FXGL Background Thread 1 ] DEBUG GameWorld            - Clearing removable entities
00:17:02.132 [FXGL Background Thread 1 ] DEBUG GameWorld            - Setting level: com.almasb.fxgl.entity.level.Level@e62a245
00:17:02.147 [FXGL Background Thread 1 ] DEBUG FXGLAssetLoaderServi - Loading from file system: file:/D:/java/Test/OtherFXGLTest/target/classes/assets/textures/player.png
00:17:02.150 [FXGL Background Thread 1 ] DEBUG FXGLAssetLoaderServi - Loading from file system: file:/D:/java/Test/OtherFXGLTest/target/classes/assets/textures/poro--left.png
00:17:02.153 [FXGL Background Thread 1 ] DEBUG FXGLAssetLoaderServi - Loading from file system: file:/D:/java/Test/OtherFXGLTest/target/classes/assets/textures/poro--right.png
00:17:02.154 [FXGL Background Thread 1 ] DEBUG FXGLAssetLoaderServi - Loading from file system: file:/D:/java/Test/OtherFXGLTest/target/classes/assets/textures/poro--updown.png
00:17:02.155 [FXGL Background Thread 1 ] DEBUG FXGLAssetLoaderServi - Loading from file system: file:/D:/java/Test/OtherFXGLTest/target/classes/assets/textures/poro.png
00:17:02.172 [FXGL Background Thread 1 ] INFO  FXGLApplication      - Game initialization took: 0.303 sec
00:17:02.173 [JavaFX Application Thread] DEBUG Input                - Clearing active input actions
00:17:02.191 [JavaFX Application Thread] DEBUG GameApplicationServi - Removing overlay from FXGLLoadingScene and adding to GameScene
00:17:02.191 [JavaFX Application Thread] DEBUG PrimaryStageWindow   - FXGLLoadingScene -> GameScene
00:17:02.274 [FXGL Background Thread 4 ] DEBUG FXGLAssetLoaderServi - Loading from file system: jar:file:/C:/Users/phuon/.m2/repository/com/github/almasb/fxgl/17.2/fxgl-17.2.jar!/fxglassets/ui/fonts/Abel-Regular.ttf
00:17:02.280 [FXGL Background Thread 4 ] DEBUG FXGLAssetLoaderServi - Loading from file system: jar:file:/C:/Users/phuon/.m2/repository/com/github/almasb/fxgl/17.2/fxgl-17.2.jar!/fxglassets/ui/fonts/TerminalLandMono-Regular.otf
00:17:02.285 [FXGL Background Thread 4 ] DEBUG FXGLAssetLoaderServi - Loading from file system: jar:file:/C:/Users/phuon/.m2/repository/com/github/almasb/fxgl/17.2/fxgl-17.2.jar!/fxglassets/ui/fonts/Courier-Prime.ttf
00:17:02.313 [JavaFX Application Thread] DEBUG FXGLApplication      - Registering font factories with UI factory
00:17:04.761 [FXGL Background Thread 3 ] DEBUG Engine               - Logging environment variables
00:17:04.762 [FXGL Background Thread 3 ] DEBUG Engine               - achievements: []
00:17:04.762 [FXGL Background Thread 3 ] DEBUG Engine               - actualHeight: 640.0
00:17:04.762 [FXGL Background Thread 3 ] DEBUG Engine               - actualHeightProperty: ReadOnlyDoubleProperty [value: 640.0]
00:17:04.763 [FXGL Background Thread 3 ] DEBUG Engine               - actualWidth: 960.0
00:17:04.763 [FXGL Background Thread 3 ] DEBUG Engine               - actualWidthProperty: ReadOnlyDoubleProperty [value: 960.0]
00:17:04.763 [FXGL Background Thread 3 ] DEBUG Engine               - appIcon: fxgl_icon.png
00:17:04.763 [FXGL Background Thread 3 ] DEBUG Engine               - applicationMode: DEVELOPER
00:17:04.763 [FXGL Background Thread 3 ] DEBUG Engine               - cSSList: [fxgl_dark.css]
00:17:04.763 [FXGL Background Thread 3 ] DEBUG Engine               - collisionDetectionStrategy: BRUTE_FORCE
00:17:04.764 [FXGL Background Thread 3 ] DEBUG Engine               - configClass: Optional.empty
00:17:04.764 [FXGL Background Thread 3 ] DEBUG Engine               - credits: []
00:17:04.765 [FXGL Background Thread 3 ] DEBUG Engine               - defaultCursor: CursorInfo(imageName=fxgl_default_cursor.png, hotspotX=7.0, hotspotY=6.0)
00:17:04.765 [FXGL Background Thread 3 ] DEBUG Engine               - devBBoxColorProperty: ObjectProperty [value: 0xff0000ff]
00:17:04.765 [FXGL Background Thread 3 ] DEBUG Engine               - devEnableDebugCameraProperty: BooleanProperty [value: false]
00:17:04.765 [FXGL Background Thread 3 ] DEBUG Engine               - devSensorColorProperty: ObjectProperty [value: 0xffff00ff]
00:17:04.766 [FXGL Background Thread 3 ] DEBUG Engine               - devShowBBoxProperty: BooleanProperty [value: false]
00:17:04.766 [FXGL Background Thread 3 ] DEBUG Engine               - devShowPositionProperty: BooleanProperty [value: false]
00:17:04.766 [FXGL Background Thread 3 ] DEBUG Engine               - enabledMenuItems: []
00:17:04.766 [FXGL Background Thread 3 ] DEBUG Engine               - engineServices: [class com.almasb.fxgl.app.services.FXGLAssetLoaderService, class com.almasb.fxgl.app.FXGLApplication$GameApplicationService, class com.almasb.fxgl.app.services.FXGLDialogService, class com.almasb.fxgl.app.services.IOTaskExecutorService, class com.almasb.fxgl.io.FileSystemService, class com.almasb.fxgl.localization.LocalizationService, class com.almasb.fxgl.app.services.SystemBundleService, class com.almasb.fxgl.profile.SaveLoadService, class com.almasb.fxgl.ui.FXGLUIFactoryServiceProvider, class com.almasb.fxgl.ui.FXGLDialogFactoryServiceProvider, class com.almasb.fxgl.audio.AudioPlayer, class com.almasb.fxgl.notification.impl.NotificationServiceProvider, class com.almasb.fxgl.achievement.AchievementService, class com.almasb.fxgl.cutscene.CutsceneService, class com.almasb.fxgl.minigames.MiniGameService, class com.almasb.fxgl.net.NetService, class com.almasb.fxgl.app.services.UpdaterService, class com.almasb.fxgl.dev.DevService]
00:17:04.766 [FXGL Background Thread 3 ] DEBUG Engine               - fontGame: Abel-Regular.ttf
00:17:04.767 [FXGL Background Thread 3 ] DEBUG Engine               - fontMono: TerminalLandMono-Regular.otf
00:17:04.767 [FXGL Background Thread 3 ] DEBUG Engine               - fontText: Courier-Prime.ttf
00:17:04.767 [FXGL Background Thread 3 ] DEBUG Engine               - fontUI: VarelaRound-Regular.ttf
00:17:04.767 [FXGL Background Thread 3 ] DEBUG Engine               - fullScreen: BooleanProperty [value: false]
00:17:04.767 [FXGL Background Thread 3 ] DEBUG Engine               - gameDifficulty: MEDIUM
00:17:04.767 [FXGL Background Thread 3 ] DEBUG Engine               - gameDifficultyProperty: ObjectProperty [value: MEDIUM]
00:17:04.768 [FXGL Background Thread 3 ] DEBUG Engine               - globalMusicVolume: 0.5
00:17:04.768 [FXGL Background Thread 3 ] DEBUG Engine               - globalMusicVolumeProperty: DoubleProperty [value: 0.5]
00:17:04.768 [FXGL Background Thread 3 ] DEBUG Engine               - globalSoundVolume: 0.5
00:17:04.768 [FXGL Background Thread 3 ] DEBUG Engine               - globalSoundVolumeProperty: DoubleProperty [value: 0.5]
00:17:04.768 [FXGL Background Thread 3 ] DEBUG Engine               - height: 640
00:17:04.768 [FXGL Background Thread 3 ] DEBUG Engine               - is3D: false
00:17:04.769 [FXGL Background Thread 3 ] DEBUG Engine               - isAndroid: false
00:17:04.769 [FXGL Background Thread 3 ] DEBUG Engine               - isBrowser: false
00:17:04.769 [FXGL Background Thread 3 ] DEBUG Engine               - isClickFeedbackEnabled: false
00:17:04.769 [FXGL Background Thread 3 ] DEBUG Engine               - isCloseConfirmation: false
00:17:04.769 [FXGL Background Thread 3 ] DEBUG Engine               - isDesktop: true
00:17:04.769 [FXGL Background Thread 3 ] DEBUG Engine               - isDeveloperMenuEnabled: false
00:17:04.770 [FXGL Background Thread 3 ] DEBUG Engine               - isEmbedded: false
00:17:04.770 [FXGL Background Thread 3 ] DEBUG Engine               - isEntityPreloadEnabled: true
00:17:04.770 [FXGL Background Thread 3 ] DEBUG Engine               - isExperimentalTiledLargeMap: false
00:17:04.770 [FXGL Background Thread 3 ] DEBUG Engine               - isFileSystemWriteAllowed: true
00:17:04.770 [FXGL Background Thread 3 ] DEBUG Engine               - isFullScreenAllowed: false
00:17:04.770 [FXGL Background Thread 3 ] DEBUG Engine               - isFullScreenFromStart: false
00:17:04.771 [FXGL Background Thread 3 ] DEBUG Engine               - isGameMenuEnabled: true
00:17:04.771 [FXGL Background Thread 3 ] DEBUG Engine               - isIOS: false
00:17:04.771 [FXGL Background Thread 3 ] DEBUG Engine               - isIntroEnabled: false
00:17:04.771 [FXGL Background Thread 3 ] DEBUG Engine               - isLinux: false
00:17:04.771 [FXGL Background Thread 3 ] DEBUG Engine               - isMac: false
00:17:04.771 [FXGL Background Thread 3 ] DEBUG Engine               - isMainMenuEnabled: false
00:17:04.771 [FXGL Background Thread 3 ] DEBUG Engine               - isManualResizeEnabled: false
00:17:04.772 [FXGL Background Thread 3 ] DEBUG Engine               - isMobile: false
00:17:04.772 [FXGL Background Thread 3 ] DEBUG Engine               - isNative: false
00:17:04.772 [FXGL Background Thread 3 ] DEBUG Engine               - isPauseMusicWhenMinimized: true
00:17:04.772 [FXGL Background Thread 3 ] DEBUG Engine               - isPreserveResizeRatio: false
00:17:04.772 [FXGL Background Thread 3 ] DEBUG Engine               - isProfilingEnabled: false
00:17:04.772 [FXGL Background Thread 3 ] DEBUG Engine               - isScaleAffectedOnResize: true
00:17:04.772 [FXGL Background Thread 3 ] DEBUG Engine               - isSingleStep: false
00:17:04.772 [FXGL Background Thread 3 ] DEBUG Engine               - isUserProfileEnabled: false
00:17:04.773 [FXGL Background Thread 3 ] DEBUG Engine               - isWindows: true
00:17:04.773 [FXGL Background Thread 3 ] DEBUG Engine               - language: ObjectProperty [value: ENGLISH]
00:17:04.773 [FXGL Background Thread 3 ] DEBUG Engine               - menuKey: ESCAPE
00:17:04.773 [FXGL Background Thread 3 ] DEBUG Engine               - mouseSensitivity: 0.2
00:17:04.773 [FXGL Background Thread 3 ] DEBUG Engine               - notificationViewClass: class com.almasb.fxgl.notification.view.XboxNotificationView
00:17:04.773 [FXGL Background Thread 3 ] DEBUG Engine               - pixelsPerMeter: 50.0
00:17:04.774 [FXGL Background Thread 3 ] DEBUG Engine               - platform: WINDOWS
00:17:04.774 [FXGL Background Thread 3 ] DEBUG Engine               - prefHeightProperty: ReadOnlyDoubleProperty [value: 640.0]
00:17:04.774 [FXGL Background Thread 3 ] DEBUG Engine               - prefWidthProperty: ReadOnlyDoubleProperty [value: 960.0]
00:17:04.774 [FXGL Background Thread 3 ] DEBUG Engine               - profileDir: profiles/
00:17:04.774 [FXGL Background Thread 3 ] DEBUG Engine               - profileName: StringProperty [value: DEFAULT]
00:17:04.774 [FXGL Background Thread 3 ] DEBUG Engine               - randomSeed: -1
00:17:04.775 [FXGL Background Thread 3 ] DEBUG Engine               - runtimeInfo: RuntimeInfo(platform=WINDOWS, version=17.2, build=20.08.2022 16.50)
00:17:04.775 [FXGL Background Thread 3 ] DEBUG Engine               - saveFileExt: sav
00:17:04.776 [FXGL Background Thread 3 ] DEBUG Engine               - scaledHeightProp$fxgl: DoubleProperty [bound, value: 640.0]
00:17:04.776 [FXGL Background Thread 3 ] DEBUG Engine               - scaledWidthProp$fxgl: DoubleProperty [bound, value: 960.0]
00:17:04.776 [FXGL Background Thread 3 ] DEBUG Engine               - sceneFactory: com.almasb.fxgl.app.scene.SceneFactory@51b9cdc1
00:17:04.776 [FXGL Background Thread 3 ] DEBUG Engine               - secondsIn24h: 60
00:17:04.776 [FXGL Background Thread 3 ] DEBUG Engine               - soundMenuBack: menu/back.wav
00:17:04.776 [FXGL Background Thread 3 ] DEBUG Engine               - soundMenuPress: menu/press.wav
00:17:04.776 [FXGL Background Thread 3 ] DEBUG Engine               - soundMenuSelect: menu/select.wav
00:17:04.777 [FXGL Background Thread 3 ] DEBUG Engine               - soundNotification: core/notification.wav
00:17:04.777 [FXGL Background Thread 3 ] DEBUG Engine               - stageStyle: DECORATED
00:17:04.777 [FXGL Background Thread 3 ] DEBUG Engine               - supportedLanguages: [ENGLISH, FRENCH, GERMAN, HUNGARIAN, RUSSIAN]
00:17:04.777 [FXGL Background Thread 3 ] DEBUG Engine               - ticksPerSecond: -1
00:17:04.777 [FXGL Background Thread 3 ] DEBUG Engine               - title: Untitled
00:17:04.777 [FXGL Background Thread 3 ] DEBUG Engine               - urlGithub: https://github.com/AlmasB/FXGL
00:17:04.777 [FXGL Background Thread 3 ] DEBUG Engine               - urlLeaderboard: http://fxgl-top.herokuapp.com/
00:17:04.778 [FXGL Background Thread 3 ] DEBUG Engine               - urlPOM: https://raw.githubusercontent.com/AlmasB/FXGL/release/README.md
00:17:04.778 [FXGL Background Thread 3 ] DEBUG Engine               - userAppClass: class com.example.otherfxgltest.HelloApplication
00:17:04.778 [FXGL Background Thread 3 ] DEBUG Engine               - version: 0.0
00:17:04.778 [FXGL Background Thread 3 ] DEBUG Engine               - versionCheckDays: 7
00:17:04.778 [FXGL Background Thread 3 ] DEBUG Engine               - width: 960
00:17:04.778 [FXGL Background Thread 3 ] DEBUG Engine               - Logging services
00:17:04.778 [FXGL Background Thread 3 ] DEBUG Engine               - class com.almasb.fxgl.app.services.FXGLAssetLoaderService
00:17:04.779 [FXGL Background Thread 3 ] DEBUG Engine               - class com.almasb.fxgl.app.FXGLApplication$GameApplicationService
00:17:04.779 [FXGL Background Thread 3 ] DEBUG Engine               - class com.almasb.fxgl.app.services.FXGLDialogService
00:17:04.779 [FXGL Background Thread 3 ] DEBUG Engine               - class com.almasb.fxgl.app.services.IOTaskExecutorService
00:17:04.779 [FXGL Background Thread 3 ] DEBUG Engine               - class com.almasb.fxgl.io.FileSystemService
00:17:04.779 [FXGL Background Thread 3 ] DEBUG Engine               - class com.almasb.fxgl.localization.LocalizationService
00:17:04.779 [FXGL Background Thread 3 ] DEBUG Engine               - class com.almasb.fxgl.app.services.SystemBundleService
00:17:04.780 [FXGL Background Thread 3 ] DEBUG Engine               - class com.almasb.fxgl.profile.SaveLoadService
00:17:04.780 [FXGL Background Thread 3 ] DEBUG Engine               - class com.almasb.fxgl.ui.FXGLUIFactoryServiceProvider
00:17:04.780 [FXGL Background Thread 3 ] DEBUG Engine               - class com.almasb.fxgl.ui.FXGLDialogFactoryServiceProvider
00:17:04.780 [FXGL Background Thread 3 ] DEBUG Engine               - class com.almasb.fxgl.audio.AudioPlayer
00:17:04.780 [FXGL Background Thread 3 ] DEBUG Engine               - class com.almasb.fxgl.notification.impl.NotificationServiceProvider
00:17:04.781 [FXGL Background Thread 3 ] DEBUG Engine               - class com.almasb.fxgl.achievement.AchievementService
00:17:04.781 [FXGL Background Thread 3 ] DEBUG Engine               - class com.almasb.fxgl.cutscene.CutsceneService
00:17:04.781 [FXGL Background Thread 3 ] DEBUG Engine               - class com.almasb.fxgl.minigames.MiniGameService
00:17:04.781 [FXGL Background Thread 3 ] DEBUG Engine               - class com.almasb.fxgl.net.NetService
00:17:04.781 [FXGL Background Thread 3 ] DEBUG Engine               - class com.almasb.fxgl.app.services.UpdaterService
00:17:04.781 [FXGL Background Thread 3 ] DEBUG Engine               - class com.almasb.fxgl.dev.DevService
00:17:13.794 [JavaFX Application Thread] DEBUG LoopRunner           - Stopping loop
00:17:13.796 [JavaFX Application Thread] FATAL FXGLApplication      - Uncaught Exception:
java.lang.IllegalArgumentException: Component PlayerComponent not found!
	at com.almasb.fxgl.entity.Entity.getComponent(Entity.java:366)
	at com.example.otherfxgltest.HelloApplication.lambda$initInput$0(HelloApplication.java:32)
	at com.almasb.fxgl.dsl.FXGL$Companion$onKey$1.onAction(FXGL.kt:500)
	at com.almasb.fxgl.input.UserAction.action$fxgl_core(UserAction.kt:38)
	at com.almasb.fxgl.input.Input.update(Input.kt:288)
	at com.almasb.fxgl.scene.Scene.update(Scene.kt:103)
	at com.almasb.fxgl.app.MainWindow$update$1.invoke(MainWindow.kt:115)
	at com.almasb.fxgl.app.MainWindow$update$1.invoke(MainWindow.kt:115)
	at com.almasb.fxgl.core.fsm.StateMachine.runOnActiveStates(StateMachine.kt:69)
	at com.almasb.fxgl.app.MainWindow.update(MainWindow.kt:115)
	at com.almasb.fxgl.app.FXGLApplication$GameApplicationService.onUpdate(FXGLApplication.kt:426)
	at com.almasb.fxgl.app.Engine.loop(Engine.kt:134)
	at com.almasb.fxgl.app.Engine.access$loop(Engine.kt:24)
	at com.almasb.fxgl.app.Engine$loop$1.invoke(Engine.kt:28)
	at com.almasb.fxgl.app.Engine$loop$1.invoke(Engine.kt:28)
	at com.almasb.fxgl.app.LoopRunner.frame(LoopRunner.kt:103)
	at com.almasb.fxgl.app.LoopRunner.access$frame(LoopRunner.kt:23)
	at com.almasb.fxgl.app.LoopRunner$impl$2$1.onTick(LoopRunner.kt:57)
	at com.almasb.fxgl.app.AnimationTimerLoop$timer$1.handle(LoopRunner.kt:137)
	at javafx.animation.AnimationTimer$AnimationTimerReceiver.lambda$handle$0(AnimationTimer.java:58)
	at java.base/java.security.AccessController.doPrivileged(AccessController.java:399)
	at javafx.animation.AnimationTimer$AnimationTimerReceiver.handle(AnimationTimer.java:57)
	at com.sun.scenario.animation.AbstractPrimaryTimer.timePulseImpl(AbstractPrimaryTimer.java:356)
	at com.sun.scenario.animation.AbstractPrimaryTimer$MainLoop.run(AbstractPrimaryTimer.java:266)
	at com.sun.javafx.tk.quantum.QuantumToolkit.pulse(QuantumToolkit.java:571)
	at com.sun.javafx.tk.quantum.QuantumToolkit.pulse(QuantumToolkit.java:555)
	at com.sun.javafx.tk.quantum.QuantumToolkit.pulseFromQueue(QuantumToolkit.java:548)
	at com.sun.javafx.tk.quantum.QuantumToolkit.lambda$runToolkit$11(QuantumToolkit.java:353)
	at com.sun.glass.ui.InvokeLaterDispatcher$Future.run(InvokeLaterDispatcher.java:96)
	at com.sun.glass.ui.win.WinApplication._runLoop(Native Method)
	at com.sun.glass.ui.win.WinApplication.lambda$runLoop$3(WinApplication.java:184)
	at java.base/java.lang.Thread.run(Thread.java:833)

00:17:13.796 [JavaFX Application Thread] FATAL FXGLApplication      - Application will now exit
00:17:13.817 [JavaFX Application Thread] DEBUG PrimaryStageWindow   - Push state: ErrorSubScene
00:17:13.817 [JavaFX Application Thread] DEBUG Input                - Clearing active input actions
00:17:13.820 [JavaFX Application Thread] DEBUG GameApplicationServi - Removing overlay from GameScene and adding to ErrorSubScene
00:17:13.820 [JavaFX Application Thread] DEBUG PrimaryStageWindow   - GameScene -> ErrorSubScene
00:17:15.293 [JavaFX Application Thread] DEBUG FXGLApplication      - Exiting FXGL
00:17:15.293 [JavaFX Application Thread] DEBUG Async                - Shutting down background threads
00:17:15.293 [JavaFX Application Thread] DEBUG PrimaryStageWindow   - Closing main window
00:17:15.306 [JavaFX Application Thread] DEBUG Logger               - Closing Logger
