20:50:50.932 [main                     ] DEBUG Logger               - Configured Logger
20:50:50.971 [main                     ] DEBUG GameApplication      - Logging settings
Title: Untitled
Version: 0.0
Width: 1280
Height: 960
Fullscreen: false
Intro: false
Profiling: false
Single step:false
App Mode: DEVELOPER
Menu Key: ESCAPE
Stage Style: DECORATED
Scene Factory: class com.almasb.fxgl.app.scene.SceneFactory

20:50:51.538 [JavaFX Application Thread] DEBUG FXGLApplication      - Initializing FXGL
20:50:51.545 [JavaFX Application Thread] INFO  Engine               - FXGL-17.2 (20.08.2022 16.50) on WINDOWS (J:17.0.6 FX:17.0.2-ea)
20:50:51.546 [JavaFX Application Thread] DEBUG Engine               - JRE Vendor Name: Oracle Corporation
20:50:51.546 [JavaFX Application Thread] DEBUG Engine               - Running on OS: Windows 10 version 10.0
20:50:51.546 [JavaFX Application Thread] DEBUG Engine               - Architecture: amd64
20:50:51.546 [JavaFX Application Thread] INFO  Engine               - Source code and latest versions at: https://github.com/AlmasB/FXGL
20:50:51.546 [JavaFX Application Thread] INFO  Engine               -       Ask questions and discuss at: https://github.com/AlmasB/FXGL/discussions
20:50:51.547 [JavaFX Application Thread] INFO  Engine               -              Join the FXGL chat at: https://gitter.im/AlmasB/FXGL
20:50:51.697 [JavaFX Application Thread] DEBUG PrimaryStageWindow   - Creating a JavaFX scene
20:50:51.757 [JavaFX Application Thread] DEBUG PrimaryStageWindow   - Target settings size: 1280.0 x 960.0
20:50:51.757 [JavaFX Application Thread] DEBUG PrimaryStageWindow   - Scaled scene size:    1280.0 x 960.0
20:50:51.758 [JavaFX Application Thread] DEBUG PrimaryStageWindow   - Scaled ratio: (1.0, 1.0)
20:50:51.759 [JavaFX Application Thread] DEBUG PrimaryStageWindow   - Set initial scene to FXGLStartupScene
20:50:51.772 [JavaFX Application Thread] DEBUG PrimaryStageWindow   - Opening main window
20:50:51.872 [JavaFX Application Thread] DEBUG PrimaryStageWindow   - Window border size: (16.0, 39.0)
20:50:51.872 [JavaFX Application Thread] DEBUG PrimaryStageWindow   - Scaled size: 1280.0 x 960.0
20:50:51.872 [JavaFX Application Thread] DEBUG PrimaryStageWindow   - Scaled ratio: (1.0, 1.0)
20:50:51.873 [JavaFX Application Thread] DEBUG PrimaryStageWindow   - Scene size: 1280.0 x 960.0
20:50:51.873 [JavaFX Application Thread] DEBUG PrimaryStageWindow   - Stage size: 1296.0 x 999.0
20:50:51.882 [FXGL Background Thread 1 ] DEBUG Engine               - Initializing environment variables
20:50:51.927 [FXGL Background Thread 1 ] DEBUG FXGLAssetLoaderServi - User app class for loading assets: class com.example.otherfxgltest.HelloApplication
20:50:51.928 [FXGL Background Thread 1 ] DEBUG GameApplicationServi - Applying CSS: fxgl_dark.css
20:50:51.929 [FXGL Background Thread 1 ] DEBUG FXGLAssetLoaderServi - Loading from file system: jar:file:/C:/Users/phuon/.m2/repository/com/github/almasb/fxgl/17.2/fxgl-17.2.jar!/fxglassets/ui/css/fxgl_dark.css
20:50:51.986 [FXGL Background Thread 1 ] DEBUG GameApplicationServi - Initializing application scenes
20:50:52.072 [FXGL Background Thread 1 ] DEBUG GameWorld            - Game world initialized
20:50:52.139 [FXGL Background Thread 1 ] DEBUG PhysicsWorld         - Physics world initialized: appHeight=960, physics.ppm=50.0
20:50:52.140 [FXGL Background Thread 1 ] DEBUG PhysicsWorld         - Using strategy: BRUTE_FORCE
20:50:52.147 [FXGL Background Thread 1 ] DEBUG GameScene            - Game scene initialized: 1280x960
20:50:52.169 [FXGL Background Thread 1 ] DEBUG FXGL.DefaultMenu     - createMenuBodyGameMenu()
20:50:52.198 [FXGL Background Thread 1 ] DEBUG FXGL.DefaultMenu     - createOptionsMenu()
20:50:52.215 [FXGL Background Thread 1 ] DEBUG FXGLAssetLoaderServi - Loading from file system: jar:file:/C:/Users/phuon/.m2/repository/com/github/almasb/fxgl/17.2/fxgl-17.2.jar!/fxglassets/textures/particles/smoke.png
20:50:52.330 [FXGL Background Thread 1 ] DEBUG FXGLAssetLoaderServi - Loading from file system: jar:file:/C:/Users/phuon/.m2/repository/com/github/almasb/fxgl/17.2/fxgl-17.2.jar!/fxglassets/textures/particles/trace_horizontal.png
20:50:52.363 [FXGL Background Thread 1 ] DEBUG GameApplicationServi - Application scenes initialized
20:50:52.380 [FXGL Background Thread 1 ] DEBUG SystemBundleService  - Loading FXGL system data
20:50:52.385 [FXGL Background Thread 1 ] DEBUG FileSystemAccess     - Reading from: D:\java\Test\OtherFXGLTest\system\fxgl.bundle
20:50:52.392 [FXGL Background Thread 1 ] DEBUG SystemBundleService  - Bundle FXGL: {}
20:50:52.392 [FXGL Background Thread 1 ] DEBUG UpdaterService       - Checking for updates
20:50:52.398 [FXGL Background Thread 1 ] DEBUG FXGLApplication      - Loading default localization
20:50:52.399 [FXGL Background Thread 1 ] DEBUG FXGLAssetLoaderServi - Loading from file system: jar:file:/C:/Users/phuon/.m2/repository/com/github/almasb/fxgl/17.2/fxgl-17.2.jar!/fxglassets/languages/english.lang
20:50:52.427 [FXGL Background Thread 1 ] INFO  FXGLApplication      - FXGL initialization took: 0.546 sec
20:50:52.435 [FXGL Background Thread 4 ] DEBUG FXGLApplication      - Loading fonts
20:50:52.436 [FXGL Background Thread 4 ] DEBUG FXGLAssetLoaderServi - Loading from file system: jar:file:/C:/Users/phuon/.m2/repository/com/github/almasb/fxgl/17.2/fxgl-17.2.jar!/fxglassets/ui/fonts/VarelaRound-Regular.ttf
20:50:52.452 [JavaFX Application Thread] DEBUG Input                - Registered new binding: action0 - W
20:50:52.454 [JavaFX Application Thread] DEBUG Input                - Registered new binding: action1 - S
20:50:52.459 [JavaFX Application Thread] DEBUG Input                - Registered new binding: action2 - A
20:50:52.460 [JavaFX Application Thread] DEBUG Input                - Registered new binding: action3 - D
20:50:52.467 [JavaFX Application Thread] DEBUG Input                - Registered new binding: action4 - RMB
20:50:52.467 [JavaFX Application Thread] DEBUG Input                - Registered new binding: action5 - LMB
20:50:52.468 [JavaFX Application Thread] DEBUG FXGLAssetLoaderServi - Loading from file system: jar:file:/C:/Users/phuon/.m2/repository/com/github/almasb/fxgl/17.2/fxgl-17.2.jar!/fxglassets/textures/fxgl_icon.png
20:50:52.496 [JavaFX Application Thread] DEBUG FXGLAssetLoaderServi - Loading from file system: jar:file:/C:/Users/phuon/.m2/repository/com/github/almasb/fxgl/17.2/fxgl-17.2.jar!/fxglassets/textures/fxgl_default_cursor.png
20:50:52.500 [JavaFX Application Thread] DEBUG Input                - Registered new binding: Screenshot - CTRL+8
20:50:52.503 [JavaFX Application Thread] DEBUG Input                - Registered new binding: System info dump - CTRL+9
20:50:52.504 [JavaFX Application Thread] DEBUG Input                - Registered new binding: Restart - CTRL+R
20:50:52.506 [JavaFX Application Thread] DEBUG Input                - Registered new binding: Toggle Debug Camera - CTRL+7
20:50:52.508 [JavaFX Application Thread] DEBUG LoopRunner           - Starting loop
20:50:52.508 [JavaFX Application Thread] DEBUG LoopRunner           - Initializing JavaFX AnimationTimerLoop
20:50:52.510 [JavaFX Application Thread] DEBUG GameApplicationServi - Starting new game
20:50:52.510 [JavaFX Application Thread] DEBUG Input                - Clearing active input actions
20:50:52.522 [JavaFX Application Thread] DEBUG GameApplicationServi - Removing overlay from FXGLStartupScene and adding to FXGLLoadingScene
20:50:52.522 [JavaFX Application Thread] DEBUG PrimaryStageWindow   - FXGLStartupScene -> FXGLLoadingScene
20:50:52.522 [JavaFX Application Thread] DEBUG GameApplicationServi - Clearing previous game
20:50:52.522 [JavaFX Application Thread] DEBUG GameScene            - Clearing game scene
20:50:52.522 [JavaFX Application Thread] DEBUG GameWorld            - Clearing game world
20:50:52.522 [JavaFX Application Thread] DEBUG PhysicsWorld         - Clearing physics world
20:50:52.524 [FXGL Background Thread 1 ] DEBUG FXGLApplication      - Initializing game
20:50:52.605 [FXGL Background Thread 1 ] WARN  TMXLevelLoader       - TiledMap generated from 1.0.1. Supported version: 1.9.0. Some features may not be parsed fully.
20:50:52.628 [FXGL Background Thread 1 ] DEBUG TMXLevelLoader       - Parsed TiledMap: file:/D:/java/Test/OtherFXGLTest/target/classes/assets/levels/tmx/map3.tmx
20:50:52.629 [FXGL Background Thread 1 ] DEBUG TMXLevelLoader       - Creating tile layer entities
20:50:52.631 [FXGL Background Thread 1 ] DEBUG TilesetLoader        - Loading view for layer Tile Layer 1
20:50:52.632 [FXGL Background Thread 1 ] DEBUG TilesetLoader        - Created buffer with size 960.0x640.0
20:50:52.798 [FXGL Background Thread 1 ] DEBUG TMXLevelLoader       - Creating object layer entities
20:50:52.840 [FXGL Background Thread 1 ] DEBUG GameWorld            - Clearing removable entities
20:50:52.841 [FXGL Background Thread 1 ] DEBUG GameWorld            - Setting level: com.almasb.fxgl.entity.level.Level@5ec203d0
20:50:52.854 [FXGL Background Thread 1 ] DEBUG FXGLAssetLoaderServi - Loading from file system: file:/D:/java/Test/OtherFXGLTest/target/classes/assets/textures/player.png
20:50:52.863 [FXGL Background Thread 1 ] INFO  FXGLApplication      - Game initialization took: 0.339 sec
20:50:52.864 [JavaFX Application Thread] DEBUG Input                - Clearing active input actions
20:50:52.877 [JavaFX Application Thread] DEBUG GameApplicationServi - Removing overlay from FXGLLoadingScene and adding to GameScene
20:50:52.877 [JavaFX Application Thread] DEBUG PrimaryStageWindow   - FXGLLoadingScene -> GameScene
20:50:52.880 [FXGL Background Thread 4 ] DEBUG FXGLAssetLoaderServi - Loading from file system: jar:file:/C:/Users/phuon/.m2/repository/com/github/almasb/fxgl/17.2/fxgl-17.2.jar!/fxglassets/ui/fonts/Abel-Regular.ttf
20:50:52.884 [FXGL Background Thread 4 ] DEBUG FXGLAssetLoaderServi - Loading from file system: jar:file:/C:/Users/phuon/.m2/repository/com/github/almasb/fxgl/17.2/fxgl-17.2.jar!/fxglassets/ui/fonts/TerminalLandMono-Regular.otf
20:50:52.890 [FXGL Background Thread 4 ] DEBUG FXGLAssetLoaderServi - Loading from file system: jar:file:/C:/Users/phuon/.m2/repository/com/github/almasb/fxgl/17.2/fxgl-17.2.jar!/fxglassets/ui/fonts/Courier-Prime.ttf
20:50:52.916 [JavaFX Application Thread] DEBUG FXGLApplication      - Registering font factories with UI factory
20:50:55.400 [FXGL Background Thread 3 ] DEBUG Engine               - Logging environment variables
20:50:55.400 [FXGL Background Thread 3 ] DEBUG Engine               - achievements: []
20:50:55.401 [FXGL Background Thread 3 ] DEBUG Engine               - actualHeight: 960.0
20:50:55.401 [FXGL Background Thread 3 ] DEBUG Engine               - actualHeightProperty: ReadOnlyDoubleProperty [value: 960.0]
20:50:55.401 [FXGL Background Thread 3 ] DEBUG Engine               - actualWidth: 1280.0
20:50:55.401 [FXGL Background Thread 3 ] DEBUG Engine               - actualWidthProperty: ReadOnlyDoubleProperty [value: 1280.0]
20:50:55.401 [FXGL Background Thread 3 ] DEBUG Engine               - appIcon: fxgl_icon.png
20:50:55.401 [FXGL Background Thread 3 ] DEBUG Engine               - applicationMode: DEVELOPER
20:50:55.401 [FXGL Background Thread 3 ] DEBUG Engine               - cSSList: [fxgl_dark.css]
20:50:55.401 [FXGL Background Thread 3 ] DEBUG Engine               - collisionDetectionStrategy: BRUTE_FORCE
20:50:55.401 [FXGL Background Thread 3 ] DEBUG Engine               - configClass: Optional.empty
20:50:55.402 [FXGL Background Thread 3 ] DEBUG Engine               - credits: []
20:50:55.402 [FXGL Background Thread 3 ] DEBUG Engine               - defaultCursor: CursorInfo(imageName=fxgl_default_cursor.png, hotspotX=7.0, hotspotY=6.0)
20:50:55.402 [FXGL Background Thread 3 ] DEBUG Engine               - devBBoxColorProperty: ObjectProperty [value: 0xff0000ff]
20:50:55.402 [FXGL Background Thread 3 ] DEBUG Engine               - devEnableDebugCameraProperty: BooleanProperty [value: false]
20:50:55.403 [FXGL Background Thread 3 ] DEBUG Engine               - devSensorColorProperty: ObjectProperty [value: 0xffff00ff]
20:50:55.403 [FXGL Background Thread 3 ] DEBUG Engine               - devShowBBoxProperty: BooleanProperty [value: false]
20:50:55.403 [FXGL Background Thread 3 ] DEBUG Engine               - devShowPositionProperty: BooleanProperty [value: false]
20:50:55.403 [FXGL Background Thread 3 ] DEBUG Engine               - enabledMenuItems: []
20:50:55.403 [FXGL Background Thread 3 ] DEBUG Engine               - engineServices: [class com.almasb.fxgl.app.services.FXGLAssetLoaderService, class com.almasb.fxgl.app.FXGLApplication$GameApplicationService, class com.almasb.fxgl.app.services.FXGLDialogService, class com.almasb.fxgl.app.services.IOTaskExecutorService, class com.almasb.fxgl.io.FileSystemService, class com.almasb.fxgl.localization.LocalizationService, class com.almasb.fxgl.app.services.SystemBundleService, class com.almasb.fxgl.profile.SaveLoadService, class com.almasb.fxgl.ui.FXGLUIFactoryServiceProvider, class com.almasb.fxgl.ui.FXGLDialogFactoryServiceProvider, class com.almasb.fxgl.audio.AudioPlayer, class com.almasb.fxgl.notification.impl.NotificationServiceProvider, class com.almasb.fxgl.achievement.AchievementService, class com.almasb.fxgl.cutscene.CutsceneService, class com.almasb.fxgl.minigames.MiniGameService, class com.almasb.fxgl.net.NetService, class com.almasb.fxgl.app.services.UpdaterService, class com.almasb.fxgl.dev.DevService]
20:50:55.403 [FXGL Background Thread 3 ] DEBUG Engine               - fontGame: Abel-Regular.ttf
20:50:55.403 [FXGL Background Thread 3 ] DEBUG Engine               - fontMono: TerminalLandMono-Regular.otf
20:50:55.403 [FXGL Background Thread 3 ] DEBUG Engine               - fontText: Courier-Prime.ttf
20:50:55.403 [FXGL Background Thread 3 ] DEBUG Engine               - fontUI: VarelaRound-Regular.ttf
20:50:55.404 [FXGL Background Thread 3 ] DEBUG Engine               - fullScreen: BooleanProperty [value: false]
20:50:55.404 [FXGL Background Thread 3 ] DEBUG Engine               - gameDifficulty: MEDIUM
20:50:55.404 [FXGL Background Thread 3 ] DEBUG Engine               - gameDifficultyProperty: ObjectProperty [value: MEDIUM]
20:50:55.404 [FXGL Background Thread 3 ] DEBUG Engine               - globalMusicVolume: 0.5
20:50:55.404 [FXGL Background Thread 3 ] DEBUG Engine               - globalMusicVolumeProperty: DoubleProperty [value: 0.5]
20:50:55.404 [FXGL Background Thread 3 ] DEBUG Engine               - globalSoundVolume: 0.5
20:50:55.404 [FXGL Background Thread 3 ] DEBUG Engine               - globalSoundVolumeProperty: DoubleProperty [value: 0.5]
20:50:55.404 [FXGL Background Thread 3 ] DEBUG Engine               - height: 960
20:50:55.404 [FXGL Background Thread 3 ] DEBUG Engine               - is3D: false
20:50:55.405 [FXGL Background Thread 3 ] DEBUG Engine               - isAndroid: false
20:50:55.405 [FXGL Background Thread 3 ] DEBUG Engine               - isBrowser: false
20:50:55.405 [FXGL Background Thread 3 ] DEBUG Engine               - isClickFeedbackEnabled: false
20:50:55.405 [FXGL Background Thread 3 ] DEBUG Engine               - isCloseConfirmation: false
20:50:55.405 [FXGL Background Thread 3 ] DEBUG Engine               - isDesktop: true
20:50:55.405 [FXGL Background Thread 3 ] DEBUG Engine               - isDeveloperMenuEnabled: false
20:50:55.405 [FXGL Background Thread 3 ] DEBUG Engine               - isEmbedded: false
20:50:55.405 [FXGL Background Thread 3 ] DEBUG Engine               - isEntityPreloadEnabled: true
20:50:55.405 [FXGL Background Thread 3 ] DEBUG Engine               - isExperimentalTiledLargeMap: false
20:50:55.406 [FXGL Background Thread 3 ] DEBUG Engine               - isFileSystemWriteAllowed: true
20:50:55.406 [FXGL Background Thread 3 ] DEBUG Engine               - isFullScreenAllowed: false
20:50:55.406 [FXGL Background Thread 3 ] DEBUG Engine               - isFullScreenFromStart: false
20:50:55.406 [FXGL Background Thread 3 ] DEBUG Engine               - isGameMenuEnabled: true
20:50:55.406 [FXGL Background Thread 3 ] DEBUG Engine               - isIOS: false
20:50:55.406 [FXGL Background Thread 3 ] DEBUG Engine               - isIntroEnabled: false
20:50:55.406 [FXGL Background Thread 3 ] DEBUG Engine               - isLinux: false
20:50:55.406 [FXGL Background Thread 3 ] DEBUG Engine               - isMac: false
20:50:55.406 [FXGL Background Thread 3 ] DEBUG Engine               - isMainMenuEnabled: false
20:50:55.406 [FXGL Background Thread 3 ] DEBUG Engine               - isManualResizeEnabled: false
20:50:55.407 [FXGL Background Thread 3 ] DEBUG Engine               - isMobile: false
20:50:55.407 [FXGL Background Thread 3 ] DEBUG Engine               - isNative: false
20:50:55.407 [FXGL Background Thread 3 ] DEBUG Engine               - isPauseMusicWhenMinimized: true
20:50:55.407 [FXGL Background Thread 3 ] DEBUG Engine               - isPreserveResizeRatio: false
20:50:55.407 [FXGL Background Thread 3 ] DEBUG Engine               - isProfilingEnabled: false
20:50:55.407 [FXGL Background Thread 3 ] DEBUG Engine               - isScaleAffectedOnResize: true
20:50:55.407 [FXGL Background Thread 3 ] DEBUG Engine               - isSingleStep: false
20:50:55.407 [FXGL Background Thread 3 ] DEBUG Engine               - isUserProfileEnabled: false
20:50:55.407 [FXGL Background Thread 3 ] DEBUG Engine               - isWindows: true
20:50:55.407 [FXGL Background Thread 3 ] DEBUG Engine               - language: ObjectProperty [value: ENGLISH]
20:50:55.408 [FXGL Background Thread 3 ] DEBUG Engine               - menuKey: ESCAPE
20:50:55.408 [FXGL Background Thread 3 ] DEBUG Engine               - mouseSensitivity: 0.2
20:50:55.408 [FXGL Background Thread 3 ] DEBUG Engine               - notificationViewClass: class com.almasb.fxgl.notification.view.XboxNotificationView
20:50:55.408 [FXGL Background Thread 3 ] DEBUG Engine               - pixelsPerMeter: 50.0
20:50:55.408 [FXGL Background Thread 3 ] DEBUG Engine               - platform: WINDOWS
20:50:55.408 [FXGL Background Thread 3 ] DEBUG Engine               - prefHeightProperty: ReadOnlyDoubleProperty [value: 960.0]
20:50:55.409 [FXGL Background Thread 3 ] DEBUG Engine               - prefWidthProperty: ReadOnlyDoubleProperty [value: 1280.0]
20:50:55.409 [FXGL Background Thread 3 ] DEBUG Engine               - profileDir: profiles/
20:50:55.409 [FXGL Background Thread 3 ] DEBUG Engine               - profileName: StringProperty [value: DEFAULT]
20:50:55.409 [FXGL Background Thread 3 ] DEBUG Engine               - randomSeed: -1
20:50:55.409 [FXGL Background Thread 3 ] DEBUG Engine               - runtimeInfo: RuntimeInfo(platform=WINDOWS, version=17.2, build=20.08.2022 16.50)
20:50:55.410 [FXGL Background Thread 3 ] DEBUG Engine               - saveFileExt: sav
20:50:55.410 [FXGL Background Thread 3 ] DEBUG Engine               - scaledHeightProp$fxgl: DoubleProperty [bound, value: 960.0]
20:50:55.410 [FXGL Background Thread 3 ] DEBUG Engine               - scaledWidthProp$fxgl: DoubleProperty [bound, value: 1280.0]
20:50:55.410 [FXGL Background Thread 3 ] DEBUG Engine               - sceneFactory: com.almasb.fxgl.app.scene.SceneFactory@604c0d34
20:50:55.410 [FXGL Background Thread 3 ] DEBUG Engine               - secondsIn24h: 60
20:50:55.410 [FXGL Background Thread 3 ] DEBUG Engine               - soundMenuBack: menu/back.wav
20:50:55.410 [FXGL Background Thread 3 ] DEBUG Engine               - soundMenuPress: menu/press.wav
20:50:55.410 [FXGL Background Thread 3 ] DEBUG Engine               - soundMenuSelect: menu/select.wav
20:50:55.411 [FXGL Background Thread 3 ] DEBUG Engine               - soundNotification: core/notification.wav
20:50:55.411 [FXGL Background Thread 3 ] DEBUG Engine               - stageStyle: DECORATED
20:50:55.411 [FXGL Background Thread 3 ] DEBUG Engine               - supportedLanguages: [ENGLISH, FRENCH, GERMAN, HUNGARIAN, RUSSIAN]
20:50:55.411 [FXGL Background Thread 3 ] DEBUG Engine               - ticksPerSecond: -1
20:50:55.411 [FXGL Background Thread 3 ] DEBUG Engine               - title: Untitled
20:50:55.411 [FXGL Background Thread 3 ] DEBUG Engine               - urlGithub: https://github.com/AlmasB/FXGL
20:50:55.411 [FXGL Background Thread 3 ] DEBUG Engine               - urlLeaderboard: http://fxgl-top.herokuapp.com/
20:50:55.411 [FXGL Background Thread 3 ] DEBUG Engine               - urlPOM: https://raw.githubusercontent.com/AlmasB/FXGL/release/README.md
20:50:55.411 [FXGL Background Thread 3 ] DEBUG Engine               - userAppClass: class com.example.otherfxgltest.HelloApplication
20:50:55.412 [FXGL Background Thread 3 ] DEBUG Engine               - version: 0.0
20:50:55.412 [FXGL Background Thread 3 ] DEBUG Engine               - versionCheckDays: 7
20:50:55.412 [FXGL Background Thread 3 ] DEBUG Engine               - width: 1280
20:50:55.412 [FXGL Background Thread 3 ] DEBUG Engine               - Logging services
20:50:55.412 [FXGL Background Thread 3 ] DEBUG Engine               - class com.almasb.fxgl.app.services.FXGLAssetLoaderService
20:50:55.412 [FXGL Background Thread 3 ] DEBUG Engine               - class com.almasb.fxgl.app.FXGLApplication$GameApplicationService
20:50:55.412 [FXGL Background Thread 3 ] DEBUG Engine               - class com.almasb.fxgl.app.services.FXGLDialogService
20:50:55.412 [FXGL Background Thread 3 ] DEBUG Engine               - class com.almasb.fxgl.app.services.IOTaskExecutorService
20:50:55.412 [FXGL Background Thread 3 ] DEBUG Engine               - class com.almasb.fxgl.io.FileSystemService
20:50:55.412 [FXGL Background Thread 3 ] DEBUG Engine               - class com.almasb.fxgl.localization.LocalizationService
20:50:55.413 [FXGL Background Thread 3 ] DEBUG Engine               - class com.almasb.fxgl.app.services.SystemBundleService
20:50:55.413 [FXGL Background Thread 3 ] DEBUG Engine               - class com.almasb.fxgl.profile.SaveLoadService
20:50:55.413 [FXGL Background Thread 3 ] DEBUG Engine               - class com.almasb.fxgl.ui.FXGLUIFactoryServiceProvider
20:50:55.413 [FXGL Background Thread 3 ] DEBUG Engine               - class com.almasb.fxgl.ui.FXGLDialogFactoryServiceProvider
20:50:55.413 [FXGL Background Thread 3 ] DEBUG Engine               - class com.almasb.fxgl.audio.AudioPlayer
20:50:55.413 [FXGL Background Thread 3 ] DEBUG Engine               - class com.almasb.fxgl.notification.impl.NotificationServiceProvider
20:50:55.413 [FXGL Background Thread 3 ] DEBUG Engine               - class com.almasb.fxgl.achievement.AchievementService
20:50:55.413 [FXGL Background Thread 3 ] DEBUG Engine               - class com.almasb.fxgl.cutscene.CutsceneService
20:50:55.413 [FXGL Background Thread 3 ] DEBUG Engine               - class com.almasb.fxgl.minigames.MiniGameService
20:50:55.413 [FXGL Background Thread 3 ] DEBUG Engine               - class com.almasb.fxgl.net.NetService
20:50:55.414 [FXGL Background Thread 3 ] DEBUG Engine               - class com.almasb.fxgl.app.services.UpdaterService
20:50:55.414 [FXGL Background Thread 3 ] DEBUG Engine               - class com.almasb.fxgl.dev.DevService
20:50:58.254 [JavaFX Application Thread] DEBUG FXGLApplication      - Exiting FXGL
20:50:58.255 [JavaFX Application Thread] DEBUG LoopRunner           - Stopping loop
20:50:58.255 [JavaFX Application Thread] DEBUG SystemBundleService  - Saving FXGL system data
20:50:58.257 [JavaFX Application Thread] DEBUG FileSystemAccess     - Writing to: D:\java\Test\OtherFXGLTest\system\fxgl.bundle
20:50:58.259 [JavaFX Application Thread] DEBUG Async                - Shutting down background threads
20:50:58.259 [JavaFX Application Thread] DEBUG PrimaryStageWindow   - Closing main window
20:50:58.273 [JavaFX Application Thread] DEBUG Logger               - Closing Logger
