00:54:56.704 [main                     ] DEBUG Logger               - Configured Logger
00:54:56.741 [main                     ] DEBUG GameApplication      - Logging settings
Title: Untitled
Version: 0.0
Width: 1280
Height: 960
Fullscreen: false
Intro: false
Profiling: false
Single step:false
App Mode: DEVELOPER
Menu Key: ESCAPE
Stage Style: DECORATED
Scene Factory: class com.almasb.fxgl.app.scene.SceneFactory

00:54:57.287 [JavaFX Application Thread] DEBUG FXGLApplication      - Initializing FXGL
00:54:57.295 [JavaFX Application Thread] INFO  Engine               - FXGL-17.2 (20.08.2022 16.50) on WINDOWS (J:17.0.6 FX:17.0.2-ea)
00:54:57.295 [JavaFX Application Thread] DEBUG Engine               - JRE Vendor Name: Oracle Corporation
00:54:57.296 [JavaFX Application Thread] DEBUG Engine               - Running on OS: Windows 10 version 10.0
00:54:57.296 [JavaFX Application Thread] DEBUG Engine               - Architecture: amd64
00:54:57.296 [JavaFX Application Thread] INFO  Engine               - Source code and latest versions at: https://github.com/AlmasB/FXGL
00:54:57.296 [JavaFX Application Thread] INFO  Engine               -       Ask questions and discuss at: https://github.com/AlmasB/FXGL/discussions
00:54:57.296 [JavaFX Application Thread] INFO  Engine               -              Join the FXGL chat at: https://gitter.im/AlmasB/FXGL
00:54:57.451 [JavaFX Application Thread] DEBUG PrimaryStageWindow   - Creating a JavaFX scene
00:54:57.509 [JavaFX Application Thread] DEBUG PrimaryStageWindow   - Target settings size: 1280.0 x 960.0
00:54:57.509 [JavaFX Application Thread] DEBUG PrimaryStageWindow   - Scaled scene size:    1280.0 x 960.0
00:54:57.510 [JavaFX Application Thread] DEBUG PrimaryStageWindow   - Scaled ratio: (1.0, 1.0)
00:54:57.511 [JavaFX Application Thread] DEBUG PrimaryStageWindow   - Set initial scene to FXGLStartupScene
00:54:57.523 [JavaFX Application Thread] DEBUG PrimaryStageWindow   - Opening main window
00:54:57.621 [JavaFX Application Thread] DEBUG PrimaryStageWindow   - Window border size: (16.0, 39.0)
00:54:57.621 [JavaFX Application Thread] DEBUG PrimaryStageWindow   - Scaled size: 1280.0 x 960.0
00:54:57.621 [JavaFX Application Thread] DEBUG PrimaryStageWindow   - Scaled ratio: (1.0, 1.0)
00:54:57.622 [JavaFX Application Thread] DEBUG PrimaryStageWindow   - Scene size: 1280.0 x 960.0
00:54:57.622 [JavaFX Application Thread] DEBUG PrimaryStageWindow   - Stage size: 1296.0 x 999.0
00:54:57.631 [FXGL Background Thread 1 ] DEBUG Engine               - Initializing environment variables
00:54:57.679 [FXGL Background Thread 1 ] DEBUG FXGLAssetLoaderServi - User app class for loading assets: class com.example.otherfxgltest.HelloApplication
00:54:57.679 [FXGL Background Thread 1 ] DEBUG GameApplicationServi - Applying CSS: fxgl_dark.css
00:54:57.681 [FXGL Background Thread 1 ] DEBUG FXGLAssetLoaderServi - Loading from file system: jar:file:/C:/Users/phuon/.m2/repository/com/github/almasb/fxgl/17.2/fxgl-17.2.jar!/fxglassets/ui/css/fxgl_dark.css
00:54:57.739 [FXGL Background Thread 1 ] DEBUG GameApplicationServi - Initializing application scenes
00:54:57.824 [FXGL Background Thread 1 ] DEBUG GameWorld            - Game world initialized
00:54:57.895 [FXGL Background Thread 1 ] DEBUG PhysicsWorld         - Physics world initialized: appHeight=960, physics.ppm=50.0
00:54:57.896 [FXGL Background Thread 1 ] DEBUG PhysicsWorld         - Using strategy: BRUTE_FORCE
00:54:57.901 [FXGL Background Thread 1 ] DEBUG GameScene            - Game scene initialized: 1280x960
00:54:57.931 [FXGL Background Thread 1 ] DEBUG FXGL.DefaultMenu     - createMenuBodyGameMenu()
00:54:57.959 [FXGL Background Thread 1 ] DEBUG FXGL.DefaultMenu     - createOptionsMenu()
00:54:57.976 [FXGL Background Thread 1 ] DEBUG FXGLAssetLoaderServi - Loading from file system: jar:file:/C:/Users/phuon/.m2/repository/com/github/almasb/fxgl/17.2/fxgl-17.2.jar!/fxglassets/textures/particles/smoke.png
00:54:58.091 [FXGL Background Thread 1 ] DEBUG FXGLAssetLoaderServi - Loading from file system: jar:file:/C:/Users/phuon/.m2/repository/com/github/almasb/fxgl/17.2/fxgl-17.2.jar!/fxglassets/textures/particles/trace_horizontal.png
00:54:58.125 [FXGL Background Thread 1 ] DEBUG GameApplicationServi - Application scenes initialized
00:54:58.141 [FXGL Background Thread 1 ] DEBUG SystemBundleService  - Loading FXGL system data
00:54:58.147 [FXGL Background Thread 1 ] DEBUG FileSystemAccess     - Reading from: D:\java\Test\OtherFXGLTest\system\fxgl.bundle
00:54:58.155 [FXGL Background Thread 1 ] DEBUG SystemBundleService  - Bundle FXGL: {}
00:54:58.156 [FXGL Background Thread 1 ] DEBUG UpdaterService       - Checking for updates
00:54:58.162 [FXGL Background Thread 1 ] DEBUG FXGLApplication      - Loading default localization
00:54:58.163 [FXGL Background Thread 1 ] DEBUG FXGLAssetLoaderServi - Loading from file system: jar:file:/C:/Users/phuon/.m2/repository/com/github/almasb/fxgl/17.2/fxgl-17.2.jar!/fxglassets/languages/english.lang
00:54:58.169 [FXGL Background Thread 4 ] DEBUG FXGLApplication      - Loading fonts
00:54:58.170 [FXGL Background Thread 4 ] DEBUG FXGLAssetLoaderServi - Loading from file system: jar:file:/C:/Users/phuon/.m2/repository/com/github/almasb/fxgl/17.2/fxgl-17.2.jar!/fxglassets/ui/fonts/VarelaRound-Regular.ttf
00:54:58.192 [FXGL Background Thread 1 ] INFO  FXGLApplication      - FXGL initialization took: 0.561 sec
00:54:58.204 [JavaFX Application Thread] DEBUG Input                - Registered new binding: action0 - W
00:54:58.204 [JavaFX Application Thread] DEBUG Input                - Registered new binding: action1 - S
00:54:58.205 [JavaFX Application Thread] DEBUG Input                - Registered new binding: action2 - A
00:54:58.205 [JavaFX Application Thread] DEBUG Input                - Registered new binding: action3 - D
00:54:58.208 [JavaFX Application Thread] DEBUG Input                - Registered new binding: action4 - LMB
00:54:58.208 [JavaFX Application Thread] DEBUG FXGLAssetLoaderServi - Loading from file system: jar:file:/C:/Users/phuon/.m2/repository/com/github/almasb/fxgl/17.2/fxgl-17.2.jar!/fxglassets/textures/fxgl_icon.png
00:54:58.237 [JavaFX Application Thread] DEBUG FXGLAssetLoaderServi - Loading from file system: jar:file:/C:/Users/phuon/.m2/repository/com/github/almasb/fxgl/17.2/fxgl-17.2.jar!/fxglassets/textures/fxgl_default_cursor.png
00:54:58.241 [JavaFX Application Thread] DEBUG Input                - Registered new binding: Screenshot - CTRL+8
00:54:58.241 [JavaFX Application Thread] DEBUG Input                - Registered new binding: System info dump - CTRL+9
00:54:58.242 [JavaFX Application Thread] DEBUG Input                - Registered new binding: Restart - CTRL+R
00:54:58.243 [JavaFX Application Thread] DEBUG Input                - Registered new binding: Toggle Debug Camera - CTRL+7
00:54:58.245 [JavaFX Application Thread] DEBUG LoopRunner           - Starting loop
00:54:58.245 [JavaFX Application Thread] DEBUG LoopRunner           - Initializing JavaFX AnimationTimerLoop
00:54:58.247 [JavaFX Application Thread] DEBUG GameApplicationServi - Starting new game
00:54:58.247 [JavaFX Application Thread] DEBUG Input                - Clearing active input actions
00:54:58.313 [JavaFX Application Thread] DEBUG GameApplicationServi - Removing overlay from FXGLStartupScene and adding to FXGLLoadingScene
00:54:58.314 [JavaFX Application Thread] DEBUG PrimaryStageWindow   - FXGLStartupScene -> FXGLLoadingScene
00:54:58.314 [JavaFX Application Thread] DEBUG GameApplicationServi - Clearing previous game
00:54:58.314 [JavaFX Application Thread] DEBUG GameScene            - Clearing game scene
00:54:58.314 [JavaFX Application Thread] DEBUG GameWorld            - Clearing game world
00:54:58.314 [JavaFX Application Thread] DEBUG PhysicsWorld         - Clearing physics world
00:54:58.316 [FXGL Background Thread 1 ] DEBUG FXGLApplication      - Initializing game
00:54:58.396 [FXGL Background Thread 1 ] WARN  TMXLevelLoader       - TiledMap generated from 1.0.1. Supported version: 1.9.0. Some features may not be parsed fully.
00:54:58.407 [FXGL Background Thread 1 ] DEBUG TMXLevelLoader       - Parsed TiledMap: file:/D:/java/Test/OtherFXGLTest/target/classes/assets/levels/tmx/map1.tmx
00:54:58.408 [FXGL Background Thread 1 ] DEBUG TMXLevelLoader       - Creating tile layer entities
00:54:58.409 [FXGL Background Thread 1 ] DEBUG TilesetLoader        - Loading view for layer Tile Layer 1
00:54:58.412 [FXGL Background Thread 1 ] DEBUG TilesetLoader        - Created buffer with size 1280.0x960.0
00:54:58.603 [FXGL Background Thread 1 ] DEBUG TMXLevelLoader       - Creating object layer entities
00:54:58.633 [FXGL Background Thread 1 ] DEBUG GameWorld            - Clearing removable entities
00:54:58.634 [FXGL Background Thread 1 ] DEBUG GameWorld            - Setting level: com.almasb.fxgl.entity.level.Level@12ca2445
00:54:58.647 [FXGL Background Thread 1 ] INFO  FXGLApplication      - Game initialization took: 0.331 sec
00:54:58.689 [FXGL Background Thread 4 ] DEBUG FXGLAssetLoaderServi - Loading from file system: jar:file:/C:/Users/phuon/.m2/repository/com/github/almasb/fxgl/17.2/fxgl-17.2.jar!/fxglassets/ui/fonts/Abel-Regular.ttf
00:54:58.692 [FXGL Background Thread 4 ] DEBUG FXGLAssetLoaderServi - Loading from file system: jar:file:/C:/Users/phuon/.m2/repository/com/github/almasb/fxgl/17.2/fxgl-17.2.jar!/fxglassets/ui/fonts/TerminalLandMono-Regular.otf
00:54:58.697 [FXGL Background Thread 4 ] DEBUG FXGLAssetLoaderServi - Loading from file system: jar:file:/C:/Users/phuon/.m2/repository/com/github/almasb/fxgl/17.2/fxgl-17.2.jar!/fxglassets/ui/fonts/Courier-Prime.ttf
00:54:59.145 [JavaFX Application Thread] DEBUG Input                - Clearing active input actions
00:54:59.155 [JavaFX Application Thread] DEBUG GameApplicationServi - Removing overlay from FXGLLoadingScene and adding to GameScene
00:54:59.155 [JavaFX Application Thread] DEBUG PrimaryStageWindow   - FXGLLoadingScene -> GameScene
00:54:59.155 [JavaFX Application Thread] DEBUG FXGLApplication      - Registering font factories with UI factory
00:55:01.160 [FXGL Background Thread 3 ] DEBUG Engine               - Logging environment variables
00:55:01.161 [FXGL Background Thread 3 ] DEBUG Engine               - achievements: []
00:55:01.161 [FXGL Background Thread 3 ] DEBUG Engine               - actualHeight: 960.0
00:55:01.161 [FXGL Background Thread 3 ] DEBUG Engine               - actualHeightProperty: ReadOnlyDoubleProperty [value: 960.0]
00:55:01.161 [FXGL Background Thread 3 ] DEBUG Engine               - actualWidth: 1280.0
00:55:01.161 [FXGL Background Thread 3 ] DEBUG Engine               - actualWidthProperty: ReadOnlyDoubleProperty [value: 1280.0]
00:55:01.161 [FXGL Background Thread 3 ] DEBUG Engine               - appIcon: fxgl_icon.png
00:55:01.162 [FXGL Background Thread 3 ] DEBUG Engine               - applicationMode: DEVELOPER
00:55:01.162 [FXGL Background Thread 3 ] DEBUG Engine               - cSSList: [fxgl_dark.css]
00:55:01.162 [FXGL Background Thread 3 ] DEBUG Engine               - collisionDetectionStrategy: BRUTE_FORCE
00:55:01.162 [FXGL Background Thread 3 ] DEBUG Engine               - configClass: Optional.empty
00:55:01.162 [FXGL Background Thread 3 ] DEBUG Engine               - credits: []
00:55:01.163 [FXGL Background Thread 3 ] DEBUG Engine               - defaultCursor: CursorInfo(imageName=fxgl_default_cursor.png, hotspotX=7.0, hotspotY=6.0)
00:55:01.163 [FXGL Background Thread 3 ] DEBUG Engine               - devBBoxColorProperty: ObjectProperty [value: 0xff0000ff]
00:55:01.163 [FXGL Background Thread 3 ] DEBUG Engine               - devEnableDebugCameraProperty: BooleanProperty [value: false]
00:55:01.163 [FXGL Background Thread 3 ] DEBUG Engine               - devSensorColorProperty: ObjectProperty [value: 0xffff00ff]
00:55:01.163 [FXGL Background Thread 3 ] DEBUG Engine               - devShowBBoxProperty: BooleanProperty [value: false]
00:55:01.163 [FXGL Background Thread 3 ] DEBUG Engine               - devShowPositionProperty: BooleanProperty [value: false]
00:55:01.164 [FXGL Background Thread 3 ] DEBUG Engine               - enabledMenuItems: []
00:55:01.164 [FXGL Background Thread 3 ] DEBUG Engine               - engineServices: [class com.almasb.fxgl.app.services.FXGLAssetLoaderService, class com.almasb.fxgl.app.FXGLApplication$GameApplicationService, class com.almasb.fxgl.app.services.FXGLDialogService, class com.almasb.fxgl.app.services.IOTaskExecutorService, class com.almasb.fxgl.io.FileSystemService, class com.almasb.fxgl.localization.LocalizationService, class com.almasb.fxgl.app.services.SystemBundleService, class com.almasb.fxgl.profile.SaveLoadService, class com.almasb.fxgl.ui.FXGLUIFactoryServiceProvider, class com.almasb.fxgl.ui.FXGLDialogFactoryServiceProvider, class com.almasb.fxgl.audio.AudioPlayer, class com.almasb.fxgl.notification.impl.NotificationServiceProvider, class com.almasb.fxgl.achievement.AchievementService, class com.almasb.fxgl.cutscene.CutsceneService, class com.almasb.fxgl.minigames.MiniGameService, class com.almasb.fxgl.net.NetService, class com.almasb.fxgl.app.services.UpdaterService, class com.almasb.fxgl.dev.DevService]
00:55:01.164 [FXGL Background Thread 3 ] DEBUG Engine               - fontGame: Abel-Regular.ttf
00:55:01.164 [FXGL Background Thread 3 ] DEBUG Engine               - fontMono: TerminalLandMono-Regular.otf
00:55:01.164 [FXGL Background Thread 3 ] DEBUG Engine               - fontText: Courier-Prime.ttf
00:55:01.164 [FXGL Background Thread 3 ] DEBUG Engine               - fontUI: VarelaRound-Regular.ttf
00:55:01.164 [FXGL Background Thread 3 ] DEBUG Engine               - fullScreen: BooleanProperty [value: false]
00:55:01.164 [FXGL Background Thread 3 ] DEBUG Engine               - gameDifficulty: MEDIUM
00:55:01.164 [FXGL Background Thread 3 ] DEBUG Engine               - gameDifficultyProperty: ObjectProperty [value: MEDIUM]
00:55:01.165 [FXGL Background Thread 3 ] DEBUG Engine               - globalMusicVolume: 0.5
00:55:01.165 [FXGL Background Thread 3 ] DEBUG Engine               - globalMusicVolumeProperty: DoubleProperty [value: 0.5]
00:55:01.165 [FXGL Background Thread 3 ] DEBUG Engine               - globalSoundVolume: 0.5
00:55:01.165 [FXGL Background Thread 3 ] DEBUG Engine               - globalSoundVolumeProperty: DoubleProperty [value: 0.5]
00:55:01.165 [FXGL Background Thread 3 ] DEBUG Engine               - height: 960
00:55:01.165 [FXGL Background Thread 3 ] DEBUG Engine               - is3D: false
00:55:01.165 [FXGL Background Thread 3 ] DEBUG Engine               - isAndroid: false
00:55:01.165 [FXGL Background Thread 3 ] DEBUG Engine               - isBrowser: false
00:55:01.165 [FXGL Background Thread 3 ] DEBUG Engine               - isClickFeedbackEnabled: false
00:55:01.165 [FXGL Background Thread 3 ] DEBUG Engine               - isCloseConfirmation: false
00:55:01.166 [FXGL Background Thread 3 ] DEBUG Engine               - isDesktop: true
00:55:01.166 [FXGL Background Thread 3 ] DEBUG Engine               - isDeveloperMenuEnabled: false
00:55:01.166 [FXGL Background Thread 3 ] DEBUG Engine               - isEmbedded: false
00:55:01.166 [FXGL Background Thread 3 ] DEBUG Engine               - isEntityPreloadEnabled: true
00:55:01.166 [FXGL Background Thread 3 ] DEBUG Engine               - isExperimentalTiledLargeMap: false
00:55:01.166 [FXGL Background Thread 3 ] DEBUG Engine               - isFileSystemWriteAllowed: true
00:55:01.166 [FXGL Background Thread 3 ] DEBUG Engine               - isFullScreenAllowed: false
00:55:01.166 [FXGL Background Thread 3 ] DEBUG Engine               - isFullScreenFromStart: false
00:55:01.167 [FXGL Background Thread 3 ] DEBUG Engine               - isGameMenuEnabled: true
00:55:01.167 [FXGL Background Thread 3 ] DEBUG Engine               - isIOS: false
00:55:01.167 [FXGL Background Thread 3 ] DEBUG Engine               - isIntroEnabled: false
00:55:01.167 [FXGL Background Thread 3 ] DEBUG Engine               - isLinux: false
00:55:01.167 [FXGL Background Thread 3 ] DEBUG Engine               - isMac: false
00:55:01.167 [FXGL Background Thread 3 ] DEBUG Engine               - isMainMenuEnabled: false
00:55:01.167 [FXGL Background Thread 3 ] DEBUG Engine               - isManualResizeEnabled: false
00:55:01.167 [FXGL Background Thread 3 ] DEBUG Engine               - isMobile: false
00:55:01.167 [FXGL Background Thread 3 ] DEBUG Engine               - isNative: false
00:55:01.167 [FXGL Background Thread 3 ] DEBUG Engine               - isPauseMusicWhenMinimized: true
00:55:01.167 [FXGL Background Thread 3 ] DEBUG Engine               - isPreserveResizeRatio: false
00:55:01.168 [FXGL Background Thread 3 ] DEBUG Engine               - isProfilingEnabled: false
00:55:01.168 [FXGL Background Thread 3 ] DEBUG Engine               - isScaleAffectedOnResize: true
00:55:01.168 [FXGL Background Thread 3 ] DEBUG Engine               - isSingleStep: false
00:55:01.168 [FXGL Background Thread 3 ] DEBUG Engine               - isUserProfileEnabled: false
00:55:01.168 [FXGL Background Thread 3 ] DEBUG Engine               - isWindows: true
00:55:01.168 [FXGL Background Thread 3 ] DEBUG Engine               - language: ObjectProperty [value: ENGLISH]
00:55:01.168 [FXGL Background Thread 3 ] DEBUG Engine               - menuKey: ESCAPE
00:55:01.168 [FXGL Background Thread 3 ] DEBUG Engine               - mouseSensitivity: 0.2
00:55:01.168 [FXGL Background Thread 3 ] DEBUG Engine               - notificationViewClass: class com.almasb.fxgl.notification.view.XboxNotificationView
00:55:01.168 [FXGL Background Thread 3 ] DEBUG Engine               - pixelsPerMeter: 50.0
00:55:01.168 [FXGL Background Thread 3 ] DEBUG Engine               - platform: WINDOWS
00:55:01.169 [FXGL Background Thread 3 ] DEBUG Engine               - prefHeightProperty: ReadOnlyDoubleProperty [value: 960.0]
00:55:01.169 [FXGL Background Thread 3 ] DEBUG Engine               - prefWidthProperty: ReadOnlyDoubleProperty [value: 1280.0]
00:55:01.169 [FXGL Background Thread 3 ] DEBUG Engine               - profileDir: profiles/
00:55:01.169 [FXGL Background Thread 3 ] DEBUG Engine               - profileName: StringProperty [value: DEFAULT]
00:55:01.169 [FXGL Background Thread 3 ] DEBUG Engine               - randomSeed: -1
00:55:01.169 [FXGL Background Thread 3 ] DEBUG Engine               - runtimeInfo: RuntimeInfo(platform=WINDOWS, version=17.2, build=20.08.2022 16.50)
00:55:01.169 [FXGL Background Thread 3 ] DEBUG Engine               - saveFileExt: sav
00:55:01.170 [FXGL Background Thread 3 ] DEBUG Engine               - scaledHeightProp$fxgl: DoubleProperty [bound, value: 960.0]
00:55:01.170 [FXGL Background Thread 3 ] DEBUG Engine               - scaledWidthProp$fxgl: DoubleProperty [bound, value: 1280.0]
00:55:01.170 [FXGL Background Thread 3 ] DEBUG Engine               - sceneFactory: com.almasb.fxgl.app.scene.SceneFactory@716cee31
00:55:01.170 [FXGL Background Thread 3 ] DEBUG Engine               - secondsIn24h: 60
00:55:01.170 [FXGL Background Thread 3 ] DEBUG Engine               - soundMenuBack: menu/back.wav
00:55:01.170 [FXGL Background Thread 3 ] DEBUG Engine               - soundMenuPress: menu/press.wav
00:55:01.170 [FXGL Background Thread 3 ] DEBUG Engine               - soundMenuSelect: menu/select.wav
00:55:01.170 [FXGL Background Thread 3 ] DEBUG Engine               - soundNotification: core/notification.wav
00:55:01.170 [FXGL Background Thread 3 ] DEBUG Engine               - stageStyle: DECORATED
00:55:01.171 [FXGL Background Thread 3 ] DEBUG Engine               - supportedLanguages: [ENGLISH, FRENCH, GERMAN, HUNGARIAN, RUSSIAN]
00:55:01.171 [FXGL Background Thread 3 ] DEBUG Engine               - ticksPerSecond: -1
00:55:01.171 [FXGL Background Thread 3 ] DEBUG Engine               - title: Untitled
00:55:01.171 [FXGL Background Thread 3 ] DEBUG Engine               - urlGithub: https://github.com/AlmasB/FXGL
00:55:01.171 [FXGL Background Thread 3 ] DEBUG Engine               - urlLeaderboard: http://fxgl-top.herokuapp.com/
00:55:01.171 [FXGL Background Thread 3 ] DEBUG Engine               - urlPOM: https://raw.githubusercontent.com/AlmasB/FXGL/release/README.md
00:55:01.171 [FXGL Background Thread 3 ] DEBUG Engine               - userAppClass: class com.example.otherfxgltest.HelloApplication
00:55:01.171 [FXGL Background Thread 3 ] DEBUG Engine               - version: 0.0
00:55:01.171 [FXGL Background Thread 3 ] DEBUG Engine               - versionCheckDays: 7
00:55:01.171 [FXGL Background Thread 3 ] DEBUG Engine               - width: 1280
00:55:01.171 [FXGL Background Thread 3 ] DEBUG Engine               - Logging services
00:55:01.172 [FXGL Background Thread 3 ] DEBUG Engine               - class com.almasb.fxgl.app.services.FXGLAssetLoaderService
00:55:01.172 [FXGL Background Thread 3 ] DEBUG Engine               - class com.almasb.fxgl.app.FXGLApplication$GameApplicationService
00:55:01.172 [FXGL Background Thread 3 ] DEBUG Engine               - class com.almasb.fxgl.app.services.FXGLDialogService
00:55:01.172 [FXGL Background Thread 3 ] DEBUG Engine               - class com.almasb.fxgl.app.services.IOTaskExecutorService
00:55:01.172 [FXGL Background Thread 3 ] DEBUG Engine               - class com.almasb.fxgl.io.FileSystemService
00:55:01.172 [FXGL Background Thread 3 ] DEBUG Engine               - class com.almasb.fxgl.localization.LocalizationService
00:55:01.172 [FXGL Background Thread 3 ] DEBUG Engine               - class com.almasb.fxgl.app.services.SystemBundleService
00:55:01.172 [FXGL Background Thread 3 ] DEBUG Engine               - class com.almasb.fxgl.profile.SaveLoadService
00:55:01.172 [FXGL Background Thread 3 ] DEBUG Engine               - class com.almasb.fxgl.ui.FXGLUIFactoryServiceProvider
00:55:01.172 [FXGL Background Thread 3 ] DEBUG Engine               - class com.almasb.fxgl.ui.FXGLDialogFactoryServiceProvider
00:55:01.172 [FXGL Background Thread 3 ] DEBUG Engine               - class com.almasb.fxgl.audio.AudioPlayer
00:55:01.172 [FXGL Background Thread 3 ] DEBUG Engine               - class com.almasb.fxgl.notification.impl.NotificationServiceProvider
00:55:01.173 [FXGL Background Thread 3 ] DEBUG Engine               - class com.almasb.fxgl.achievement.AchievementService
00:55:01.173 [FXGL Background Thread 3 ] DEBUG Engine               - class com.almasb.fxgl.cutscene.CutsceneService
00:55:01.173 [FXGL Background Thread 3 ] DEBUG Engine               - class com.almasb.fxgl.minigames.MiniGameService
00:55:01.173 [FXGL Background Thread 3 ] DEBUG Engine               - class com.almasb.fxgl.net.NetService
00:55:01.173 [FXGL Background Thread 3 ] DEBUG Engine               - class com.almasb.fxgl.app.services.UpdaterService
00:55:01.173 [FXGL Background Thread 3 ] DEBUG Engine               - class com.almasb.fxgl.dev.DevService
00:55:27.301 [JavaFX Application Thread] DEBUG FXGLApplication      - Exiting FXGL
00:55:27.302 [JavaFX Application Thread] DEBUG LoopRunner           - Stopping loop
00:55:27.302 [JavaFX Application Thread] DEBUG SystemBundleService  - Saving FXGL system data
00:55:27.304 [JavaFX Application Thread] DEBUG FileSystemAccess     - Writing to: D:\java\Test\OtherFXGLTest\system\fxgl.bundle
00:55:27.306 [JavaFX Application Thread] DEBUG Async                - Shutting down background threads
00:55:27.306 [JavaFX Application Thread] DEBUG PrimaryStageWindow   - Closing main window
00:55:27.316 [JavaFX Application Thread] DEBUG Logger               - Closing Logger
