01:21:02.801 [main                     ] DEBUG Logger               - Configured Logger
01:21:02.838 [main                     ] DEBUG GameApplication      - Logging settings
Title: Untitled
Version: 0.0
Width: 1280
Height: 960
Fullscreen: false
Intro: false
Profiling: false
Single step:false
App Mode: DEVELOPER
Menu Key: ESCAPE
Stage Style: DECORATED
Scene Factory: class com.almasb.fxgl.app.scene.SceneFactory

01:21:03.410 [JavaFX Application Thread] DEBUG FXGLApplication      - Initializing FXGL
01:21:03.418 [JavaFX Application Thread] INFO  Engine               - FXGL-17.2 (20.08.2022 16.50) on WINDOWS (J:17.0.6 FX:17.0.2-ea)
01:21:03.418 [JavaFX Application Thread] DEBUG Engine               - JRE Vendor Name: Oracle Corporation
01:21:03.419 [JavaFX Application Thread] DEBUG Engine               - Running on OS: Windows 10 version 10.0
01:21:03.419 [JavaFX Application Thread] DEBUG Engine               - Architecture: amd64
01:21:03.419 [JavaFX Application Thread] INFO  Engine               - Source code and latest versions at: https://github.com/AlmasB/FXGL
01:21:03.419 [JavaFX Application Thread] INFO  Engine               -       Ask questions and discuss at: https://github.com/AlmasB/FXGL/discussions
01:21:03.419 [JavaFX Application Thread] INFO  Engine               -              Join the FXGL chat at: https://gitter.im/AlmasB/FXGL
01:21:03.581 [JavaFX Application Thread] DEBUG PrimaryStageWindow   - Creating a JavaFX scene
01:21:03.680 [JavaFX Application Thread] DEBUG PrimaryStageWindow   - Target settings size: 1280.0 x 960.0
01:21:03.681 [JavaFX Application Thread] DEBUG PrimaryStageWindow   - Scaled scene size:    1280.0 x 960.0
01:21:03.681 [JavaFX Application Thread] DEBUG PrimaryStageWindow   - Scaled ratio: (1.0, 1.0)
01:21:03.683 [JavaFX Application Thread] DEBUG PrimaryStageWindow   - Set initial scene to FXGLStartupScene
01:21:03.694 [JavaFX Application Thread] DEBUG PrimaryStageWindow   - Opening main window
01:21:03.793 [JavaFX Application Thread] DEBUG PrimaryStageWindow   - Window border size: (16.0, 39.0)
01:21:03.794 [JavaFX Application Thread] DEBUG PrimaryStageWindow   - Scaled size: 1280.0 x 960.0
01:21:03.794 [JavaFX Application Thread] DEBUG PrimaryStageWindow   - Scaled ratio: (1.0, 1.0)
01:21:03.794 [JavaFX Application Thread] DEBUG PrimaryStageWindow   - Scene size: 1280.0 x 960.0
01:21:03.795 [JavaFX Application Thread] DEBUG PrimaryStageWindow   - Stage size: 1296.0 x 999.0
01:21:03.845 [FXGL Background Thread 1 ] DEBUG Engine               - Initializing environment variables
01:21:03.902 [FXGL Background Thread 1 ] DEBUG FXGLAssetLoaderServi - User app class for loading assets: class com.example.otherfxgltest.HelloApplication
01:21:03.902 [FXGL Background Thread 1 ] DEBUG GameApplicationServi - Applying CSS: fxgl_dark.css
01:21:03.903 [FXGL Background Thread 1 ] DEBUG FXGLAssetLoaderServi - Loading from file system: jar:file:/C:/Users/phuon/.m2/repository/com/github/almasb/fxgl/17.2/fxgl-17.2.jar!/fxglassets/ui/css/fxgl_dark.css
01:21:03.993 [FXGL Background Thread 1 ] DEBUG GameApplicationServi - Initializing application scenes
01:21:04.089 [FXGL Background Thread 1 ] DEBUG GameWorld            - Game world initialized
01:21:04.198 [FXGL Background Thread 1 ] DEBUG PhysicsWorld         - Physics world initialized: appHeight=960, physics.ppm=50.0
01:21:04.199 [FXGL Background Thread 1 ] DEBUG PhysicsWorld         - Using strategy: BRUTE_FORCE
01:21:04.206 [FXGL Background Thread 1 ] DEBUG GameScene            - Game scene initialized: 1280x960
01:21:04.226 [FXGL Background Thread 1 ] DEBUG FXGL.DefaultMenu     - createMenuBodyGameMenu()
01:21:04.249 [FXGL Background Thread 1 ] DEBUG FXGL.DefaultMenu     - createOptionsMenu()
01:21:04.265 [FXGL Background Thread 1 ] DEBUG FXGLAssetLoaderServi - Loading from file system: jar:file:/C:/Users/phuon/.m2/repository/com/github/almasb/fxgl/17.2/fxgl-17.2.jar!/fxglassets/textures/particles/smoke.png
01:21:04.446 [FXGL Background Thread 1 ] DEBUG FXGLAssetLoaderServi - Loading from file system: jar:file:/C:/Users/phuon/.m2/repository/com/github/almasb/fxgl/17.2/fxgl-17.2.jar!/fxglassets/textures/particles/trace_horizontal.png
01:21:04.488 [FXGL Background Thread 1 ] DEBUG GameApplicationServi - Application scenes initialized
01:21:04.508 [FXGL Background Thread 1 ] DEBUG SystemBundleService  - Loading FXGL system data
01:21:04.515 [FXGL Background Thread 1 ] DEBUG FileSystemAccess     - Reading from: D:\java\Test\OtherFXGLTest\system\fxgl.bundle
01:21:04.525 [FXGL Background Thread 1 ] DEBUG SystemBundleService  - Bundle FXGL: {}
01:21:04.525 [FXGL Background Thread 1 ] DEBUG UpdaterService       - Checking for updates
01:21:04.556 [FXGL Background Thread 1 ] DEBUG FXGLApplication      - Loading default localization
01:21:04.557 [FXGL Background Thread 1 ] DEBUG FXGLAssetLoaderServi - Loading from file system: jar:file:/C:/Users/phuon/.m2/repository/com/github/almasb/fxgl/17.2/fxgl-17.2.jar!/fxglassets/languages/english.lang
01:21:04.582 [FXGL Background Thread 1 ] INFO  FXGLApplication      - FXGL initialization took: 0.737 sec
01:21:04.595 [JavaFX Application Thread] DEBUG Input                - Registered new binding: action0 - W
01:21:04.596 [JavaFX Application Thread] DEBUG Input                - Registered new binding: action1 - S
01:21:04.596 [JavaFX Application Thread] DEBUG Input                - Registered new binding: action2 - A
01:21:04.597 [JavaFX Application Thread] DEBUG Input                - Registered new binding: action3 - D
01:21:04.599 [JavaFX Application Thread] DEBUG Input                - Registered new binding: action4 - LMB
01:21:04.600 [JavaFX Application Thread] DEBUG FXGLAssetLoaderServi - Loading from file system: jar:file:/C:/Users/phuon/.m2/repository/com/github/almasb/fxgl/17.2/fxgl-17.2.jar!/fxglassets/textures/fxgl_icon.png
01:21:04.680 [FXGL Background Thread 4 ] DEBUG FXGLApplication      - Loading fonts
01:21:04.682 [FXGL Background Thread 4 ] DEBUG FXGLAssetLoaderServi - Loading from file system: jar:file:/C:/Users/phuon/.m2/repository/com/github/almasb/fxgl/17.2/fxgl-17.2.jar!/fxglassets/ui/fonts/VarelaRound-Regular.ttf
01:21:04.683 [JavaFX Application Thread] DEBUG FXGLAssetLoaderServi - Loading from file system: jar:file:/C:/Users/phuon/.m2/repository/com/github/almasb/fxgl/17.2/fxgl-17.2.jar!/fxglassets/textures/fxgl_default_cursor.png
01:21:04.685 [JavaFX Application Thread] DEBUG Input                - Registered new binding: Screenshot - CTRL+8
01:21:04.687 [JavaFX Application Thread] DEBUG Input                - Registered new binding: System info dump - CTRL+9
01:21:04.688 [JavaFX Application Thread] DEBUG Input                - Registered new binding: Restart - CTRL+R
01:21:04.689 [JavaFX Application Thread] DEBUG Input                - Registered new binding: Toggle Debug Camera - CTRL+7
01:21:04.694 [JavaFX Application Thread] DEBUG LoopRunner           - Starting loop
01:21:04.694 [JavaFX Application Thread] DEBUG LoopRunner           - Initializing JavaFX AnimationTimerLoop
01:21:04.697 [JavaFX Application Thread] DEBUG GameApplicationServi - Starting new game
01:21:04.698 [JavaFX Application Thread] DEBUG Input                - Clearing active input actions
01:21:04.716 [JavaFX Application Thread] DEBUG GameApplicationServi - Removing overlay from FXGLStartupScene and adding to FXGLLoadingScene
01:21:04.717 [JavaFX Application Thread] DEBUG PrimaryStageWindow   - FXGLStartupScene -> FXGLLoadingScene
01:21:04.717 [JavaFX Application Thread] DEBUG GameApplicationServi - Clearing previous game
01:21:04.717 [JavaFX Application Thread] DEBUG GameScene            - Clearing game scene
01:21:04.717 [JavaFX Application Thread] DEBUG GameWorld            - Clearing game world
01:21:04.718 [JavaFX Application Thread] DEBUG PhysicsWorld         - Clearing physics world
01:21:04.721 [FXGL Background Thread 1 ] DEBUG FXGLApplication      - Initializing game
01:21:04.812 [FXGL Background Thread 1 ] WARN  TMXLevelLoader       - TiledMap generated from 1.0.1. Supported version: 1.9.0. Some features may not be parsed fully.
01:21:04.822 [FXGL Background Thread 1 ] DEBUG TMXLevelLoader       - Parsed TiledMap: file:/D:/java/Test/OtherFXGLTest/target/classes/assets/levels/tmx/map1.tmx
01:21:04.824 [FXGL Background Thread 1 ] DEBUG TMXLevelLoader       - Creating tile layer entities
01:21:04.826 [FXGL Background Thread 1 ] DEBUG TilesetLoader        - Loading view for layer Tile Layer 1
01:21:04.829 [FXGL Background Thread 1 ] DEBUG TilesetLoader        - Created buffer with size 1280.0x960.0
01:21:04.943 [FXGL Background Thread 1 ] DEBUG TMXLevelLoader       - Creating object layer entities
01:21:05.003 [FXGL Background Thread 1 ] DEBUG GameWorld            - Clearing removable entities
01:21:05.004 [FXGL Background Thread 1 ] DEBUG GameWorld            - Setting level: com.almasb.fxgl.entity.level.Level@20cfadbc
01:21:05.020 [FXGL Background Thread 1 ] INFO  FXGLApplication      - Game initialization took: 0.299 sec
01:21:05.060 [JavaFX Application Thread] DEBUG Input                - Clearing active input actions
01:21:05.069 [JavaFX Application Thread] DEBUG GameApplicationServi - Removing overlay from FXGLLoadingScene and adding to GameScene
01:21:05.069 [JavaFX Application Thread] DEBUG PrimaryStageWindow   - FXGLLoadingScene -> GameScene
01:21:05.214 [FXGL Background Thread 4 ] DEBUG FXGLAssetLoaderServi - Loading from file system: jar:file:/C:/Users/phuon/.m2/repository/com/github/almasb/fxgl/17.2/fxgl-17.2.jar!/fxglassets/ui/fonts/Abel-Regular.ttf
01:21:05.220 [FXGL Background Thread 4 ] DEBUG FXGLAssetLoaderServi - Loading from file system: jar:file:/C:/Users/phuon/.m2/repository/com/github/almasb/fxgl/17.2/fxgl-17.2.jar!/fxglassets/ui/fonts/TerminalLandMono-Regular.otf
01:21:05.225 [FXGL Background Thread 4 ] DEBUG FXGLAssetLoaderServi - Loading from file system: jar:file:/C:/Users/phuon/.m2/repository/com/github/almasb/fxgl/17.2/fxgl-17.2.jar!/fxglassets/ui/fonts/Courier-Prime.ttf
01:21:05.238 [JavaFX Application Thread] DEBUG FXGLApplication      - Registering font factories with UI factory
01:21:07.544 [FXGL Background Thread 3 ] DEBUG Engine               - Logging environment variables
01:21:07.545 [FXGL Background Thread 3 ] DEBUG Engine               - achievements: []
01:21:07.545 [FXGL Background Thread 3 ] DEBUG Engine               - actualHeight: 960.0
01:21:07.545 [FXGL Background Thread 3 ] DEBUG Engine               - actualHeightProperty: ReadOnlyDoubleProperty [value: 960.0]
01:21:07.545 [FXGL Background Thread 3 ] DEBUG Engine               - actualWidth: 1280.0
01:21:07.545 [FXGL Background Thread 3 ] DEBUG Engine               - actualWidthProperty: ReadOnlyDoubleProperty [value: 1280.0]
01:21:07.546 [FXGL Background Thread 3 ] DEBUG Engine               - appIcon: fxgl_icon.png
01:21:07.546 [FXGL Background Thread 3 ] DEBUG Engine               - applicationMode: DEVELOPER
01:21:07.546 [FXGL Background Thread 3 ] DEBUG Engine               - cSSList: [fxgl_dark.css]
01:21:07.546 [FXGL Background Thread 3 ] DEBUG Engine               - collisionDetectionStrategy: BRUTE_FORCE
01:21:07.546 [FXGL Background Thread 3 ] DEBUG Engine               - configClass: Optional.empty
01:21:07.546 [FXGL Background Thread 3 ] DEBUG Engine               - credits: []
01:21:07.547 [FXGL Background Thread 3 ] DEBUG Engine               - defaultCursor: CursorInfo(imageName=fxgl_default_cursor.png, hotspotX=7.0, hotspotY=6.0)
01:21:07.547 [FXGL Background Thread 3 ] DEBUG Engine               - devBBoxColorProperty: ObjectProperty [value: 0xff0000ff]
01:21:07.547 [FXGL Background Thread 3 ] DEBUG Engine               - devEnableDebugCameraProperty: BooleanProperty [value: false]
01:21:07.547 [FXGL Background Thread 3 ] DEBUG Engine               - devSensorColorProperty: ObjectProperty [value: 0xffff00ff]
01:21:07.547 [FXGL Background Thread 3 ] DEBUG Engine               - devShowBBoxProperty: BooleanProperty [value: false]
01:21:07.547 [FXGL Background Thread 3 ] DEBUG Engine               - devShowPositionProperty: BooleanProperty [value: false]
01:21:07.548 [FXGL Background Thread 3 ] DEBUG Engine               - enabledMenuItems: []
01:21:07.548 [FXGL Background Thread 3 ] DEBUG Engine               - engineServices: [class com.almasb.fxgl.app.services.FXGLAssetLoaderService, class com.almasb.fxgl.app.FXGLApplication$GameApplicationService, class com.almasb.fxgl.app.services.FXGLDialogService, class com.almasb.fxgl.app.services.IOTaskExecutorService, class com.almasb.fxgl.io.FileSystemService, class com.almasb.fxgl.localization.LocalizationService, class com.almasb.fxgl.app.services.SystemBundleService, class com.almasb.fxgl.profile.SaveLoadService, class com.almasb.fxgl.ui.FXGLUIFactoryServiceProvider, class com.almasb.fxgl.ui.FXGLDialogFactoryServiceProvider, class com.almasb.fxgl.audio.AudioPlayer, class com.almasb.fxgl.notification.impl.NotificationServiceProvider, class com.almasb.fxgl.achievement.AchievementService, class com.almasb.fxgl.cutscene.CutsceneService, class com.almasb.fxgl.minigames.MiniGameService, class com.almasb.fxgl.net.NetService, class com.almasb.fxgl.app.services.UpdaterService, class com.almasb.fxgl.dev.DevService]
01:21:07.548 [FXGL Background Thread 3 ] DEBUG Engine               - fontGame: Abel-Regular.ttf
01:21:07.548 [FXGL Background Thread 3 ] DEBUG Engine               - fontMono: TerminalLandMono-Regular.otf
01:21:07.548 [FXGL Background Thread 3 ] DEBUG Engine               - fontText: Courier-Prime.ttf
01:21:07.548 [FXGL Background Thread 3 ] DEBUG Engine               - fontUI: VarelaRound-Regular.ttf
01:21:07.548 [FXGL Background Thread 3 ] DEBUG Engine               - fullScreen: BooleanProperty [value: false]
01:21:07.548 [FXGL Background Thread 3 ] DEBUG Engine               - gameDifficulty: MEDIUM
01:21:07.548 [FXGL Background Thread 3 ] DEBUG Engine               - gameDifficultyProperty: ObjectProperty [value: MEDIUM]
01:21:07.548 [FXGL Background Thread 3 ] DEBUG Engine               - globalMusicVolume: 0.5
01:21:07.549 [FXGL Background Thread 3 ] DEBUG Engine               - globalMusicVolumeProperty: DoubleProperty [value: 0.5]
01:21:07.549 [FXGL Background Thread 3 ] DEBUG Engine               - globalSoundVolume: 0.5
01:21:07.549 [FXGL Background Thread 3 ] DEBUG Engine               - globalSoundVolumeProperty: DoubleProperty [value: 0.5]
01:21:07.549 [FXGL Background Thread 3 ] DEBUG Engine               - height: 960
01:21:07.549 [FXGL Background Thread 3 ] DEBUG Engine               - is3D: false
01:21:07.549 [FXGL Background Thread 3 ] DEBUG Engine               - isAndroid: false
01:21:07.549 [FXGL Background Thread 3 ] DEBUG Engine               - isBrowser: false
01:21:07.549 [FXGL Background Thread 3 ] DEBUG Engine               - isClickFeedbackEnabled: false
01:21:07.549 [FXGL Background Thread 3 ] DEBUG Engine               - isCloseConfirmation: false
01:21:07.549 [FXGL Background Thread 3 ] DEBUG Engine               - isDesktop: true
01:21:07.549 [FXGL Background Thread 3 ] DEBUG Engine               - isDeveloperMenuEnabled: false
01:21:07.550 [FXGL Background Thread 3 ] DEBUG Engine               - isEmbedded: false
01:21:07.550 [FXGL Background Thread 3 ] DEBUG Engine               - isEntityPreloadEnabled: true
01:21:07.550 [FXGL Background Thread 3 ] DEBUG Engine               - isExperimentalTiledLargeMap: false
01:21:07.550 [FXGL Background Thread 3 ] DEBUG Engine               - isFileSystemWriteAllowed: true
01:21:07.550 [FXGL Background Thread 3 ] DEBUG Engine               - isFullScreenAllowed: false
01:21:07.550 [FXGL Background Thread 3 ] DEBUG Engine               - isFullScreenFromStart: false
01:21:07.550 [FXGL Background Thread 3 ] DEBUG Engine               - isGameMenuEnabled: true
01:21:07.550 [FXGL Background Thread 3 ] DEBUG Engine               - isIOS: false
01:21:07.551 [FXGL Background Thread 3 ] DEBUG Engine               - isIntroEnabled: false
01:21:07.551 [FXGL Background Thread 3 ] DEBUG Engine               - isLinux: false
01:21:07.551 [FXGL Background Thread 3 ] DEBUG Engine               - isMac: false
01:21:07.551 [FXGL Background Thread 3 ] DEBUG Engine               - isMainMenuEnabled: false
01:21:07.551 [FXGL Background Thread 3 ] DEBUG Engine               - isManualResizeEnabled: false
01:21:07.551 [FXGL Background Thread 3 ] DEBUG Engine               - isMobile: false
01:21:07.551 [FXGL Background Thread 3 ] DEBUG Engine               - isNative: false
01:21:07.551 [FXGL Background Thread 3 ] DEBUG Engine               - isPauseMusicWhenMinimized: true
01:21:07.551 [FXGL Background Thread 3 ] DEBUG Engine               - isPreserveResizeRatio: false
01:21:07.551 [FXGL Background Thread 3 ] DEBUG Engine               - isProfilingEnabled: false
01:21:07.551 [FXGL Background Thread 3 ] DEBUG Engine               - isScaleAffectedOnResize: true
01:21:07.551 [FXGL Background Thread 3 ] DEBUG Engine               - isSingleStep: false
01:21:07.552 [FXGL Background Thread 3 ] DEBUG Engine               - isUserProfileEnabled: false
01:21:07.552 [FXGL Background Thread 3 ] DEBUG Engine               - isWindows: true
01:21:07.552 [FXGL Background Thread 3 ] DEBUG Engine               - language: ObjectProperty [value: ENGLISH]
01:21:07.552 [FXGL Background Thread 3 ] DEBUG Engine               - menuKey: ESCAPE
01:21:07.552 [FXGL Background Thread 3 ] DEBUG Engine               - mouseSensitivity: 0.2
01:21:07.552 [FXGL Background Thread 3 ] DEBUG Engine               - notificationViewClass: class com.almasb.fxgl.notification.view.XboxNotificationView
01:21:07.552 [FXGL Background Thread 3 ] DEBUG Engine               - pixelsPerMeter: 50.0
01:21:07.552 [FXGL Background Thread 3 ] DEBUG Engine               - platform: WINDOWS
01:21:07.552 [FXGL Background Thread 3 ] DEBUG Engine               - prefHeightProperty: ReadOnlyDoubleProperty [value: 960.0]
01:21:07.552 [FXGL Background Thread 3 ] DEBUG Engine               - prefWidthProperty: ReadOnlyDoubleProperty [value: 1280.0]
01:21:07.552 [FXGL Background Thread 3 ] DEBUG Engine               - profileDir: profiles/
01:21:07.553 [FXGL Background Thread 3 ] DEBUG Engine               - profileName: StringProperty [value: DEFAULT]
01:21:07.553 [FXGL Background Thread 3 ] DEBUG Engine               - randomSeed: -1
01:21:07.553 [FXGL Background Thread 3 ] DEBUG Engine               - runtimeInfo: RuntimeInfo(platform=WINDOWS, version=17.2, build=20.08.2022 16.50)
01:21:07.553 [FXGL Background Thread 3 ] DEBUG Engine               - saveFileExt: sav
01:21:07.553 [FXGL Background Thread 3 ] DEBUG Engine               - scaledHeightProp$fxgl: DoubleProperty [bound, value: 960.0]
01:21:07.553 [FXGL Background Thread 3 ] DEBUG Engine               - scaledWidthProp$fxgl: DoubleProperty [bound, value: 1280.0]
01:21:07.553 [FXGL Background Thread 3 ] DEBUG Engine               - sceneFactory: com.almasb.fxgl.app.scene.SceneFactory@7c81d402
01:21:07.554 [FXGL Background Thread 3 ] DEBUG Engine               - secondsIn24h: 60
01:21:07.554 [FXGL Background Thread 3 ] DEBUG Engine               - soundMenuBack: menu/back.wav
01:21:07.554 [FXGL Background Thread 3 ] DEBUG Engine               - soundMenuPress: menu/press.wav
01:21:07.554 [FXGL Background Thread 3 ] DEBUG Engine               - soundMenuSelect: menu/select.wav
01:21:07.554 [FXGL Background Thread 3 ] DEBUG Engine               - soundNotification: core/notification.wav
01:21:07.554 [FXGL Background Thread 3 ] DEBUG Engine               - stageStyle: DECORATED
01:21:07.554 [FXGL Background Thread 3 ] DEBUG Engine               - supportedLanguages: [ENGLISH, FRENCH, GERMAN, HUNGARIAN, RUSSIAN]
01:21:07.554 [FXGL Background Thread 3 ] DEBUG Engine               - ticksPerSecond: -1
01:21:07.554 [FXGL Background Thread 3 ] DEBUG Engine               - title: Untitled
01:21:07.554 [FXGL Background Thread 3 ] DEBUG Engine               - urlGithub: https://github.com/AlmasB/FXGL
01:21:07.554 [FXGL Background Thread 3 ] DEBUG Engine               - urlLeaderboard: http://fxgl-top.herokuapp.com/
01:21:07.555 [FXGL Background Thread 3 ] DEBUG Engine               - urlPOM: https://raw.githubusercontent.com/AlmasB/FXGL/release/README.md
01:21:07.555 [FXGL Background Thread 3 ] DEBUG Engine               - userAppClass: class com.example.otherfxgltest.HelloApplication
01:21:07.555 [FXGL Background Thread 3 ] DEBUG Engine               - version: 0.0
01:21:07.555 [FXGL Background Thread 3 ] DEBUG Engine               - versionCheckDays: 7
01:21:07.555 [FXGL Background Thread 3 ] DEBUG Engine               - width: 1280
01:21:07.555 [FXGL Background Thread 3 ] DEBUG Engine               - Logging services
01:21:07.555 [FXGL Background Thread 3 ] DEBUG Engine               - class com.almasb.fxgl.app.services.FXGLAssetLoaderService
01:21:07.555 [FXGL Background Thread 3 ] DEBUG Engine               - class com.almasb.fxgl.app.FXGLApplication$GameApplicationService
01:21:07.555 [FXGL Background Thread 3 ] DEBUG Engine               - class com.almasb.fxgl.app.services.FXGLDialogService
01:21:07.555 [FXGL Background Thread 3 ] DEBUG Engine               - class com.almasb.fxgl.app.services.IOTaskExecutorService
01:21:07.555 [FXGL Background Thread 3 ] DEBUG Engine               - class com.almasb.fxgl.io.FileSystemService
01:21:07.555 [FXGL Background Thread 3 ] DEBUG Engine               - class com.almasb.fxgl.localization.LocalizationService
01:21:07.555 [FXGL Background Thread 3 ] DEBUG Engine               - class com.almasb.fxgl.app.services.SystemBundleService
01:21:07.556 [FXGL Background Thread 3 ] DEBUG Engine               - class com.almasb.fxgl.profile.SaveLoadService
01:21:07.556 [FXGL Background Thread 3 ] DEBUG Engine               - class com.almasb.fxgl.ui.FXGLUIFactoryServiceProvider
01:21:07.556 [FXGL Background Thread 3 ] DEBUG Engine               - class com.almasb.fxgl.ui.FXGLDialogFactoryServiceProvider
01:21:07.556 [FXGL Background Thread 3 ] DEBUG Engine               - class com.almasb.fxgl.audio.AudioPlayer
01:21:07.556 [FXGL Background Thread 3 ] DEBUG Engine               - class com.almasb.fxgl.notification.impl.NotificationServiceProvider
01:21:07.556 [FXGL Background Thread 3 ] DEBUG Engine               - class com.almasb.fxgl.achievement.AchievementService
01:21:07.556 [FXGL Background Thread 3 ] DEBUG Engine               - class com.almasb.fxgl.cutscene.CutsceneService
01:21:07.556 [FXGL Background Thread 3 ] DEBUG Engine               - class com.almasb.fxgl.minigames.MiniGameService
01:21:07.556 [FXGL Background Thread 3 ] DEBUG Engine               - class com.almasb.fxgl.net.NetService
01:21:07.556 [FXGL Background Thread 3 ] DEBUG Engine               - class com.almasb.fxgl.app.services.UpdaterService
01:21:07.556 [FXGL Background Thread 3 ] DEBUG Engine               - class com.almasb.fxgl.dev.DevService
01:21:12.175 [JavaFX Application Thread] DEBUG LoopRunner           - Stopping loop
01:21:12.178 [JavaFX Application Thread] FATAL FXGLApplication      - Uncaught Exception:
java.util.NoSuchElementException: No entity found satisfying the predicate
	at com.almasb.fxgl.entity.GameWorld.getSingleton(GameWorld.kt:440)
	at com.almasb.fxgl.entity.GameWorld.getSingleton(GameWorld.kt:436)
	at com.example.otherfxgltest.GameFactory.newBullet(GameFactory.java:58)
	at java.base/jdk.internal.reflect.NativeMethodAccessorImpl.invoke0(Native Method)
	at java.base/jdk.internal.reflect.NativeMethodAccessorImpl.invoke(NativeMethodAccessorImpl.java:77)
	at java.base/jdk.internal.reflect.DelegatingMethodAccessorImpl.invoke(DelegatingMethodAccessorImpl.java:43)
	at java.base/java.lang.reflect.Method.invoke(Method.java:568)
	at com.almasb.fxgl.core.reflect.ReflectionUtils.call(ReflectionUtils.java:104)
	at com.almasb.fxgl.core.reflect.ReflectionUtils.lambda$mapToFunction$3(ReflectionUtils.java:111)
	at com.almasb.fxgl.entity.GameWorld$create$2.invoke(GameWorld.kt:430)
	at com.almasb.fxgl.entity.GameWorld$create$2.invoke(GameWorld.kt:430)
	at com.almasb.fxgl.core.util.DSLKt.tryCatchRoot(DSL.kt:34)
	at com.almasb.fxgl.entity.GameWorld.create(GameWorld.kt:430)
	at com.almasb.fxgl.entity.GameWorld.spawn(GameWorld.kt:396)
	at com.almasb.fxgl.entity.GameWorld.spawn(GameWorld.kt:384)
	at com.almasb.fxgl.entity.GameWorld.spawn(GameWorld.kt:371)
	at com.almasb.fxgl.dsl.FXGL$Companion.spawn(FXGL.kt:561)
	at com.almasb.fxgl.dsl.FXGL.spawn(FXGL.kt)
	at com.example.otherfxgltest.HelloApplication.lambda$initInput$4(HelloApplication.java:29)
	at com.almasb.fxgl.dsl.FXGL$Companion$onBtnDown$1.onActionBegin(FXGL.kt:524)
	at com.almasb.fxgl.input.UserAction.begin$fxgl_core(UserAction.kt:37)
	at com.almasb.fxgl.input.Input.handlePressed(Input.kt:375)
	at com.almasb.fxgl.input.Input.onMouseEvent(Input.kt:339)
	at com.almasb.fxgl.input.Input.onMouseEvent(Input.kt:328)
	at com.almasb.fxgl.app.PrimaryStageWindow$2$1.invoke(MainWindow.kt:313)
	at com.almasb.fxgl.app.PrimaryStageWindow$2$1.invoke(MainWindow.kt:313)
	at com.almasb.fxgl.core.fsm.StateMachine.runOnActiveStates(StateMachine.kt:69)
	at com.almasb.fxgl.app.PrimaryStageWindow$2.invoke(MainWindow.kt:313)
	at com.almasb.fxgl.app.PrimaryStageWindow$2.invoke(MainWindow.kt:311)
	at com.almasb.fxgl.app.MainWindow.addMouseHandler$lambda-2(MainWindow.kt:237)
	at com.sun.javafx.event.CompositeEventHandler$NormalEventHandlerRecord.handleBubblingEvent(CompositeEventHandler.java:247)
	at com.sun.javafx.event.CompositeEventHandler.dispatchBubblingEvent(CompositeEventHandler.java:80)
	at com.sun.javafx.event.EventHandlerManager.dispatchBubblingEvent(EventHandlerManager.java:234)
	at com.sun.javafx.event.EventHandlerManager.dispatchBubblingEvent(EventHandlerManager.java:191)
	at com.sun.javafx.event.CompositeEventDispatcher.dispatchBubblingEvent(CompositeEventDispatcher.java:59)
	at com.sun.javafx.event.BasicEventDispatcher.dispatchEvent(BasicEventDispatcher.java:58)
	at com.sun.javafx.event.EventDispatchChainImpl.dispatchEvent(EventDispatchChainImpl.java:114)
	at com.sun.javafx.event.BasicEventDispatcher.dispatchEvent(BasicEventDispatcher.java:56)
	at com.sun.javafx.event.EventDispatchChainImpl.dispatchEvent(EventDispatchChainImpl.java:114)
	at com.sun.javafx.event.EventUtil.fireEventImpl(EventUtil.java:74)
	at com.sun.javafx.event.EventUtil.fireEvent(EventUtil.java:54)
	at javafx.event.Event.fireEvent(Event.java:198)
	at javafx.scene.Scene$MouseHandler.process(Scene.java:3897)
	at javafx.scene.Scene.processMouseEvent(Scene.java:1878)
	at javafx.scene.Scene$ScenePeerListener.mouseEvent(Scene.java:2623)
	at com.sun.javafx.tk.quantum.GlassViewEventHandler$MouseEventNotification.run(GlassViewEventHandler.java:411)
	at com.sun.javafx.tk.quantum.GlassViewEventHandler$MouseEventNotification.run(GlassViewEventHandler.java:301)
	at java.base/java.security.AccessController.doPrivileged(AccessController.java:399)
	at com.sun.javafx.tk.quantum.GlassViewEventHandler.lambda$handleMouseEvent$2(GlassViewEventHandler.java:450)
	at com.sun.javafx.tk.quantum.QuantumToolkit.runWithoutRenderLock(QuantumToolkit.java:424)
	at com.sun.javafx.tk.quantum.GlassViewEventHandler.handleMouseEvent(GlassViewEventHandler.java:449)
	at com.sun.glass.ui.View.handleMouseEvent(View.java:557)
	at com.sun.glass.ui.View.notifyMouse(View.java:943)
	at com.sun.glass.ui.win.WinApplication._runLoop(Native Method)
	at com.sun.glass.ui.win.WinApplication.lambda$runLoop$3(WinApplication.java:184)
	at java.base/java.lang.Thread.run(Thread.java:833)

01:21:12.178 [JavaFX Application Thread] FATAL FXGLApplication      - Application will now exit
01:21:12.209 [JavaFX Application Thread] DEBUG PrimaryStageWindow   - Push state: ErrorSubScene
01:21:12.209 [JavaFX Application Thread] DEBUG Input                - Clearing active input actions
01:21:12.217 [JavaFX Application Thread] DEBUG GameApplicationServi - Removing overlay from GameScene and adding to ErrorSubScene
01:21:12.218 [JavaFX Application Thread] DEBUG PrimaryStageWindow   - GameScene -> ErrorSubScene
01:21:14.164 [JavaFX Application Thread] DEBUG FXGLApplication      - Exiting FXGL
01:21:14.164 [JavaFX Application Thread] DEBUG Async                - Shutting down background threads
01:21:14.164 [JavaFX Application Thread] DEBUG PrimaryStageWindow   - Closing main window
01:21:14.172 [JavaFX Application Thread] DEBUG Logger               - Closing Logger
